[0.037s] Invoking command in '/home/pk/dev_ws/build/my_package': CMAKE_PREFIX_PATH=${CMAKE_PREFIX_PATH}:/home/pk/dev_ws/install/py_pubsub:/opt/ros/foxy /usr/bin/cmake --build /home/pk/dev_ws/build/my_package -- -j8 -l8
[0.353s] Invoked command in '/home/pk/dev_ws/build/my_package' returned '0': CMAKE_PREFIX_PATH=${CMAKE_PREFIX_PATH}:/home/pk/dev_ws/install/py_pubsub:/opt/ros/foxy /usr/bin/cmake --build /home/pk/dev_ws/build/my_package -- -j8 -l8
[0.396s] Invoking command in '/home/pk/dev_ws/build/my_package': CMAKE_PREFIX_PATH=${CMAKE_PREFIX_PATH}:/home/pk/dev_ws/install/py_pubsub:/opt/ros/foxy /usr/bin/cmake --install /home/pk/dev_ws/build/my_package
[0.414s] -- Install configuration: ""
[0.414s] -- Execute custom install script
[0.415s] -- Up-to-date symlink: /home/pk/dev_ws/install/my_package/share/ament_index/resource_index/package_run_dependencies/my_package
[0.415s] -- Up-to-date symlink: /home/pk/dev_ws/install/my_package/share/ament_index/resource_index/parent_prefix_path/my_package
[0.416s] -- Up-to-date symlink: /home/pk/dev_ws/install/my_package/share/my_package/environment/ament_prefix_path.sh
[0.416s] -- Up-to-date symlink: /home/pk/dev_ws/install/my_package/share/my_package/environment/ament_prefix_path.dsv
[0.417s] -- Up-to-date symlink: /home/pk/dev_ws/install/my_package/share/my_package/environment/path.sh
[0.418s] -- Up-to-date symlink: /home/pk/dev_ws/install/my_package/share/my_package/environment/path.dsv
[0.418s] -- Up-to-date symlink: /home/pk/dev_ws/install/my_package/share/my_package/local_setup.bash
[0.418s] -- Up-to-date symlink: /home/pk/dev_ws/install/my_package/share/my_package/local_setup.sh
[0.419s] -- Up-to-date symlink: /home/pk/dev_ws/install/my_package/share/my_package/local_setup.zsh
[0.419s] -- Up-to-date symlink: /home/pk/dev_ws/install/my_package/share/my_package/local_setup.dsv
[0.420s] -- Symlinking: /home/pk/dev_ws/install/my_package/share/my_package/package.dsv
[0.440s] -- Up-to-date symlink: /home/pk/dev_ws/install/my_package/share/ament_index/resource_index/packages/my_package
[0.441s] -- Up-to-date symlink: /home/pk/dev_ws/install/my_package/share/my_package/cmake/my_packageConfig.cmake
[0.441s] -- Up-to-date symlink: /home/pk/dev_ws/install/my_package/share/my_package/cmake/my_packageConfig-version.cmake
[0.442s] -- Up-to-date symlink: /home/pk/dev_ws/install/my_package/share/my_package/package.xml
[0.472s] Invoked command in '/home/pk/dev_ws/build/my_package' returned '0': CMAKE_PREFIX_PATH=${CMAKE_PREFIX_PATH}:/home/pk/dev_ws/install/py_pubsub:/opt/ros/foxy /usr/bin/cmake --install /home/pk/dev_ws/build/my_package
