[0.688s] Invoking command in '/home/pk/dev_ws/src/py_pubsub': PYTHONPATH=/home/pk/dev_ws/install/py_pubsub/lib/python3.8/site-packages:${PYTHONPATH} /usr/bin/python3 setup.py egg_info --egg-base ../../build/py_pubsub build --build-base /home/pk/dev_ws/build/py_pubsub/build install --prefix /home/pk/dev_ws/install/py_pubsub --record /home/pk/dev_ws/build/py_pubsub/install.log --single-version-externally-managed
[0.918s] running egg_info
[0.918s] writing ../../build/py_pubsub/py_pubsub.egg-info/PKG-INFO
[0.919s] writing dependency_links to ../../build/py_pubsub/py_pubsub.egg-info/dependency_links.txt
[0.919s] writing entry points to ../../build/py_pubsub/py_pubsub.egg-info/entry_points.txt
[0.919s] writing requirements to ../../build/py_pubsub/py_pubsub.egg-info/requires.txt
[0.919s] writing top-level names to ../../build/py_pubsub/py_pubsub.egg-info/top_level.txt
[0.958s] reading manifest file '../../build/py_pubsub/py_pubsub.egg-info/SOURCES.txt'
[0.959s] writing manifest file '../../build/py_pubsub/py_pubsub.egg-info/SOURCES.txt'
[0.959s] running build
[0.960s] running build_py
[0.960s] copying py_pubsub/subscriber_member_function.py -> /home/pk/dev_ws/build/py_pubsub/build/lib/py_pubsub
[0.960s] running install
[0.961s] running install_lib
[0.961s] copying /home/pk/dev_ws/build/py_pubsub/build/lib/py_pubsub/subscriber_member_function.py -> /home/pk/dev_ws/install/py_pubsub/lib/python3.8/site-packages/py_pubsub
[0.962s] byte-compiling /home/pk/dev_ws/install/py_pubsub/lib/python3.8/site-packages/py_pubsub/subscriber_member_function.py to subscriber_member_function.cpython-38.pyc
[0.964s] running install_data
[0.964s] running install_egg_info
[0.966s] removing '/home/pk/dev_ws/install/py_pubsub/lib/python3.8/site-packages/py_pubsub-0.0.0-py3.8.egg-info' (and everything under it)
[0.966s] Copying ../../build/py_pubsub/py_pubsub.egg-info to /home/pk/dev_ws/install/py_pubsub/lib/python3.8/site-packages/py_pubsub-0.0.0-py3.8.egg-info
[0.967s] running install_scripts
[0.984s] Installing listener script to /home/pk/dev_ws/install/py_pubsub/lib/py_pubsub
[0.984s] Installing talker script to /home/pk/dev_ws/install/py_pubsub/lib/py_pubsub
[0.984s] writing list of installed files to '/home/pk/dev_ws/build/py_pubsub/install.log'
[1.008s] Invoked command in '/home/pk/dev_ws/src/py_pubsub' returned '0': PYTHONPATH=/home/pk/dev_ws/install/py_pubsub/lib/python3.8/site-packages:${PYTHONPATH} /usr/bin/python3 setup.py egg_info --egg-base ../../build/py_pubsub build --build-base /home/pk/dev_ws/build/py_pubsub/build install --prefix /home/pk/dev_ws/install/py_pubsub --record /home/pk/dev_ws/build/py_pubsub/install.log --single-version-externally-managed
