[0.758s] Invoking command in '/home/pk/dev_ws/src/py_pubsub': PYTHONPATH=/home/pk/dev_ws/install/py_pubsub/lib/python3.8/site-packages:${PYTHONPATH} /usr/bin/python3 setup.py egg_info --egg-base ../../build/py_pubsub build --build-base /home/pk/dev_ws/build/py_pubsub/build install --prefix /home/pk/dev_ws/install/py_pubsub --record /home/pk/dev_ws/build/py_pubsub/install.log --single-version-externally-managed
[1.002s] running egg_info
[1.002s] writing ../../build/py_pubsub/py_pubsub.egg-info/PKG-INFO
[1.003s] writing dependency_links to ../../build/py_pubsub/py_pubsub.egg-info/dependency_links.txt
[1.003s] writing entry points to ../../build/py_pubsub/py_pubsub.egg-info/entry_points.txt
[1.003s] writing requirements to ../../build/py_pubsub/py_pubsub.egg-info/requires.txt
[1.003s] writing top-level names to ../../build/py_pubsub/py_pubsub.egg-info/top_level.txt
[1.046s] reading manifest file '../../build/py_pubsub/py_pubsub.egg-info/SOURCES.txt'
[1.048s] writing manifest file '../../build/py_pubsub/py_pubsub.egg-info/SOURCES.txt'
[1.049s] running build
[1.050s] running build_py
[1.050s] copying py_pubsub/subscriber_member_function.py -> /home/pk/dev_ws/build/py_pubsub/build/lib/py_pubsub
[1.050s] running install
[1.051s] running install_lib
[1.052s] copying /home/pk/dev_ws/build/py_pubsub/build/lib/py_pubsub/subscriber_member_function.py -> /home/pk/dev_ws/install/py_pubsub/lib/python3.8/site-packages/py_pubsub
[1.053s] byte-compiling /home/pk/dev_ws/install/py_pubsub/lib/python3.8/site-packages/py_pubsub/subscriber_member_function.py to subscriber_member_function.cpython-38.pyc
[1.055s] running install_data
[1.055s] running install_egg_info
[1.057s] removing '/home/pk/dev_ws/install/py_pubsub/lib/python3.8/site-packages/py_pubsub-0.0.0-py3.8.egg-info' (and everything under it)
[1.057s] Copying ../../build/py_pubsub/py_pubsub.egg-info to /home/pk/dev_ws/install/py_pubsub/lib/python3.8/site-packages/py_pubsub-0.0.0-py3.8.egg-info
[1.058s] running install_scripts
[1.080s] Installing listener script to /home/pk/dev_ws/install/py_pubsub/lib/py_pubsub
[1.080s] Installing talker script to /home/pk/dev_ws/install/py_pubsub/lib/py_pubsub
[1.081s] writing list of installed files to '/home/pk/dev_ws/build/py_pubsub/install.log'
[1.116s] Invoked command in '/home/pk/dev_ws/src/py_pubsub' returned '0': PYTHONPATH=/home/pk/dev_ws/install/py_pubsub/lib/python3.8/site-packages:${PYTHONPATH} /usr/bin/python3 setup.py egg_info --egg-base ../../build/py_pubsub build --build-base /home/pk/dev_ws/build/py_pubsub/build install --prefix /home/pk/dev_ws/install/py_pubsub --record /home/pk/dev_ws/build/py_pubsub/install.log --single-version-externally-managed
