[0.700s] Invoking command in '/home/pk/dev_ws/src/py_pubsub': PYTHONPATH=/home/pk/dev_ws/install/py_pubsub/lib/python3.8/site-packages:${PYTHONPATH} /usr/bin/python3 setup.py egg_info --egg-base ../../build/py_pubsub build --build-base /home/pk/dev_ws/build/py_pubsub/build install --prefix /home/pk/dev_ws/install/py_pubsub --record /home/pk/dev_ws/build/py_pubsub/install.log --single-version-externally-managed
[0.930s] running egg_info
[0.930s] writing ../../build/py_pubsub/py_pubsub.egg-info/PKG-INFO
[0.931s] writing dependency_links to ../../build/py_pubsub/py_pubsub.egg-info/dependency_links.txt
[0.931s] writing entry points to ../../build/py_pubsub/py_pubsub.egg-info/entry_points.txt
[0.931s] writing requirements to ../../build/py_pubsub/py_pubsub.egg-info/requires.txt
[0.931s] writing top-level names to ../../build/py_pubsub/py_pubsub.egg-info/top_level.txt
[0.966s] reading manifest file '../../build/py_pubsub/py_pubsub.egg-info/SOURCES.txt'
[0.967s] writing manifest file '../../build/py_pubsub/py_pubsub.egg-info/SOURCES.txt'
[0.967s] running build
[0.967s] running build_py
[0.967s] copying py_pubsub/subscriber_member_function.py -> /home/pk/dev_ws/build/py_pubsub/build/lib/py_pubsub
[0.968s] running install
[0.968s] running install_lib
[0.969s] copying /home/pk/dev_ws/build/py_pubsub/build/lib/py_pubsub/subscriber_member_function.py -> /home/pk/dev_ws/install/py_pubsub/lib/python3.8/site-packages/py_pubsub
[0.970s] byte-compiling /home/pk/dev_ws/install/py_pubsub/lib/python3.8/site-packages/py_pubsub/subscriber_member_function.py to subscriber_member_function.cpython-38.pyc
[0.971s] running install_data
[0.972s] running install_egg_info
[0.973s] removing '/home/pk/dev_ws/install/py_pubsub/lib/python3.8/site-packages/py_pubsub-0.0.0-py3.8.egg-info' (and everything under it)
[0.974s] Copying ../../build/py_pubsub/py_pubsub.egg-info to /home/pk/dev_ws/install/py_pubsub/lib/python3.8/site-packages/py_pubsub-0.0.0-py3.8.egg-info
[0.974s] running install_scripts
[0.991s] Installing listener script to /home/pk/dev_ws/install/py_pubsub/lib/py_pubsub
[0.991s] Installing talker script to /home/pk/dev_ws/install/py_pubsub/lib/py_pubsub
[0.991s] writing list of installed files to '/home/pk/dev_ws/build/py_pubsub/install.log'
[1.017s] Invoked command in '/home/pk/dev_ws/src/py_pubsub' returned '0': PYTHONPATH=/home/pk/dev_ws/install/py_pubsub/lib/python3.8/site-packages:${PYTHONPATH} /usr/bin/python3 setup.py egg_info --egg-base ../../build/py_pubsub build --build-base /home/pk/dev_ws/build/py_pubsub/build install --prefix /home/pk/dev_ws/install/py_pubsub --record /home/pk/dev_ws/build/py_pubsub/install.log --single-version-externally-managed
