[0.043s] Invoking command in '/home/pk/dev_ws/build/articubot_one': CMAKE_PREFIX_PATH=${CMAKE_PREFIX_PATH}:/opt/ros/foxy /usr/bin/cmake /home/pk/dev_ws/src/articubot_one -DCMAKE_INSTALL_PREFIX=/home/pk/dev_ws/install/articubot_one
[0.130s] -- Found ament_cmake: 0.9.9 (/opt/ros/foxy/share/ament_cmake/cmake)
[0.162s] -- Using PYTHON_EXECUTABLE: /usr/bin/python3
[0.401s] -- Override CMake install command with custom implementation using symlinks instead of copying resources
[0.429s] -- Found ament_lint_auto: 0.9.6 (/opt/ros/foxy/share/ament_lint_auto/cmake)
[0.520s] -- Added test 'copyright' to check source files copyright and LICENSE
[0.536s] -- Added test 'cppcheck' to perform static code analysis on C / C++ code
[0.536s] -- Configured cppcheck include dirs: 
[0.536s] -- Configured cppcheck exclude dirs and/or files: 
[0.546s] -- Added test 'cpplint' to check C / C++ code against the Google style
[0.546s] -- Configured cpplint exclude dirs and/or files: 
[0.547s] -- Added test 'flake8' to check Python code syntax and style conventions
[0.550s] -- Added test 'lint_cmake' to check CMake code style
[0.552s] -- Added test 'pep257' to check Python code against some of the style conventions in PEP 257
[0.561s] -- Added test 'uncrustify' to check C / C++ code style
[0.561s] -- Configured uncrustify additional arguments: 
[0.563s] -- Added test 'xmllint' to check XML markup files
[0.565s] -- Configuring done
[0.569s] -- Generating done
[0.570s] -- Build files have been written to: /home/pk/dev_ws/build/articubot_one
[0.573s] Invoked command in '/home/pk/dev_ws/build/articubot_one' returned '0': CMAKE_PREFIX_PATH=${CMAKE_PREFIX_PATH}:/opt/ros/foxy /usr/bin/cmake /home/pk/dev_ws/src/articubot_one -DCMAKE_INSTALL_PREFIX=/home/pk/dev_ws/install/articubot_one
[0.577s] Invoking command in '/home/pk/dev_ws/build/articubot_one': CMAKE_PREFIX_PATH=${CMAKE_PREFIX_PATH}:/opt/ros/foxy /usr/bin/cmake --build /home/pk/dev_ws/build/articubot_one -- -j8 -l8
[0.634s] Invoked command in '/home/pk/dev_ws/build/articubot_one' returned '0': CMAKE_PREFIX_PATH=${CMAKE_PREFIX_PATH}:/opt/ros/foxy /usr/bin/cmake --build /home/pk/dev_ws/build/articubot_one -- -j8 -l8
[0.662s] Invoking command in '/home/pk/dev_ws/build/articubot_one': CMAKE_PREFIX_PATH=${CMAKE_PREFIX_PATH}:/opt/ros/foxy /usr/bin/cmake --install /home/pk/dev_ws/build/articubot_one
[0.672s] -- Install configuration: ""
[0.672s] -- Execute custom install script
[0.673s] -- Up-to-date symlink: /home/pk/dev_ws/install/articubot_one/share/articubot_one/config/drive_bot.rviz
[0.673s] -- Up-to-date symlink: /home/pk/dev_ws/install/articubot_one/share/articubot_one/config/empty.yaml
[0.674s] -- Up-to-date symlink: /home/pk/dev_ws/install/articubot_one/share/articubot_one/config/view_bot.rviz
[0.675s] -- Up-to-date symlink: /home/pk/dev_ws/install/articubot_one/share/articubot_one/description/gazebo_control.xacro
[0.675s] -- Up-to-date symlink: /home/pk/dev_ws/install/articubot_one/share/articubot_one/description/inertial_macros.xacro
[0.675s] -- Up-to-date symlink: /home/pk/dev_ws/install/articubot_one/share/articubot_one/description/robot.urdf.xacro
[0.676s] -- Up-to-date symlink: /home/pk/dev_ws/install/articubot_one/share/articubot_one/description/robot_core.xacro
[0.676s] -- Up-to-date symlink: /home/pk/dev_ws/install/articubot_one/share/articubot_one/launch/launch_sim.launch.py
[0.677s] -- Up-to-date symlink: /home/pk/dev_ws/install/articubot_one/share/articubot_one/launch/rsp.launch.py
[0.677s] -- Up-to-date symlink: /home/pk/dev_ws/install/articubot_one/share/articubot_one/worlds/empty.world
[0.677s] -- Up-to-date symlink: /home/pk/dev_ws/install/articubot_one/share/articubot_one/worlds/obstacles.world
[0.677s] -- Up-to-date symlink: /home/pk/dev_ws/install/articubot_one/share/ament_index/resource_index/package_run_dependencies/articubot_one
[0.677s] -- Up-to-date symlink: /home/pk/dev_ws/install/articubot_one/share/ament_index/resource_index/parent_prefix_path/articubot_one
[0.679s] -- Up-to-date symlink: /home/pk/dev_ws/install/articubot_one/share/articubot_one/environment/ament_prefix_path.sh
[0.679s] -- Up-to-date symlink: /home/pk/dev_ws/install/articubot_one/share/articubot_one/environment/ament_prefix_path.dsv
[0.679s] -- Up-to-date symlink: /home/pk/dev_ws/install/articubot_one/share/articubot_one/environment/path.sh
[0.679s] -- Up-to-date symlink: /home/pk/dev_ws/install/articubot_one/share/articubot_one/environment/path.dsv
[0.680s] -- Up-to-date symlink: /home/pk/dev_ws/install/articubot_one/share/articubot_one/local_setup.bash
[0.680s] -- Up-to-date symlink: /home/pk/dev_ws/install/articubot_one/share/articubot_one/local_setup.sh
[0.680s] -- Up-to-date symlink: /home/pk/dev_ws/install/articubot_one/share/articubot_one/local_setup.zsh
[0.681s] -- Up-to-date symlink: /home/pk/dev_ws/install/articubot_one/share/articubot_one/local_setup.dsv
[0.681s] -- Symlinking: /home/pk/dev_ws/install/articubot_one/share/articubot_one/package.dsv
[0.695s] -- Up-to-date symlink: /home/pk/dev_ws/install/articubot_one/share/ament_index/resource_index/packages/articubot_one
[0.695s] -- Up-to-date symlink: /home/pk/dev_ws/install/articubot_one/share/articubot_one/cmake/articubot_oneConfig.cmake
[0.695s] -- Up-to-date symlink: /home/pk/dev_ws/install/articubot_one/share/articubot_one/cmake/articubot_oneConfig-version.cmake
[0.696s] -- Up-to-date symlink: /home/pk/dev_ws/install/articubot_one/share/articubot_one/package.xml
[0.701s] Invoked command in '/home/pk/dev_ws/build/articubot_one' returned '0': CMAKE_PREFIX_PATH=${CMAKE_PREFIX_PATH}:/opt/ros/foxy /usr/bin/cmake --install /home/pk/dev_ws/build/articubot_one
