[0.021s] Invoking command in '/home/pk/dev_ws/build/articubot_one': CMAKE_PREFIX_PATH=/opt/ros/foxy /usr/bin/cmake /home/pk/dev_ws/src/articubot_one -DAMENT_CMAKE_SYMLINK_INSTALL=1 -DCMAKE_INSTALL_PREFIX=/home/pk/dev_ws/install/articubot_one
[0.086s] -- The C compiler identification is GNU 9.4.0
[0.152s] -- The CXX compiler identification is GNU 9.4.0
[0.156s] -- Check for working C compiler: /usr/bin/cc
[0.241s] -- Check for working C compiler: /usr/bin/cc -- works
[0.242s] -- Detecting C compiler ABI info
[0.317s] -- Detecting C compiler ABI info - done
[0.330s] -- Detecting C compile features
[0.330s] -- Detecting C compile features - done
[0.333s] -- Check for working CXX compiler: /usr/bin/c++
[0.422s] -- Check for working CXX compiler: /usr/bin/c++ -- works
[0.423s] -- Detecting CXX compiler ABI info
[0.513s] -- Detecting CXX compiler ABI info - done
[0.530s] -- Detecting CXX compile features
[0.531s] -- Detecting CXX compile features - done
[0.533s] -- Found ament_cmake: 0.9.9 (/opt/ros/foxy/share/ament_cmake/cmake)
[0.572s] -- Found PythonInterp: /usr/bin/python3 (found suitable version "3.8.10", minimum required is "3") 
[0.572s] -- Using PYTHON_EXECUTABLE: /usr/bin/python3
[0.767s] -- Override CMake install command with custom implementation using symlinks instead of copying resources
[0.798s] -- Found ament_lint_auto: 0.9.6 (/opt/ros/foxy/share/ament_lint_auto/cmake)
[0.891s] -- Added test 'copyright' to check source files copyright and LICENSE
[0.908s] -- Added test 'cppcheck' to perform static code analysis on C / C++ code
[0.908s] -- Configured cppcheck include dirs: 
[0.909s] -- Configured cppcheck exclude dirs and/or files: 
[0.923s] -- Added test 'cpplint' to check C / C++ code against the Google style
[0.924s] -- Configured cpplint exclude dirs and/or files: 
[0.925s] -- Added test 'flake8' to check Python code syntax and style conventions
[0.927s] -- Added test 'lint_cmake' to check CMake code style
[0.929s] -- Added test 'pep257' to check Python code against some of the style conventions in PEP 257
[0.938s] -- Added test 'uncrustify' to check C / C++ code style
[0.938s] -- Configured uncrustify additional arguments: 
[0.940s] -- Added test 'xmllint' to check XML markup files
[0.943s] -- Configuring done
[0.945s] -- Generating done
[0.946s] -- Build files have been written to: /home/pk/dev_ws/build/articubot_one
[0.950s] Invoked command in '/home/pk/dev_ws/build/articubot_one' returned '0': CMAKE_PREFIX_PATH=/opt/ros/foxy /usr/bin/cmake /home/pk/dev_ws/src/articubot_one -DAMENT_CMAKE_SYMLINK_INSTALL=1 -DCMAKE_INSTALL_PREFIX=/home/pk/dev_ws/install/articubot_one
[0.953s] Invoking command in '/home/pk/dev_ws/build/articubot_one': CMAKE_PREFIX_PATH=/opt/ros/foxy /usr/bin/cmake --build /home/pk/dev_ws/build/articubot_one -- -j8 -l8
[1.010s] Invoked command in '/home/pk/dev_ws/build/articubot_one' returned '0': CMAKE_PREFIX_PATH=/opt/ros/foxy /usr/bin/cmake --build /home/pk/dev_ws/build/articubot_one -- -j8 -l8
[1.037s] Invoking command in '/home/pk/dev_ws/build/articubot_one': CMAKE_PREFIX_PATH=/opt/ros/foxy /usr/bin/cmake --install /home/pk/dev_ws/build/articubot_one
[1.048s] -- Install configuration: ""
[1.049s] -- Execute custom install script
[1.049s] -- Symlinking: /home/pk/dev_ws/install/articubot_one/share/articubot_one/config/drive_bot.rviz
[1.060s] -- Symlinking: /home/pk/dev_ws/install/articubot_one/share/articubot_one/config/empty.yaml
[1.070s] -- Symlinking: /home/pk/dev_ws/install/articubot_one/share/articubot_one/config/view_bot.rviz
[1.080s] -- Symlinking: /home/pk/dev_ws/install/articubot_one/share/articubot_one/description/gazebo_control.xacro
[1.090s] -- Symlinking: /home/pk/dev_ws/install/articubot_one/share/articubot_one/description/inertial_macros.xacro
[1.099s] -- Symlinking: /home/pk/dev_ws/install/articubot_one/share/articubot_one/description/robot.urdf.xacro
[1.112s] -- Symlinking: /home/pk/dev_ws/install/articubot_one/share/articubot_one/description/robot_core.xacro
[1.123s] -- Symlinking: /home/pk/dev_ws/install/articubot_one/share/articubot_one/launch/launch_sim.launch.py
[1.133s] -- Symlinking: /home/pk/dev_ws/install/articubot_one/share/articubot_one/launch/rsp.launch.py
[1.145s] -- Symlinking: /home/pk/dev_ws/install/articubot_one/share/articubot_one/worlds/empty.world
[1.155s] -- Symlinking: /home/pk/dev_ws/install/articubot_one/share/articubot_one/worlds/obstacles.world
[1.166s] -- Symlinking: /home/pk/dev_ws/install/articubot_one/share/ament_index/resource_index/package_run_dependencies/articubot_one
[1.178s] -- Symlinking: /home/pk/dev_ws/install/articubot_one/share/ament_index/resource_index/parent_prefix_path/articubot_one
[1.188s] -- Symlinking: /home/pk/dev_ws/install/articubot_one/share/articubot_one/environment/ament_prefix_path.sh
[1.199s] -- Symlinking: /home/pk/dev_ws/install/articubot_one/share/articubot_one/environment/ament_prefix_path.dsv
[1.210s] -- Symlinking: /home/pk/dev_ws/install/articubot_one/share/articubot_one/environment/path.sh
[1.221s] -- Symlinking: /home/pk/dev_ws/install/articubot_one/share/articubot_one/environment/path.dsv
[1.233s] -- Symlinking: /home/pk/dev_ws/install/articubot_one/share/articubot_one/local_setup.bash
[1.244s] -- Symlinking: /home/pk/dev_ws/install/articubot_one/share/articubot_one/local_setup.sh
[1.256s] -- Symlinking: /home/pk/dev_ws/install/articubot_one/share/articubot_one/local_setup.zsh
[1.267s] -- Symlinking: /home/pk/dev_ws/install/articubot_one/share/articubot_one/local_setup.dsv
[1.278s] -- Symlinking: /home/pk/dev_ws/install/articubot_one/share/articubot_one/package.dsv
[1.289s] -- Symlinking: /home/pk/dev_ws/install/articubot_one/share/ament_index/resource_index/packages/articubot_one
[1.298s] -- Symlinking: /home/pk/dev_ws/install/articubot_one/share/articubot_one/cmake/articubot_oneConfig.cmake
[1.311s] -- Symlinking: /home/pk/dev_ws/install/articubot_one/share/articubot_one/cmake/articubot_oneConfig-version.cmake
[1.324s] -- Symlinking: /home/pk/dev_ws/install/articubot_one/share/articubot_one/package.xml
[1.337s] Invoked command in '/home/pk/dev_ws/build/articubot_one' returned '0': CMAKE_PREFIX_PATH=/opt/ros/foxy /usr/bin/cmake --install /home/pk/dev_ws/build/articubot_one
