[0.036s] Invoking command in '/home/pk/dev_ws/build/articubot_one': CMAKE_PREFIX_PATH=${CMAKE_PREFIX_PATH}:/home/pk/dev_ws/install/py_pubsub:/opt/ros/foxy /usr/bin/cmake /home/pk/dev_ws/src/articubot_one -DAMENT_CMAKE_SYMLINK_INSTALL=1 -DCMAKE_INSTALL_PREFIX=/home/pk/dev_ws/install/articubot_one
[0.112s] -- Found ament_cmake: 0.9.9 (/opt/ros/foxy/share/ament_cmake/cmake)
[0.141s] -- Using PYTHON_EXECUTABLE: /usr/bin/python3
[0.350s] -- Override CMake install command with custom implementation using symlinks instead of copying resources
[0.372s] -- Found ament_lint_auto: 0.9.6 (/opt/ros/foxy/share/ament_lint_auto/cmake)
[0.456s] -- Added test 'copyright' to check source files copyright and LICENSE
[0.466s] -- Added test 'cppcheck' to perform static code analysis on C / C++ code
[0.466s] -- Configured cppcheck include dirs: 
[0.466s] -- Configured cppcheck exclude dirs and/or files: 
[0.478s] -- Added test 'cpplint' to check C / C++ code against the Google style
[0.478s] -- Configured cpplint exclude dirs and/or files: 
[0.479s] -- Added test 'flake8' to check Python code syntax and style conventions
[0.481s] -- Added test 'lint_cmake' to check CMake code style
[0.482s] -- Added test 'pep257' to check Python code against some of the style conventions in PEP 257
[0.493s] -- Added test 'uncrustify' to check C / C++ code style
[0.493s] -- Configured uncrustify additional arguments: 
[0.494s] -- Added test 'xmllint' to check XML markup files
[0.497s] -- Configuring done
[0.501s] -- Generating done
[0.502s] -- Build files have been written to: /home/pk/dev_ws/build/articubot_one
[0.506s] Invoked command in '/home/pk/dev_ws/build/articubot_one' returned '0': CMAKE_PREFIX_PATH=${CMAKE_PREFIX_PATH}:/home/pk/dev_ws/install/py_pubsub:/opt/ros/foxy /usr/bin/cmake /home/pk/dev_ws/src/articubot_one -DAMENT_CMAKE_SYMLINK_INSTALL=1 -DCMAKE_INSTALL_PREFIX=/home/pk/dev_ws/install/articubot_one
[0.510s] Invoking command in '/home/pk/dev_ws/build/articubot_one': CMAKE_PREFIX_PATH=${CMAKE_PREFIX_PATH}:/home/pk/dev_ws/install/py_pubsub:/opt/ros/foxy /usr/bin/cmake --build /home/pk/dev_ws/build/articubot_one -- -j8 -l8
[0.571s] Invoked command in '/home/pk/dev_ws/build/articubot_one' returned '0': CMAKE_PREFIX_PATH=${CMAKE_PREFIX_PATH}:/home/pk/dev_ws/install/py_pubsub:/opt/ros/foxy /usr/bin/cmake --build /home/pk/dev_ws/build/articubot_one -- -j8 -l8
[0.597s] Invoking command in '/home/pk/dev_ws/build/articubot_one': CMAKE_PREFIX_PATH=${CMAKE_PREFIX_PATH}:/home/pk/dev_ws/install/py_pubsub:/opt/ros/foxy /usr/bin/cmake --install /home/pk/dev_ws/build/articubot_one
[0.608s] -- Install configuration: ""
[0.609s] -- Execute custom install script
[0.610s] -- Up-to-date symlink: /home/pk/dev_ws/install/articubot_one/share/articubot_one/config/drive_bot.rviz
[0.610s] -- Up-to-date symlink: /home/pk/dev_ws/install/articubot_one/share/articubot_one/config/empty.yaml
[0.610s] -- Up-to-date symlink: /home/pk/dev_ws/install/articubot_one/share/articubot_one/config/view_bot.rviz
[0.611s] -- Up-to-date symlink: /home/pk/dev_ws/install/articubot_one/share/articubot_one/description/gazebo_control.xacro
[0.611s] -- Up-to-date symlink: /home/pk/dev_ws/install/articubot_one/share/articubot_one/description/inertial_macros.xacro
[0.611s] -- Up-to-date symlink: /home/pk/dev_ws/install/articubot_one/share/articubot_one/description/robot.urdf.xacro
[0.611s] -- Up-to-date symlink: /home/pk/dev_ws/install/articubot_one/share/articubot_one/description/robot_core.xacro
[0.612s] -- Up-to-date symlink: /home/pk/dev_ws/install/articubot_one/share/articubot_one/launch/launch_sim.launch.py
[0.613s] -- Up-to-date symlink: /home/pk/dev_ws/install/articubot_one/share/articubot_one/launch/rsp.launch.py
[0.613s] -- Up-to-date symlink: /home/pk/dev_ws/install/articubot_one/share/articubot_one/worlds/empty.world
[0.613s] -- Up-to-date symlink: /home/pk/dev_ws/install/articubot_one/share/articubot_one/worlds/obstacles.world
[0.613s] -- Up-to-date symlink: /home/pk/dev_ws/install/articubot_one/share/ament_index/resource_index/package_run_dependencies/articubot_one
[0.614s] -- Up-to-date symlink: /home/pk/dev_ws/install/articubot_one/share/ament_index/resource_index/parent_prefix_path/articubot_one
[0.614s] -- Up-to-date symlink: /home/pk/dev_ws/install/articubot_one/share/articubot_one/environment/ament_prefix_path.sh
[0.615s] -- Up-to-date symlink: /home/pk/dev_ws/install/articubot_one/share/articubot_one/environment/ament_prefix_path.dsv
[0.615s] -- Up-to-date symlink: /home/pk/dev_ws/install/articubot_one/share/articubot_one/environment/path.sh
[0.615s] -- Up-to-date symlink: /home/pk/dev_ws/install/articubot_one/share/articubot_one/environment/path.dsv
[0.615s] -- Up-to-date symlink: /home/pk/dev_ws/install/articubot_one/share/articubot_one/local_setup.bash
[0.616s] -- Up-to-date symlink: /home/pk/dev_ws/install/articubot_one/share/articubot_one/local_setup.sh
[0.617s] -- Up-to-date symlink: /home/pk/dev_ws/install/articubot_one/share/articubot_one/local_setup.zsh
[0.617s] -- Up-to-date symlink: /home/pk/dev_ws/install/articubot_one/share/articubot_one/local_setup.dsv
[0.617s] -- Symlinking: /home/pk/dev_ws/install/articubot_one/share/articubot_one/package.dsv
[0.628s] -- Up-to-date symlink: /home/pk/dev_ws/install/articubot_one/share/ament_index/resource_index/packages/articubot_one
[0.629s] -- Up-to-date symlink: /home/pk/dev_ws/install/articubot_one/share/articubot_one/cmake/articubot_oneConfig.cmake
[0.629s] -- Up-to-date symlink: /home/pk/dev_ws/install/articubot_one/share/articubot_one/cmake/articubot_oneConfig-version.cmake
[0.629s] -- Up-to-date symlink: /home/pk/dev_ws/install/articubot_one/share/articubot_one/package.xml
[0.639s] Invoked command in '/home/pk/dev_ws/build/articubot_one' returned '0': CMAKE_PREFIX_PATH=${CMAKE_PREFIX_PATH}:/home/pk/dev_ws/install/py_pubsub:/opt/ros/foxy /usr/bin/cmake --install /home/pk/dev_ws/build/articubot_one
