[0.716s] Invoking command in '/home/pk/dev_ws/src/py_pubsub': PYTHONPATH=/home/pk/dev_ws/install/py_pubsub/lib/python3.8/site-packages:${PYTHONPATH} /usr/bin/python3 setup.py egg_info --egg-base ../../build/py_pubsub build --build-base /home/pk/dev_ws/build/py_pubsub/build install --prefix /home/pk/dev_ws/install/py_pubsub --record /home/pk/dev_ws/build/py_pubsub/install.log --single-version-externally-managed
[0.948s] running egg_info
[0.948s] writing ../../build/py_pubsub/py_pubsub.egg-info/PKG-INFO
[0.949s] writing dependency_links to ../../build/py_pubsub/py_pubsub.egg-info/dependency_links.txt
[0.949s] writing entry points to ../../build/py_pubsub/py_pubsub.egg-info/entry_points.txt
[0.949s] writing requirements to ../../build/py_pubsub/py_pubsub.egg-info/requires.txt
[0.949s] writing top-level names to ../../build/py_pubsub/py_pubsub.egg-info/top_level.txt
[0.987s] reading manifest file '../../build/py_pubsub/py_pubsub.egg-info/SOURCES.txt'
[0.988s] writing manifest file '../../build/py_pubsub/py_pubsub.egg-info/SOURCES.txt'
[0.988s] running build
[0.988s] running build_py
[0.988s] copying py_pubsub/subscriber_member_function.py -> /home/pk/dev_ws/build/py_pubsub/build/lib/py_pubsub
[0.988s] running install
[0.989s] running install_lib
[0.990s] copying /home/pk/dev_ws/build/py_pubsub/build/lib/py_pubsub/subscriber_member_function.py -> /home/pk/dev_ws/install/py_pubsub/lib/python3.8/site-packages/py_pubsub
[0.990s] byte-compiling /home/pk/dev_ws/install/py_pubsub/lib/python3.8/site-packages/py_pubsub/subscriber_member_function.py to subscriber_member_function.cpython-38.pyc
[0.992s] running install_data
[0.993s] running install_egg_info
[0.996s] removing '/home/pk/dev_ws/install/py_pubsub/lib/python3.8/site-packages/py_pubsub-0.0.0-py3.8.egg-info' (and everything under it)
[0.996s] Copying ../../build/py_pubsub/py_pubsub.egg-info to /home/pk/dev_ws/install/py_pubsub/lib/python3.8/site-packages/py_pubsub-0.0.0-py3.8.egg-info
[0.998s] running install_scripts
[1.030s] Installing listener script to /home/pk/dev_ws/install/py_pubsub/lib/py_pubsub
[1.030s] Installing talker script to /home/pk/dev_ws/install/py_pubsub/lib/py_pubsub
[1.031s] writing list of installed files to '/home/pk/dev_ws/build/py_pubsub/install.log'
[1.068s] Invoked command in '/home/pk/dev_ws/src/py_pubsub' returned '0': PYTHONPATH=/home/pk/dev_ws/install/py_pubsub/lib/python3.8/site-packages:${PYTHONPATH} /usr/bin/python3 setup.py egg_info --egg-base ../../build/py_pubsub build --build-base /home/pk/dev_ws/build/py_pubsub/build install --prefix /home/pk/dev_ws/install/py_pubsub --record /home/pk/dev_ws/build/py_pubsub/install.log --single-version-externally-managed
