[0.046s] Invoking command in '/home/pk/dev_ws/build/my_package': CMAKE_PREFIX_PATH=${CMAKE_PREFIX_PATH}:/opt/ros/foxy /usr/bin/cmake /home/pk/dev_ws/src/my_package -DCMAKE_INSTALL_PREFIX=/home/pk/dev_ws/install/my_package
[0.113s] -- Found ament_cmake: 0.9.9 (/opt/ros/foxy/share/ament_cmake/cmake)
[0.146s] -- Using PYTHON_EXECUTABLE: /usr/bin/python3
[0.384s] -- Override CMake install command with custom implementation using symlinks instead of copying resources
[0.413s] -- Found ament_lint_auto: 0.9.6 (/opt/ros/foxy/share/ament_lint_auto/cmake)
[0.503s] -- Added test 'copyright' to check source files copyright and LICENSE
[0.506s] -- Added test 'lint_cmake' to check CMake code style
[0.508s] -- Added test 'xmllint' to check XML markup files
[0.512s] -- Configuring done
[0.518s] -- Generating done
[0.519s] -- Build files have been written to: /home/pk/dev_ws/build/my_package
[0.523s] Invoked command in '/home/pk/dev_ws/build/my_package' returned '0': CMAKE_PREFIX_PATH=${CMAKE_PREFIX_PATH}:/opt/ros/foxy /usr/bin/cmake /home/pk/dev_ws/src/my_package -DCMAKE_INSTALL_PREFIX=/home/pk/dev_ws/install/my_package
[0.525s] Invoking command in '/home/pk/dev_ws/build/my_package': CMAKE_PREFIX_PATH=${CMAKE_PREFIX_PATH}:/opt/ros/foxy /usr/bin/cmake --build /home/pk/dev_ws/build/my_package -- -j8 -l8
[0.570s] Invoked command in '/home/pk/dev_ws/build/my_package' returned '0': CMAKE_PREFIX_PATH=${CMAKE_PREFIX_PATH}:/opt/ros/foxy /usr/bin/cmake --build /home/pk/dev_ws/build/my_package -- -j8 -l8
[0.615s] Invoking command in '/home/pk/dev_ws/build/my_package': CMAKE_PREFIX_PATH=${CMAKE_PREFIX_PATH}:/opt/ros/foxy /usr/bin/cmake --install /home/pk/dev_ws/build/my_package
[0.628s] -- Install configuration: ""
[0.628s] -- Execute custom install script
[0.628s] -- Up-to-date symlink: /home/pk/dev_ws/install/my_package/share/ament_index/resource_index/package_run_dependencies/my_package
[0.631s] -- Up-to-date symlink: /home/pk/dev_ws/install/my_package/share/ament_index/resource_index/parent_prefix_path/my_package
[0.631s] -- Up-to-date symlink: /home/pk/dev_ws/install/my_package/share/my_package/environment/ament_prefix_path.sh
[0.631s] -- Up-to-date symlink: /home/pk/dev_ws/install/my_package/share/my_package/environment/ament_prefix_path.dsv
[0.632s] -- Up-to-date symlink: /home/pk/dev_ws/install/my_package/share/my_package/environment/path.sh
[0.632s] -- Up-to-date symlink: /home/pk/dev_ws/install/my_package/share/my_package/environment/path.dsv
[0.633s] -- Up-to-date symlink: /home/pk/dev_ws/install/my_package/share/my_package/local_setup.bash
[0.633s] -- Up-to-date symlink: /home/pk/dev_ws/install/my_package/share/my_package/local_setup.sh
[0.634s] -- Up-to-date symlink: /home/pk/dev_ws/install/my_package/share/my_package/local_setup.zsh
[0.634s] -- Up-to-date symlink: /home/pk/dev_ws/install/my_package/share/my_package/local_setup.dsv
[0.634s] -- Symlinking: /home/pk/dev_ws/install/my_package/share/my_package/package.dsv
[0.647s] -- Up-to-date symlink: /home/pk/dev_ws/install/my_package/share/ament_index/resource_index/packages/my_package
[0.648s] -- Up-to-date symlink: /home/pk/dev_ws/install/my_package/share/my_package/cmake/my_packageConfig.cmake
[0.648s] -- Up-to-date symlink: /home/pk/dev_ws/install/my_package/share/my_package/cmake/my_packageConfig-version.cmake
[0.648s] -- Up-to-date symlink: /home/pk/dev_ws/install/my_package/share/my_package/package.xml
[0.650s] Invoked command in '/home/pk/dev_ws/build/my_package' returned '0': CMAKE_PREFIX_PATH=${CMAKE_PREFIX_PATH}:/opt/ros/foxy /usr/bin/cmake --install /home/pk/dev_ws/build/my_package
