[0.034s] Invoking command in '/home/pk/dev_ws/build/articubot_one': CMAKE_PREFIX_PATH=${CMAKE_PREFIX_PATH}:/opt/ros/foxy /usr/bin/cmake --build /home/pk/dev_ws/build/articubot_one -- -j8 -l8
[0.104s] Invoked command in '/home/pk/dev_ws/build/articubot_one' returned '0': CMAKE_PREFIX_PATH=${CMAKE_PREFIX_PATH}:/opt/ros/foxy /usr/bin/cmake --build /home/pk/dev_ws/build/articubot_one -- -j8 -l8
[0.151s] Invoking command in '/home/pk/dev_ws/build/articubot_one': CMAKE_PREFIX_PATH=${CMAKE_PREFIX_PATH}:/opt/ros/foxy /usr/bin/cmake --install /home/pk/dev_ws/build/articubot_one
[0.160s] -- Install configuration: ""
[0.161s] -- Execute custom install script
[0.162s] -- Up-to-date symlink: /home/pk/dev_ws/install/articubot_one/share/articubot_one/config/drive_bot.rviz
[0.162s] -- Up-to-date symlink: /home/pk/dev_ws/install/articubot_one/share/articubot_one/config/empty.yaml
[0.162s] -- Up-to-date symlink: /home/pk/dev_ws/install/articubot_one/share/articubot_one/config/view_bot.rviz
[0.163s] -- Up-to-date symlink: /home/pk/dev_ws/install/articubot_one/share/articubot_one/description/gazebo_control.xacro
[0.163s] -- Up-to-date symlink: /home/pk/dev_ws/install/articubot_one/share/articubot_one/description/inertial_macros.xacro
[0.164s] -- Up-to-date symlink: /home/pk/dev_ws/install/articubot_one/share/articubot_one/description/robot.urdf.xacro
[0.164s] -- Up-to-date symlink: /home/pk/dev_ws/install/articubot_one/share/articubot_one/description/robot_core.xacro
[0.165s] -- Up-to-date symlink: /home/pk/dev_ws/install/articubot_one/share/articubot_one/launch/launch_sim.launch.py
[0.165s] -- Up-to-date symlink: /home/pk/dev_ws/install/articubot_one/share/articubot_one/launch/rsp.launch.py
[0.165s] -- Up-to-date symlink: /home/pk/dev_ws/install/articubot_one/share/articubot_one/worlds/empty.world
[0.165s] -- Up-to-date symlink: /home/pk/dev_ws/install/articubot_one/share/articubot_one/worlds/obstacles.world
[0.166s] -- Up-to-date symlink: /home/pk/dev_ws/install/articubot_one/share/ament_index/resource_index/package_run_dependencies/articubot_one
[0.166s] -- Up-to-date symlink: /home/pk/dev_ws/install/articubot_one/share/ament_index/resource_index/parent_prefix_path/articubot_one
[0.166s] -- Up-to-date symlink: /home/pk/dev_ws/install/articubot_one/share/articubot_one/environment/ament_prefix_path.sh
[0.167s] -- Up-to-date symlink: /home/pk/dev_ws/install/articubot_one/share/articubot_one/environment/ament_prefix_path.dsv
[0.167s] -- Up-to-date symlink: /home/pk/dev_ws/install/articubot_one/share/articubot_one/environment/path.sh
[0.167s] -- Up-to-date symlink: /home/pk/dev_ws/install/articubot_one/share/articubot_one/environment/path.dsv
[0.167s] -- Up-to-date symlink: /home/pk/dev_ws/install/articubot_one/share/articubot_one/local_setup.bash
[0.168s] -- Up-to-date symlink: /home/pk/dev_ws/install/articubot_one/share/articubot_one/local_setup.sh
[0.168s] -- Up-to-date symlink: /home/pk/dev_ws/install/articubot_one/share/articubot_one/local_setup.zsh
[0.168s] -- Up-to-date symlink: /home/pk/dev_ws/install/articubot_one/share/articubot_one/local_setup.dsv
[0.169s] -- Symlinking: /home/pk/dev_ws/install/articubot_one/share/articubot_one/package.dsv
[0.180s] -- Up-to-date symlink: /home/pk/dev_ws/install/articubot_one/share/ament_index/resource_index/packages/articubot_one
[0.180s] -- Up-to-date symlink: /home/pk/dev_ws/install/articubot_one/share/articubot_one/cmake/articubot_oneConfig.cmake
[0.180s] -- Up-to-date symlink: /home/pk/dev_ws/install/articubot_one/share/articubot_one/cmake/articubot_oneConfig-version.cmake
[0.181s] -- Up-to-date symlink: /home/pk/dev_ws/install/articubot_one/share/articubot_one/package.xml
[0.183s] Invoked command in '/home/pk/dev_ws/build/articubot_one' returned '0': CMAKE_PREFIX_PATH=${CMAKE_PREFIX_PATH}:/opt/ros/foxy /usr/bin/cmake --install /home/pk/dev_ws/build/articubot_one
