[0.278s] DEBUG:colcon:Command line arguments: ['/usr/bin/colcon', 'build']
[0.278s] DEBUG:colcon:Parsed command line arguments: Namespace(allow_overriding=[], ament_cmake_args=None, base_paths=['.'], build_base='build', catkin_cmake_args=None, catkin_skip_building_tests=False, cmake_args=None, cmake_clean_cache=False, cmake_clean_first=False, cmake_force_configure=False, cmake_target=None, cmake_target_skip_unavailable=False, continue_on_error=False, event_handlers=None, executor='parallel', ignore_user_meta=False, install_base='install', log_base=None, log_level=None, main=<bound method BuildVerb.main of <colcon_core.verb.build.BuildVerb object at 0x7fcf9e473130>>, merge_install=False, metas=['./colcon.meta'], packages_above=None, packages_above_and_dependencies=None, packages_above_depth=None, packages_end=None, packages_ignore=None, packages_ignore_regex=None, packages_select=None, packages_select_build_failed=False, packages_select_by_dep=None, packages_select_regex=None, packages_select_test_failures=False, packages_skip=None, packages_skip_build_finished=False, packages_skip_by_dep=None, packages_skip_regex=None, packages_skip_test_passed=False, packages_skip_up_to=None, packages_start=None, packages_up_to=None, packages_up_to_regex=None, parallel_workers=8, paths=None, symlink_install=False, test_result_base=None, verb_extension=<colcon_core.verb.build.BuildVerb object at 0x7fcf9e473130>, verb_name='build', verb_parser=<colcon_defaults.argument_parser.defaults.DefaultArgumentsDecorator object at 0x7fcf9e473670>)
[0.339s] Level 1:colcon.colcon_core.package_discovery:discover_packages(colcon_meta) check parameters
[0.339s] Level 1:colcon.colcon_core.package_discovery:discover_packages(recursive) check parameters
[0.339s] Level 1:colcon.colcon_core.package_discovery:discover_packages(ignore) check parameters
[0.339s] Level 1:colcon.colcon_core.package_discovery:discover_packages(path) check parameters
[0.339s] Level 1:colcon.colcon_core.package_discovery:discover_packages(colcon_meta) discover
[0.339s] Level 1:colcon.colcon_core.package_discovery:discover_packages(recursive) discover
[0.339s] INFO:colcon.colcon_core.package_discovery:Crawling recursively for packages in '/home/pk/dev_ws'
[0.339s] Level 1:colcon.colcon_core.package_identification:_identify(.) by extensions ['ignore', 'ignore_ament_install']
[0.339s] Level 1:colcon.colcon_core.package_identification:_identify(.) by extension 'ignore'
[0.339s] Level 1:colcon.colcon_core.package_identification:_identify(.) by extension 'ignore_ament_install'
[0.340s] Level 1:colcon.colcon_core.package_identification:_identify(.) by extensions ['colcon_pkg']
[0.340s] Level 1:colcon.colcon_core.package_identification:_identify(.) by extension 'colcon_pkg'
[0.340s] Level 1:colcon.colcon_core.package_identification:_identify(.) by extensions ['colcon_meta']
[0.340s] Level 1:colcon.colcon_core.package_identification:_identify(.) by extension 'colcon_meta'
[0.340s] Level 1:colcon.colcon_core.package_identification:_identify(.) by extensions ['ros']
[0.340s] Level 1:colcon.colcon_core.package_identification:_identify(.) by extension 'ros'
[0.356s] Level 1:colcon.colcon_core.package_identification:_identify(.) by extensions ['cmake', 'python']
[0.356s] Level 1:colcon.colcon_core.package_identification:_identify(.) by extension 'cmake'
[0.356s] Level 1:colcon.colcon_core.package_identification:_identify(.) by extension 'python'
[0.356s] Level 1:colcon.colcon_core.package_identification:_identify(.) by extensions ['python_setup_py']
[0.356s] Level 1:colcon.colcon_core.package_identification:_identify(.) by extension 'python_setup_py'
[0.357s] Level 1:colcon.colcon_core.package_identification:_identify(build) by extensions ['ignore', 'ignore_ament_install']
[0.357s] Level 1:colcon.colcon_core.package_identification:_identify(build) by extension 'ignore'
[0.357s] Level 1:colcon.colcon_core.package_identification:_identify(build) ignored
[0.357s] Level 1:colcon.colcon_core.package_identification:_identify(install) by extensions ['ignore', 'ignore_ament_install']
[0.357s] Level 1:colcon.colcon_core.package_identification:_identify(install) by extension 'ignore'
[0.357s] Level 1:colcon.colcon_core.package_identification:_identify(install) ignored
[0.357s] Level 1:colcon.colcon_core.package_identification:_identify(log) by extensions ['ignore', 'ignore_ament_install']
[0.357s] Level 1:colcon.colcon_core.package_identification:_identify(log) by extension 'ignore'
[0.357s] Level 1:colcon.colcon_core.package_identification:_identify(log) ignored
[0.358s] Level 1:colcon.colcon_core.package_identification:_identify(src) by extensions ['ignore', 'ignore_ament_install']
[0.358s] Level 1:colcon.colcon_core.package_identification:_identify(src) by extension 'ignore'
[0.358s] Level 1:colcon.colcon_core.package_identification:_identify(src) by extension 'ignore_ament_install'
[0.358s] Level 1:colcon.colcon_core.package_identification:_identify(src) by extensions ['colcon_pkg']
[0.358s] Level 1:colcon.colcon_core.package_identification:_identify(src) by extension 'colcon_pkg'
[0.358s] Level 1:colcon.colcon_core.package_identification:_identify(src) by extensions ['colcon_meta']
[0.358s] Level 1:colcon.colcon_core.package_identification:_identify(src) by extension 'colcon_meta'
[0.358s] Level 1:colcon.colcon_core.package_identification:_identify(src) by extensions ['ros']
[0.358s] Level 1:colcon.colcon_core.package_identification:_identify(src) by extension 'ros'
[0.358s] Level 1:colcon.colcon_core.package_identification:_identify(src) by extensions ['cmake', 'python']
[0.358s] Level 1:colcon.colcon_core.package_identification:_identify(src) by extension 'cmake'
[0.358s] Level 1:colcon.colcon_core.package_identification:_identify(src) by extension 'python'
[0.358s] Level 1:colcon.colcon_core.package_identification:_identify(src) by extensions ['python_setup_py']
[0.358s] Level 1:colcon.colcon_core.package_identification:_identify(src) by extension 'python_setup_py'
[0.359s] Level 1:colcon.colcon_core.package_identification:_identify(src/articubot_one) by extensions ['ignore', 'ignore_ament_install']
[0.359s] Level 1:colcon.colcon_core.package_identification:_identify(src/articubot_one) by extension 'ignore'
[0.359s] Level 1:colcon.colcon_core.package_identification:_identify(src/articubot_one) by extension 'ignore_ament_install'
[0.359s] Level 1:colcon.colcon_core.package_identification:_identify(src/articubot_one) by extensions ['colcon_pkg']
[0.359s] Level 1:colcon.colcon_core.package_identification:_identify(src/articubot_one) by extension 'colcon_pkg'
[0.359s] Level 1:colcon.colcon_core.package_identification:_identify(src/articubot_one) by extensions ['colcon_meta']
[0.359s] Level 1:colcon.colcon_core.package_identification:_identify(src/articubot_one) by extension 'colcon_meta'
[0.359s] Level 1:colcon.colcon_core.package_identification:_identify(src/articubot_one) by extensions ['ros']
[0.359s] Level 1:colcon.colcon_core.package_identification:_identify(src/articubot_one) by extension 'ros'
[0.365s] DEBUG:colcon.colcon_core.package_identification:Package 'src/articubot_one' with type 'ros.ament_cmake' and name 'articubot_one'
[0.365s] Level 1:colcon.colcon_core.package_identification:_identify(src/my_package) by extensions ['ignore', 'ignore_ament_install']
[0.365s] Level 1:colcon.colcon_core.package_identification:_identify(src/my_package) by extension 'ignore'
[0.365s] Level 1:colcon.colcon_core.package_identification:_identify(src/my_package) by extension 'ignore_ament_install'
[0.365s] Level 1:colcon.colcon_core.package_identification:_identify(src/my_package) by extensions ['colcon_pkg']
[0.365s] Level 1:colcon.colcon_core.package_identification:_identify(src/my_package) by extension 'colcon_pkg'
[0.366s] Level 1:colcon.colcon_core.package_identification:_identify(src/my_package) by extensions ['colcon_meta']
[0.366s] Level 1:colcon.colcon_core.package_identification:_identify(src/my_package) by extension 'colcon_meta'
[0.366s] Level 1:colcon.colcon_core.package_identification:_identify(src/my_package) by extensions ['ros']
[0.366s] Level 1:colcon.colcon_core.package_identification:_identify(src/my_package) by extension 'ros'
[0.366s] DEBUG:colcon.colcon_core.package_identification:Package 'src/my_package' with type 'ros.ament_cmake' and name 'my_package'
[0.367s] Level 1:colcon.colcon_core.package_discovery:discover_packages(recursive) using defaults
[0.367s] Level 1:colcon.colcon_core.package_discovery:discover_packages(ignore) discover
[0.367s] Level 1:colcon.colcon_core.package_discovery:discover_packages(ignore) using defaults
[0.367s] Level 1:colcon.colcon_core.package_discovery:discover_packages(path) discover
[0.367s] Level 1:colcon.colcon_core.package_discovery:discover_packages(path) using defaults
[0.395s] Level 1:colcon.colcon_core.package_discovery:discover_packages(prefix_path) check parameters
[0.395s] Level 1:colcon.colcon_core.package_discovery:discover_packages(prefix_path) discover
[0.399s] DEBUG:colcon.colcon_installed_package_information.package_discovery:Found 2 installed packages in /home/pk/dev_ws/install
[0.401s] DEBUG:colcon.colcon_installed_package_information.package_discovery:Found 266 installed packages in /opt/ros/foxy
[0.402s] Level 1:colcon.colcon_core.package_discovery:discover_packages(prefix_path) using defaults
[0.505s] Level 5:colcon.colcon_core.verb:set package 'articubot_one' build argument 'cmake_args' from command line to 'None'
[0.505s] Level 5:colcon.colcon_core.verb:set package 'articubot_one' build argument 'cmake_target' from command line to 'None'
[0.505s] Level 5:colcon.colcon_core.verb:set package 'articubot_one' build argument 'cmake_target_skip_unavailable' from command line to 'False'
[0.505s] Level 5:colcon.colcon_core.verb:set package 'articubot_one' build argument 'cmake_clean_cache' from command line to 'False'
[0.505s] Level 5:colcon.colcon_core.verb:set package 'articubot_one' build argument 'cmake_clean_first' from command line to 'False'
[0.505s] Level 5:colcon.colcon_core.verb:set package 'articubot_one' build argument 'cmake_force_configure' from command line to 'False'
[0.505s] Level 5:colcon.colcon_core.verb:set package 'articubot_one' build argument 'ament_cmake_args' from command line to 'None'
[0.505s] Level 5:colcon.colcon_core.verb:set package 'articubot_one' build argument 'catkin_cmake_args' from command line to 'None'
[0.505s] Level 5:colcon.colcon_core.verb:set package 'articubot_one' build argument 'catkin_skip_building_tests' from command line to 'False'
[0.505s] DEBUG:colcon.colcon_core.verb:Building package 'articubot_one' with the following arguments: {'ament_cmake_args': None, 'build_base': '/home/pk/dev_ws/build/articubot_one', 'catkin_cmake_args': None, 'catkin_skip_building_tests': False, 'cmake_args': None, 'cmake_clean_cache': False, 'cmake_clean_first': False, 'cmake_force_configure': False, 'cmake_target': None, 'cmake_target_skip_unavailable': False, 'install_base': '/home/pk/dev_ws/install/articubot_one', 'merge_install': False, 'path': '/home/pk/dev_ws/src/articubot_one', 'symlink_install': False, 'test_result_base': None}
[0.506s] Level 5:colcon.colcon_core.verb:set package 'my_package' build argument 'cmake_args' from command line to 'None'
[0.506s] Level 5:colcon.colcon_core.verb:set package 'my_package' build argument 'cmake_target' from command line to 'None'
[0.506s] Level 5:colcon.colcon_core.verb:set package 'my_package' build argument 'cmake_target_skip_unavailable' from command line to 'False'
[0.506s] Level 5:colcon.colcon_core.verb:set package 'my_package' build argument 'cmake_clean_cache' from command line to 'False'
[0.506s] Level 5:colcon.colcon_core.verb:set package 'my_package' build argument 'cmake_clean_first' from command line to 'False'
[0.506s] Level 5:colcon.colcon_core.verb:set package 'my_package' build argument 'cmake_force_configure' from command line to 'False'
[0.506s] Level 5:colcon.colcon_core.verb:set package 'my_package' build argument 'ament_cmake_args' from command line to 'None'
[0.506s] Level 5:colcon.colcon_core.verb:set package 'my_package' build argument 'catkin_cmake_args' from command line to 'None'
[0.506s] Level 5:colcon.colcon_core.verb:set package 'my_package' build argument 'catkin_skip_building_tests' from command line to 'False'
[0.506s] DEBUG:colcon.colcon_core.verb:Building package 'my_package' with the following arguments: {'ament_cmake_args': None, 'build_base': '/home/pk/dev_ws/build/my_package', 'catkin_cmake_args': None, 'catkin_skip_building_tests': False, 'cmake_args': None, 'cmake_clean_cache': False, 'cmake_clean_first': False, 'cmake_force_configure': False, 'cmake_target': None, 'cmake_target_skip_unavailable': False, 'install_base': '/home/pk/dev_ws/install/my_package', 'merge_install': False, 'path': '/home/pk/dev_ws/src/my_package', 'symlink_install': False, 'test_result_base': None}
[0.507s] INFO:colcon.colcon_core.executor:Executing jobs using 'parallel' executor
[0.509s] DEBUG:colcon.colcon_parallel_executor.executor.parallel:run_until_complete
[0.509s] INFO:colcon.colcon_ros.task.ament_cmake.build:Building ROS package in '/home/pk/dev_ws/src/articubot_one' with build type 'ament_cmake'
[0.509s] INFO:colcon.colcon_cmake.task.cmake.build:Building CMake package in '/home/pk/dev_ws/src/articubot_one'
[0.517s] INFO:colcon.colcon_core.plugin_system:Skipping extension 'colcon_core.shell.bat': Not used on non-Windows systems
[0.518s] INFO:colcon.colcon_core.shell:Skip shell extension 'powershell' for command environment: Not usable outside of PowerShell
[0.518s] DEBUG:colcon.colcon_core.shell:Skip shell extension 'dsv' for command environment
[0.525s] INFO:colcon.colcon_ros.task.ament_cmake.build:Building ROS package in '/home/pk/dev_ws/src/my_package' with build type 'ament_cmake'
[0.526s] INFO:colcon.colcon_cmake.task.cmake.build:Building CMake package in '/home/pk/dev_ws/src/my_package'
[0.528s] INFO:colcon.colcon_core.shell:Skip shell extension 'powershell' for command environment: Not usable outside of PowerShell
[0.529s] DEBUG:colcon.colcon_core.shell:Skip shell extension 'dsv' for command environment
[0.553s] DEBUG:colcon.colcon_core.event_handler.log_command:Invoking command in '/home/pk/dev_ws/build/articubot_one': CMAKE_PREFIX_PATH=${CMAKE_PREFIX_PATH}:/opt/ros/foxy /usr/bin/cmake /home/pk/dev_ws/src/articubot_one -DCMAKE_INSTALL_PREFIX=/home/pk/dev_ws/install/articubot_one
[0.573s] DEBUG:colcon.colcon_core.event_handler.log_command:Invoking command in '/home/pk/dev_ws/build/my_package': CMAKE_PREFIX_PATH=${CMAKE_PREFIX_PATH}:/opt/ros/foxy /usr/bin/cmake /home/pk/dev_ws/src/my_package -DCMAKE_INSTALL_PREFIX=/home/pk/dev_ws/install/my_package
[1.049s] DEBUG:colcon.colcon_core.event_handler.log_command:Invoked command in '/home/pk/dev_ws/build/my_package' returned '0': CMAKE_PREFIX_PATH=${CMAKE_PREFIX_PATH}:/opt/ros/foxy /usr/bin/cmake /home/pk/dev_ws/src/my_package -DCMAKE_INSTALL_PREFIX=/home/pk/dev_ws/install/my_package
[1.051s] DEBUG:colcon.colcon_core.event_handler.log_command:Invoking command in '/home/pk/dev_ws/build/my_package': CMAKE_PREFIX_PATH=${CMAKE_PREFIX_PATH}:/opt/ros/foxy /usr/bin/cmake --build /home/pk/dev_ws/build/my_package -- -j8 -l8
[1.083s] DEBUG:colcon.colcon_core.event_handler.log_command:Invoked command in '/home/pk/dev_ws/build/articubot_one' returned '0': CMAKE_PREFIX_PATH=${CMAKE_PREFIX_PATH}:/opt/ros/foxy /usr/bin/cmake /home/pk/dev_ws/src/articubot_one -DCMAKE_INSTALL_PREFIX=/home/pk/dev_ws/install/articubot_one
[1.087s] DEBUG:colcon.colcon_core.event_handler.log_command:Invoking command in '/home/pk/dev_ws/build/articubot_one': CMAKE_PREFIX_PATH=${CMAKE_PREFIX_PATH}:/opt/ros/foxy /usr/bin/cmake --build /home/pk/dev_ws/build/articubot_one -- -j8 -l8
[1.096s] DEBUG:colcon.colcon_core.event_handler.log_command:Invoked command in '/home/pk/dev_ws/build/my_package' returned '0': CMAKE_PREFIX_PATH=${CMAKE_PREFIX_PATH}:/opt/ros/foxy /usr/bin/cmake --build /home/pk/dev_ws/build/my_package -- -j8 -l8
[1.141s] DEBUG:colcon.colcon_core.event_handler.log_command:Invoking command in '/home/pk/dev_ws/build/my_package': CMAKE_PREFIX_PATH=${CMAKE_PREFIX_PATH}:/opt/ros/foxy /usr/bin/cmake --install /home/pk/dev_ws/build/my_package
[1.143s] DEBUG:colcon.colcon_core.event_handler.log_command:Invoked command in '/home/pk/dev_ws/build/articubot_one' returned '0': CMAKE_PREFIX_PATH=${CMAKE_PREFIX_PATH}:/opt/ros/foxy /usr/bin/cmake --build /home/pk/dev_ws/build/articubot_one -- -j8 -l8
[1.173s] DEBUG:colcon.colcon_core.event_handler.log_command:Invoking command in '/home/pk/dev_ws/build/articubot_one': CMAKE_PREFIX_PATH=${CMAKE_PREFIX_PATH}:/opt/ros/foxy /usr/bin/cmake --install /home/pk/dev_ws/build/articubot_one
[1.175s] Level 1:colcon.colcon_core.environment:create_environment_scripts_only(my_package)
[1.176s] DEBUG:colcon.colcon_core.event_handler.log_command:Invoked command in '/home/pk/dev_ws/build/my_package' returned '0': CMAKE_PREFIX_PATH=${CMAKE_PREFIX_PATH}:/opt/ros/foxy /usr/bin/cmake --install /home/pk/dev_ws/build/my_package
[1.185s] Level 1:colcon.colcon_core.environment:checking '/home/pk/dev_ws/install/my_package' for CMake module files
[1.187s] Level 1:colcon.colcon_core.environment:checking '/home/pk/dev_ws/install/my_package' for CMake config files
[1.187s] Level 1:colcon.colcon_core.shell:create_environment_hook('my_package', 'cmake_prefix_path')
[1.188s] INFO:colcon.colcon_core.shell:Creating environment hook '/home/pk/dev_ws/install/my_package/share/my_package/hook/cmake_prefix_path.ps1'
[1.189s] INFO:colcon.colcon_core.shell:Creating environment descriptor '/home/pk/dev_ws/install/my_package/share/my_package/hook/cmake_prefix_path.dsv'
[1.190s] INFO:colcon.colcon_core.shell:Creating environment hook '/home/pk/dev_ws/install/my_package/share/my_package/hook/cmake_prefix_path.sh'
[1.192s] Level 1:colcon.colcon_core.environment:checking '/home/pk/dev_ws/install/my_package/bin'
[1.192s] Level 1:colcon.colcon_core.environment:checking '/home/pk/dev_ws/install/my_package/lib/pkgconfig/my_package.pc'
[1.192s] Level 1:colcon.colcon_core.environment:checking '/home/pk/dev_ws/install/my_package/lib/python3.8/site-packages'
[1.192s] Level 1:colcon.colcon_core.environment:checking '/home/pk/dev_ws/install/my_package/bin'
[1.193s] INFO:colcon.colcon_core.shell:Creating package script '/home/pk/dev_ws/install/my_package/share/my_package/package.ps1'
[1.194s] INFO:colcon.colcon_core.shell:Creating package descriptor '/home/pk/dev_ws/install/my_package/share/my_package/package.dsv'
[1.195s] INFO:colcon.colcon_core.shell:Creating package script '/home/pk/dev_ws/install/my_package/share/my_package/package.sh'
[1.197s] INFO:colcon.colcon_core.shell:Creating package script '/home/pk/dev_ws/install/my_package/share/my_package/package.bash'
[1.199s] INFO:colcon.colcon_core.shell:Creating package script '/home/pk/dev_ws/install/my_package/share/my_package/package.zsh'
[1.200s] Level 1:colcon.colcon_core.environment:create_file_with_runtime_dependencies(/home/pk/dev_ws/install/my_package/share/colcon-core/packages/my_package)
[1.207s] Level 1:colcon.colcon_core.environment:create_environment_scripts_only(articubot_one)
[1.209s] Level 1:colcon.colcon_core.environment:checking '/home/pk/dev_ws/install/articubot_one' for CMake module files
[1.211s] DEBUG:colcon.colcon_core.event_handler.log_command:Invoked command in '/home/pk/dev_ws/build/articubot_one' returned '0': CMAKE_PREFIX_PATH=${CMAKE_PREFIX_PATH}:/opt/ros/foxy /usr/bin/cmake --install /home/pk/dev_ws/build/articubot_one
[1.212s] Level 1:colcon.colcon_core.environment:checking '/home/pk/dev_ws/install/articubot_one' for CMake config files
[1.213s] Level 1:colcon.colcon_core.shell:create_environment_hook('articubot_one', 'cmake_prefix_path')
[1.215s] INFO:colcon.colcon_core.shell:Creating environment hook '/home/pk/dev_ws/install/articubot_one/share/articubot_one/hook/cmake_prefix_path.ps1'
[1.216s] INFO:colcon.colcon_core.shell:Creating environment descriptor '/home/pk/dev_ws/install/articubot_one/share/articubot_one/hook/cmake_prefix_path.dsv'
[1.217s] INFO:colcon.colcon_core.shell:Creating environment hook '/home/pk/dev_ws/install/articubot_one/share/articubot_one/hook/cmake_prefix_path.sh'
[1.218s] Level 1:colcon.colcon_core.environment:checking '/home/pk/dev_ws/install/articubot_one/bin'
[1.218s] Level 1:colcon.colcon_core.environment:checking '/home/pk/dev_ws/install/articubot_one/lib/pkgconfig/articubot_one.pc'
[1.218s] Level 1:colcon.colcon_core.environment:checking '/home/pk/dev_ws/install/articubot_one/lib/python3.8/site-packages'
[1.219s] Level 1:colcon.colcon_core.environment:checking '/home/pk/dev_ws/install/articubot_one/bin'
[1.220s] INFO:colcon.colcon_core.shell:Creating package script '/home/pk/dev_ws/install/articubot_one/share/articubot_one/package.ps1'
[1.221s] INFO:colcon.colcon_core.shell:Creating package descriptor '/home/pk/dev_ws/install/articubot_one/share/articubot_one/package.dsv'
[1.222s] INFO:colcon.colcon_core.shell:Creating package script '/home/pk/dev_ws/install/articubot_one/share/articubot_one/package.sh'
[1.223s] INFO:colcon.colcon_core.shell:Creating package script '/home/pk/dev_ws/install/articubot_one/share/articubot_one/package.bash'
[1.224s] INFO:colcon.colcon_core.shell:Creating package script '/home/pk/dev_ws/install/articubot_one/share/articubot_one/package.zsh'
[1.224s] Level 1:colcon.colcon_core.environment:create_file_with_runtime_dependencies(/home/pk/dev_ws/install/articubot_one/share/colcon-core/packages/articubot_one)
[1.237s] Level 1:colcon.colcon_core.environment:create_environment_scripts_only(my_package)
[1.238s] Level 1:colcon.colcon_core.environment:checking '/home/pk/dev_ws/install/my_package' for CMake module files
[1.239s] Level 1:colcon.colcon_core.environment:checking '/home/pk/dev_ws/install/my_package' for CMake config files
[1.239s] Level 1:colcon.colcon_core.shell:create_environment_hook('my_package', 'cmake_prefix_path')
[1.241s] INFO:colcon.colcon_core.shell:Creating environment hook '/home/pk/dev_ws/install/my_package/share/my_package/hook/cmake_prefix_path.ps1'
[1.242s] INFO:colcon.colcon_core.shell:Creating environment descriptor '/home/pk/dev_ws/install/my_package/share/my_package/hook/cmake_prefix_path.dsv'
[1.243s] INFO:colcon.colcon_core.shell:Creating environment hook '/home/pk/dev_ws/install/my_package/share/my_package/hook/cmake_prefix_path.sh'
[1.244s] Level 1:colcon.colcon_core.environment:checking '/home/pk/dev_ws/install/my_package/bin'
[1.244s] Level 1:colcon.colcon_core.environment:checking '/home/pk/dev_ws/install/my_package/lib/pkgconfig/my_package.pc'
[1.245s] Level 1:colcon.colcon_core.environment:checking '/home/pk/dev_ws/install/my_package/lib/python3.8/site-packages'
[1.245s] Level 1:colcon.colcon_core.environment:checking '/home/pk/dev_ws/install/my_package/bin'
[1.247s] INFO:colcon.colcon_core.shell:Creating package script '/home/pk/dev_ws/install/my_package/share/my_package/package.ps1'
[1.248s] INFO:colcon.colcon_core.shell:Creating package descriptor '/home/pk/dev_ws/install/my_package/share/my_package/package.dsv'
[1.249s] INFO:colcon.colcon_core.shell:Creating package script '/home/pk/dev_ws/install/my_package/share/my_package/package.sh'
[1.250s] INFO:colcon.colcon_core.shell:Creating package script '/home/pk/dev_ws/install/my_package/share/my_package/package.bash'
[1.250s] INFO:colcon.colcon_core.shell:Creating package script '/home/pk/dev_ws/install/my_package/share/my_package/package.zsh'
[1.251s] Level 1:colcon.colcon_core.environment:create_file_with_runtime_dependencies(/home/pk/dev_ws/install/my_package/share/colcon-core/packages/my_package)
[1.259s] Level 1:colcon.colcon_core.environment:create_environment_scripts_only(articubot_one)
[1.260s] Level 1:colcon.colcon_core.environment:checking '/home/pk/dev_ws/install/articubot_one' for CMake module files
[1.261s] Level 1:colcon.colcon_core.environment:checking '/home/pk/dev_ws/install/articubot_one' for CMake config files
[1.262s] Level 1:colcon.colcon_core.shell:create_environment_hook('articubot_one', 'cmake_prefix_path')
[1.263s] INFO:colcon.colcon_core.shell:Creating environment hook '/home/pk/dev_ws/install/articubot_one/share/articubot_one/hook/cmake_prefix_path.ps1'
[1.264s] INFO:colcon.colcon_core.shell:Creating environment descriptor '/home/pk/dev_ws/install/articubot_one/share/articubot_one/hook/cmake_prefix_path.dsv'
[1.265s] INFO:colcon.colcon_core.shell:Creating environment hook '/home/pk/dev_ws/install/articubot_one/share/articubot_one/hook/cmake_prefix_path.sh'
[1.266s] Level 1:colcon.colcon_core.environment:checking '/home/pk/dev_ws/install/articubot_one/bin'
[1.266s] Level 1:colcon.colcon_core.environment:checking '/home/pk/dev_ws/install/articubot_one/lib/pkgconfig/articubot_one.pc'
[1.267s] Level 1:colcon.colcon_core.environment:checking '/home/pk/dev_ws/install/articubot_one/lib/python3.8/site-packages'
[1.267s] Level 1:colcon.colcon_core.environment:checking '/home/pk/dev_ws/install/articubot_one/bin'
[1.268s] INFO:colcon.colcon_core.shell:Creating package script '/home/pk/dev_ws/install/articubot_one/share/articubot_one/package.ps1'
[1.269s] INFO:colcon.colcon_core.shell:Creating package descriptor '/home/pk/dev_ws/install/articubot_one/share/articubot_one/package.dsv'
[1.270s] INFO:colcon.colcon_core.shell:Creating package script '/home/pk/dev_ws/install/articubot_one/share/articubot_one/package.sh'
[1.270s] INFO:colcon.colcon_core.shell:Creating package script '/home/pk/dev_ws/install/articubot_one/share/articubot_one/package.bash'
[1.271s] INFO:colcon.colcon_core.shell:Creating package script '/home/pk/dev_ws/install/articubot_one/share/articubot_one/package.zsh'
[1.272s] Level 1:colcon.colcon_core.environment:create_file_with_runtime_dependencies(/home/pk/dev_ws/install/articubot_one/share/colcon-core/packages/articubot_one)
[1.273s] DEBUG:colcon.colcon_parallel_executor.executor.parallel:closing loop
[1.274s] DEBUG:colcon.colcon_parallel_executor.executor.parallel:loop closed
[1.274s] DEBUG:colcon.colcon_parallel_executor.executor.parallel:run_until_complete finished with '0'
[1.274s] DEBUG:colcon.colcon_core.event_reactor:joining thread
[1.288s] INFO:colcon.colcon_core.plugin_system:Skipping extension 'colcon_notification.desktop_notification.terminal_notifier': Not used on non-Darwin systems
[1.288s] INFO:colcon.colcon_core.plugin_system:Skipping extension 'colcon_notification.desktop_notification.win32': Not used on non-Windows systems
[1.288s] INFO:colcon.colcon_notification.desktop_notification:Sending desktop notification using 'notify2'
[1.314s] DEBUG:colcon.colcon_core.event_reactor:joined thread
[1.315s] INFO:colcon.colcon_core.shell:Creating prefix script '/home/pk/dev_ws/install/local_setup.ps1'
[1.318s] INFO:colcon.colcon_core.shell:Creating prefix util module '/home/pk/dev_ws/install/_local_setup_util_ps1.py'
[1.321s] INFO:colcon.colcon_core.shell:Creating prefix chain script '/home/pk/dev_ws/install/setup.ps1'
[1.323s] INFO:colcon.colcon_core.shell:Creating prefix script '/home/pk/dev_ws/install/local_setup.sh'
[1.325s] INFO:colcon.colcon_core.shell:Creating prefix util module '/home/pk/dev_ws/install/_local_setup_util_sh.py'
[1.325s] INFO:colcon.colcon_core.shell:Creating prefix chain script '/home/pk/dev_ws/install/setup.sh'
[1.327s] INFO:colcon.colcon_core.shell:Creating prefix script '/home/pk/dev_ws/install/local_setup.bash'
[1.329s] INFO:colcon.colcon_core.shell:Creating prefix chain script '/home/pk/dev_ws/install/setup.bash'
[1.331s] INFO:colcon.colcon_core.shell:Creating prefix script '/home/pk/dev_ws/install/local_setup.zsh'
[1.332s] INFO:colcon.colcon_core.shell:Creating prefix chain script '/home/pk/dev_ws/install/setup.zsh'
