[0.136s] DEBUG:colcon:Command line arguments: ['/usr/bin/colcon', 'build', '--symlink-install']
[0.136s] DEBUG:colcon:Parsed command line arguments: Namespace(allow_overriding=[], ament_cmake_args=None, base_paths=['.'], build_base='build', catkin_cmake_args=None, catkin_skip_building_tests=False, cmake_args=None, cmake_clean_cache=False, cmake_clean_first=False, cmake_force_configure=False, cmake_target=None, cmake_target_skip_unavailable=False, continue_on_error=False, event_handlers=None, executor='parallel', ignore_user_meta=False, install_base='install', log_base=None, log_level=None, main=<bound method BuildVerb.main of <colcon_core.verb.build.BuildVerb object at 0x7f5b584187c0>>, merge_install=False, metas=['./colcon.meta'], packages_above=None, packages_above_and_dependencies=None, packages_above_depth=None, packages_end=None, packages_ignore=None, packages_ignore_regex=None, packages_select=None, packages_select_build_failed=False, packages_select_by_dep=None, packages_select_regex=None, packages_select_test_failures=False, packages_skip=None, packages_skip_build_finished=False, packages_skip_by_dep=None, packages_skip_regex=None, packages_skip_test_passed=False, packages_skip_up_to=None, packages_start=None, packages_up_to=None, packages_up_to_regex=None, parallel_workers=8, paths=None, symlink_install=True, test_result_base=None, verb_extension=<colcon_core.verb.build.BuildVerb object at 0x7f5b584187c0>, verb_name='build', verb_parser=<colcon_defaults.argument_parser.defaults.DefaultArgumentsDecorator object at 0x7f5b584204c0>)
[0.159s] Level 1:colcon.colcon_core.package_discovery:discover_packages(colcon_meta) check parameters
[0.159s] Level 1:colcon.colcon_core.package_discovery:discover_packages(recursive) check parameters
[0.159s] Level 1:colcon.colcon_core.package_discovery:discover_packages(ignore) check parameters
[0.159s] Level 1:colcon.colcon_core.package_discovery:discover_packages(path) check parameters
[0.159s] Level 1:colcon.colcon_core.package_discovery:discover_packages(colcon_meta) discover
[0.159s] Level 1:colcon.colcon_core.package_discovery:discover_packages(recursive) discover
[0.159s] INFO:colcon.colcon_core.package_discovery:Crawling recursively for packages in '/home/pk/dev_ws'
[0.160s] Level 1:colcon.colcon_core.package_identification:_identify(.) by extensions ['ignore', 'ignore_ament_install']
[0.160s] Level 1:colcon.colcon_core.package_identification:_identify(.) by extension 'ignore'
[0.160s] Level 1:colcon.colcon_core.package_identification:_identify(.) by extension 'ignore_ament_install'
[0.160s] Level 1:colcon.colcon_core.package_identification:_identify(.) by extensions ['colcon_pkg']
[0.160s] Level 1:colcon.colcon_core.package_identification:_identify(.) by extension 'colcon_pkg'
[0.160s] Level 1:colcon.colcon_core.package_identification:_identify(.) by extensions ['colcon_meta']
[0.160s] Level 1:colcon.colcon_core.package_identification:_identify(.) by extension 'colcon_meta'
[0.160s] Level 1:colcon.colcon_core.package_identification:_identify(.) by extensions ['ros']
[0.160s] Level 1:colcon.colcon_core.package_identification:_identify(.) by extension 'ros'
[0.171s] Level 1:colcon.colcon_core.package_identification:_identify(.) by extensions ['cmake', 'python']
[0.171s] Level 1:colcon.colcon_core.package_identification:_identify(.) by extension 'cmake'
[0.171s] Level 1:colcon.colcon_core.package_identification:_identify(.) by extension 'python'
[0.171s] Level 1:colcon.colcon_core.package_identification:_identify(.) by extensions ['python_setup_py']
[0.171s] Level 1:colcon.colcon_core.package_identification:_identify(.) by extension 'python_setup_py'
[0.172s] Level 1:colcon.colcon_core.package_identification:_identify(build) by extensions ['ignore', 'ignore_ament_install']
[0.172s] Level 1:colcon.colcon_core.package_identification:_identify(build) by extension 'ignore'
[0.172s] Level 1:colcon.colcon_core.package_identification:_identify(build) ignored
[0.172s] Level 1:colcon.colcon_core.package_identification:_identify(install) by extensions ['ignore', 'ignore_ament_install']
[0.172s] Level 1:colcon.colcon_core.package_identification:_identify(install) by extension 'ignore'
[0.172s] Level 1:colcon.colcon_core.package_identification:_identify(install) ignored
[0.172s] Level 1:colcon.colcon_core.package_identification:_identify(log) by extensions ['ignore', 'ignore_ament_install']
[0.172s] Level 1:colcon.colcon_core.package_identification:_identify(log) by extension 'ignore'
[0.172s] Level 1:colcon.colcon_core.package_identification:_identify(log) ignored
[0.173s] Level 1:colcon.colcon_core.package_identification:_identify(src) by extensions ['ignore', 'ignore_ament_install']
[0.173s] Level 1:colcon.colcon_core.package_identification:_identify(src) by extension 'ignore'
[0.173s] Level 1:colcon.colcon_core.package_identification:_identify(src) by extension 'ignore_ament_install'
[0.173s] Level 1:colcon.colcon_core.package_identification:_identify(src) by extensions ['colcon_pkg']
[0.173s] Level 1:colcon.colcon_core.package_identification:_identify(src) by extension 'colcon_pkg'
[0.173s] Level 1:colcon.colcon_core.package_identification:_identify(src) by extensions ['colcon_meta']
[0.173s] Level 1:colcon.colcon_core.package_identification:_identify(src) by extension 'colcon_meta'
[0.173s] Level 1:colcon.colcon_core.package_identification:_identify(src) by extensions ['ros']
[0.173s] Level 1:colcon.colcon_core.package_identification:_identify(src) by extension 'ros'
[0.173s] Level 1:colcon.colcon_core.package_identification:_identify(src) by extensions ['cmake', 'python']
[0.173s] Level 1:colcon.colcon_core.package_identification:_identify(src) by extension 'cmake'
[0.173s] Level 1:colcon.colcon_core.package_identification:_identify(src) by extension 'python'
[0.173s] Level 1:colcon.colcon_core.package_identification:_identify(src) by extensions ['python_setup_py']
[0.173s] Level 1:colcon.colcon_core.package_identification:_identify(src) by extension 'python_setup_py'
[0.173s] Level 1:colcon.colcon_core.package_identification:_identify(src/articubot_one) by extensions ['ignore', 'ignore_ament_install']
[0.174s] Level 1:colcon.colcon_core.package_identification:_identify(src/articubot_one) by extension 'ignore'
[0.174s] Level 1:colcon.colcon_core.package_identification:_identify(src/articubot_one) by extension 'ignore_ament_install'
[0.174s] Level 1:colcon.colcon_core.package_identification:_identify(src/articubot_one) by extensions ['colcon_pkg']
[0.174s] Level 1:colcon.colcon_core.package_identification:_identify(src/articubot_one) by extension 'colcon_pkg'
[0.174s] Level 1:colcon.colcon_core.package_identification:_identify(src/articubot_one) by extensions ['colcon_meta']
[0.174s] Level 1:colcon.colcon_core.package_identification:_identify(src/articubot_one) by extension 'colcon_meta'
[0.174s] Level 1:colcon.colcon_core.package_identification:_identify(src/articubot_one) by extensions ['ros']
[0.174s] Level 1:colcon.colcon_core.package_identification:_identify(src/articubot_one) by extension 'ros'
[0.177s] DEBUG:colcon.colcon_core.package_identification:Package 'src/articubot_one' with type 'ros.ament_cmake' and name 'articubot_one'
[0.177s] Level 1:colcon.colcon_core.package_identification:_identify(src/my_package) by extensions ['ignore', 'ignore_ament_install']
[0.177s] Level 1:colcon.colcon_core.package_identification:_identify(src/my_package) by extension 'ignore'
[0.177s] Level 1:colcon.colcon_core.package_identification:_identify(src/my_package) by extension 'ignore_ament_install'
[0.177s] Level 1:colcon.colcon_core.package_identification:_identify(src/my_package) by extensions ['colcon_pkg']
[0.178s] Level 1:colcon.colcon_core.package_identification:_identify(src/my_package) by extension 'colcon_pkg'
[0.178s] Level 1:colcon.colcon_core.package_identification:_identify(src/my_package) by extensions ['colcon_meta']
[0.178s] Level 1:colcon.colcon_core.package_identification:_identify(src/my_package) by extension 'colcon_meta'
[0.178s] Level 1:colcon.colcon_core.package_identification:_identify(src/my_package) by extensions ['ros']
[0.178s] Level 1:colcon.colcon_core.package_identification:_identify(src/my_package) by extension 'ros'
[0.178s] DEBUG:colcon.colcon_core.package_identification:Package 'src/my_package' with type 'ros.ament_cmake' and name 'my_package'
[0.178s] Level 1:colcon.colcon_core.package_identification:_identify(src/py_pubsub) by extensions ['ignore', 'ignore_ament_install']
[0.178s] Level 1:colcon.colcon_core.package_identification:_identify(src/py_pubsub) by extension 'ignore'
[0.179s] Level 1:colcon.colcon_core.package_identification:_identify(src/py_pubsub) by extension 'ignore_ament_install'
[0.179s] Level 1:colcon.colcon_core.package_identification:_identify(src/py_pubsub) by extensions ['colcon_pkg']
[0.179s] Level 1:colcon.colcon_core.package_identification:_identify(src/py_pubsub) by extension 'colcon_pkg'
[0.179s] Level 1:colcon.colcon_core.package_identification:_identify(src/py_pubsub) by extensions ['colcon_meta']
[0.179s] Level 1:colcon.colcon_core.package_identification:_identify(src/py_pubsub) by extension 'colcon_meta'
[0.179s] Level 1:colcon.colcon_core.package_identification:_identify(src/py_pubsub) by extensions ['ros']
[0.179s] Level 1:colcon.colcon_core.package_identification:_identify(src/py_pubsub) by extension 'ros'
[0.179s] DEBUG:colcon.colcon_core.package_identification:Package 'src/py_pubsub' with type 'ros.ament_python' and name 'py_pubsub'
[0.179s] Level 1:colcon.colcon_core.package_discovery:discover_packages(recursive) using defaults
[0.179s] Level 1:colcon.colcon_core.package_discovery:discover_packages(ignore) discover
[0.179s] Level 1:colcon.colcon_core.package_discovery:discover_packages(ignore) using defaults
[0.179s] Level 1:colcon.colcon_core.package_discovery:discover_packages(path) discover
[0.180s] Level 1:colcon.colcon_core.package_discovery:discover_packages(path) using defaults
[0.197s] Level 1:colcon.colcon_core.package_discovery:discover_packages(prefix_path) check parameters
[0.197s] Level 1:colcon.colcon_core.package_discovery:discover_packages(prefix_path) discover
[0.199s] DEBUG:colcon.colcon_installed_package_information.package_discovery:Found 3 installed packages in /home/pk/dev_ws/install
[0.201s] DEBUG:colcon.colcon_installed_package_information.package_discovery:Found 266 installed packages in /opt/ros/foxy
[0.202s] Level 1:colcon.colcon_core.package_discovery:discover_packages(prefix_path) using defaults
[0.290s] Level 5:colcon.colcon_core.verb:set package 'articubot_one' build argument 'cmake_args' from command line to 'None'
[0.291s] Level 5:colcon.colcon_core.verb:set package 'articubot_one' build argument 'cmake_target' from command line to 'None'
[0.291s] Level 5:colcon.colcon_core.verb:set package 'articubot_one' build argument 'cmake_target_skip_unavailable' from command line to 'False'
[0.291s] Level 5:colcon.colcon_core.verb:set package 'articubot_one' build argument 'cmake_clean_cache' from command line to 'False'
[0.291s] Level 5:colcon.colcon_core.verb:set package 'articubot_one' build argument 'cmake_clean_first' from command line to 'False'
[0.291s] Level 5:colcon.colcon_core.verb:set package 'articubot_one' build argument 'cmake_force_configure' from command line to 'False'
[0.291s] Level 5:colcon.colcon_core.verb:set package 'articubot_one' build argument 'ament_cmake_args' from command line to 'None'
[0.291s] Level 5:colcon.colcon_core.verb:set package 'articubot_one' build argument 'catkin_cmake_args' from command line to 'None'
[0.291s] Level 5:colcon.colcon_core.verb:set package 'articubot_one' build argument 'catkin_skip_building_tests' from command line to 'False'
[0.291s] DEBUG:colcon.colcon_core.verb:Building package 'articubot_one' with the following arguments: {'ament_cmake_args': None, 'build_base': '/home/pk/dev_ws/build/articubot_one', 'catkin_cmake_args': None, 'catkin_skip_building_tests': False, 'cmake_args': None, 'cmake_clean_cache': False, 'cmake_clean_first': False, 'cmake_force_configure': False, 'cmake_target': None, 'cmake_target_skip_unavailable': False, 'install_base': '/home/pk/dev_ws/install/articubot_one', 'merge_install': False, 'path': '/home/pk/dev_ws/src/articubot_one', 'symlink_install': True, 'test_result_base': None}
[0.292s] Level 5:colcon.colcon_core.verb:set package 'my_package' build argument 'cmake_args' from command line to 'None'
[0.292s] Level 5:colcon.colcon_core.verb:set package 'my_package' build argument 'cmake_target' from command line to 'None'
[0.292s] Level 5:colcon.colcon_core.verb:set package 'my_package' build argument 'cmake_target_skip_unavailable' from command line to 'False'
[0.292s] Level 5:colcon.colcon_core.verb:set package 'my_package' build argument 'cmake_clean_cache' from command line to 'False'
[0.292s] Level 5:colcon.colcon_core.verb:set package 'my_package' build argument 'cmake_clean_first' from command line to 'False'
[0.292s] Level 5:colcon.colcon_core.verb:set package 'my_package' build argument 'cmake_force_configure' from command line to 'False'
[0.292s] Level 5:colcon.colcon_core.verb:set package 'my_package' build argument 'ament_cmake_args' from command line to 'None'
[0.292s] Level 5:colcon.colcon_core.verb:set package 'my_package' build argument 'catkin_cmake_args' from command line to 'None'
[0.292s] Level 5:colcon.colcon_core.verb:set package 'my_package' build argument 'catkin_skip_building_tests' from command line to 'False'
[0.292s] DEBUG:colcon.colcon_core.verb:Building package 'my_package' with the following arguments: {'ament_cmake_args': None, 'build_base': '/home/pk/dev_ws/build/my_package', 'catkin_cmake_args': None, 'catkin_skip_building_tests': False, 'cmake_args': None, 'cmake_clean_cache': False, 'cmake_clean_first': False, 'cmake_force_configure': False, 'cmake_target': None, 'cmake_target_skip_unavailable': False, 'install_base': '/home/pk/dev_ws/install/my_package', 'merge_install': False, 'path': '/home/pk/dev_ws/src/my_package', 'symlink_install': True, 'test_result_base': None}
[0.293s] Level 5:colcon.colcon_core.verb:set package 'py_pubsub' build argument 'cmake_args' from command line to 'None'
[0.293s] Level 5:colcon.colcon_core.verb:set package 'py_pubsub' build argument 'cmake_target' from command line to 'None'
[0.293s] Level 5:colcon.colcon_core.verb:set package 'py_pubsub' build argument 'cmake_target_skip_unavailable' from command line to 'False'
[0.293s] Level 5:colcon.colcon_core.verb:set package 'py_pubsub' build argument 'cmake_clean_cache' from command line to 'False'
[0.293s] Level 5:colcon.colcon_core.verb:set package 'py_pubsub' build argument 'cmake_clean_first' from command line to 'False'
[0.293s] Level 5:colcon.colcon_core.verb:set package 'py_pubsub' build argument 'cmake_force_configure' from command line to 'False'
[0.293s] Level 5:colcon.colcon_core.verb:set package 'py_pubsub' build argument 'ament_cmake_args' from command line to 'None'
[0.293s] Level 5:colcon.colcon_core.verb:set package 'py_pubsub' build argument 'catkin_cmake_args' from command line to 'None'
[0.293s] Level 5:colcon.colcon_core.verb:set package 'py_pubsub' build argument 'catkin_skip_building_tests' from command line to 'False'
[0.293s] DEBUG:colcon.colcon_core.verb:Building package 'py_pubsub' with the following arguments: {'ament_cmake_args': None, 'build_base': '/home/pk/dev_ws/build/py_pubsub', 'catkin_cmake_args': None, 'catkin_skip_building_tests': False, 'cmake_args': None, 'cmake_clean_cache': False, 'cmake_clean_first': False, 'cmake_force_configure': False, 'cmake_target': None, 'cmake_target_skip_unavailable': False, 'install_base': '/home/pk/dev_ws/install/py_pubsub', 'merge_install': False, 'path': '/home/pk/dev_ws/src/py_pubsub', 'symlink_install': True, 'test_result_base': None}
[0.293s] INFO:colcon.colcon_core.executor:Executing jobs using 'parallel' executor
[0.295s] DEBUG:colcon.colcon_parallel_executor.executor.parallel:run_until_complete
[0.296s] INFO:colcon.colcon_ros.task.ament_cmake.build:Building ROS package in '/home/pk/dev_ws/src/articubot_one' with build type 'ament_cmake'
[0.296s] INFO:colcon.colcon_cmake.task.cmake.build:Building CMake package in '/home/pk/dev_ws/src/articubot_one'
[0.300s] INFO:colcon.colcon_core.plugin_system:Skipping extension 'colcon_core.shell.bat': Not used on non-Windows systems
[0.300s] INFO:colcon.colcon_core.shell:Skip shell extension 'powershell' for command environment: Not usable outside of PowerShell
[0.301s] DEBUG:colcon.colcon_core.shell:Skip shell extension 'dsv' for command environment
[0.308s] INFO:colcon.colcon_ros.task.ament_cmake.build:Building ROS package in '/home/pk/dev_ws/src/my_package' with build type 'ament_cmake'
[0.308s] INFO:colcon.colcon_cmake.task.cmake.build:Building CMake package in '/home/pk/dev_ws/src/my_package'
[0.310s] INFO:colcon.colcon_core.shell:Skip shell extension 'powershell' for command environment: Not usable outside of PowerShell
[0.310s] DEBUG:colcon.colcon_core.shell:Skip shell extension 'dsv' for command environment
[0.316s] INFO:colcon.colcon_ros.task.ament_python.build:Building ROS package in '/home/pk/dev_ws/src/py_pubsub' with build type 'ament_python'
[0.317s] Level 1:colcon.colcon_core.shell:create_environment_hook('py_pubsub', 'ament_prefix_path')
[0.318s] INFO:colcon.colcon_core.shell:Creating environment hook '/home/pk/dev_ws/install/py_pubsub/share/py_pubsub/hook/ament_prefix_path.ps1'
[0.319s] INFO:colcon.colcon_core.shell:Creating environment descriptor '/home/pk/dev_ws/install/py_pubsub/share/py_pubsub/hook/ament_prefix_path.dsv'
[0.320s] INFO:colcon.colcon_core.shell:Creating environment hook '/home/pk/dev_ws/install/py_pubsub/share/py_pubsub/hook/ament_prefix_path.sh'
[0.321s] INFO:colcon.colcon_core.shell:Skip shell extension 'powershell' for command environment: Not usable outside of PowerShell
[0.321s] DEBUG:colcon.colcon_core.shell:Skip shell extension 'dsv' for command environment
[0.335s] DEBUG:colcon.colcon_core.event_handler.log_command:Invoking command in '/home/pk/dev_ws/build/articubot_one': CMAKE_PREFIX_PATH=${CMAKE_PREFIX_PATH}:/home/pk/dev_ws/install/py_pubsub:/opt/ros/foxy /usr/bin/cmake --build /home/pk/dev_ws/build/articubot_one -- -j8 -l8
[0.348s] DEBUG:colcon.colcon_core.event_handler.log_command:Invoking command in '/home/pk/dev_ws/build/my_package': CMAKE_PREFIX_PATH=${CMAKE_PREFIX_PATH}:/home/pk/dev_ws/install/py_pubsub:/opt/ros/foxy /usr/bin/cmake --build /home/pk/dev_ws/build/my_package -- -j8 -l8
[0.597s] INFO:colcon.colcon_core.task.python.build:Building Python package in '/home/pk/dev_ws/src/py_pubsub'
[0.598s] INFO:colcon.colcon_core.shell:Skip shell extension 'powershell' for command environment: Not usable outside of PowerShell
[0.598s] DEBUG:colcon.colcon_core.shell:Skip shell extension 'dsv' for command environment
[0.609s] DEBUG:colcon.colcon_core.event_handler.log_command:Invoked command in '/home/pk/dev_ws/build/articubot_one' returned '0': CMAKE_PREFIX_PATH=${CMAKE_PREFIX_PATH}:/home/pk/dev_ws/install/py_pubsub:/opt/ros/foxy /usr/bin/cmake --build /home/pk/dev_ws/build/articubot_one -- -j8 -l8
[0.613s] DEBUG:colcon.colcon_core.event_handler.log_command:Invoked command in '/home/pk/dev_ws/build/my_package' returned '0': CMAKE_PREFIX_PATH=${CMAKE_PREFIX_PATH}:/home/pk/dev_ws/install/py_pubsub:/opt/ros/foxy /usr/bin/cmake --build /home/pk/dev_ws/build/my_package -- -j8 -l8
[0.648s] DEBUG:colcon.colcon_core.event_handler.log_command:Invoking command in '/home/pk/dev_ws/build/articubot_one': CMAKE_PREFIX_PATH=${CMAKE_PREFIX_PATH}:/home/pk/dev_ws/install/py_pubsub:/opt/ros/foxy /usr/bin/cmake --install /home/pk/dev_ws/build/articubot_one
[0.653s] DEBUG:colcon.colcon_core.event_handler.log_command:Invoking command in '/home/pk/dev_ws/build/my_package': CMAKE_PREFIX_PATH=${CMAKE_PREFIX_PATH}:/home/pk/dev_ws/install/py_pubsub:/opt/ros/foxy /usr/bin/cmake --install /home/pk/dev_ws/build/my_package
[0.678s] Level 1:colcon.colcon_core.environment:create_environment_scripts_only(my_package)
[0.680s] DEBUG:colcon.colcon_core.event_handler.log_command:Invoked command in '/home/pk/dev_ws/build/my_package' returned '0': CMAKE_PREFIX_PATH=${CMAKE_PREFIX_PATH}:/home/pk/dev_ws/install/py_pubsub:/opt/ros/foxy /usr/bin/cmake --install /home/pk/dev_ws/build/my_package
[0.683s] Level 1:colcon.colcon_core.environment:checking '/home/pk/dev_ws/install/my_package' for CMake module files
[0.683s] Level 1:colcon.colcon_core.environment:checking '/home/pk/dev_ws/install/my_package' for CMake config files
[0.684s] Level 1:colcon.colcon_core.shell:create_environment_hook('my_package', 'cmake_prefix_path')
[0.684s] INFO:colcon.colcon_core.shell:Creating environment hook '/home/pk/dev_ws/install/my_package/share/my_package/hook/cmake_prefix_path.ps1'
[0.685s] INFO:colcon.colcon_core.shell:Creating environment descriptor '/home/pk/dev_ws/install/my_package/share/my_package/hook/cmake_prefix_path.dsv'
[0.685s] INFO:colcon.colcon_core.shell:Creating environment hook '/home/pk/dev_ws/install/my_package/share/my_package/hook/cmake_prefix_path.sh'
[0.686s] Level 1:colcon.colcon_core.environment:checking '/home/pk/dev_ws/install/my_package/bin'
[0.686s] Level 1:colcon.colcon_core.environment:checking '/home/pk/dev_ws/install/my_package/lib/pkgconfig/my_package.pc'
[0.686s] Level 1:colcon.colcon_core.environment:checking '/home/pk/dev_ws/install/my_package/lib/python3.8/site-packages'
[0.686s] Level 1:colcon.colcon_core.environment:checking '/home/pk/dev_ws/install/my_package/bin'
[0.687s] INFO:colcon.colcon_core.shell:Creating package script '/home/pk/dev_ws/install/my_package/share/my_package/package.ps1'
[0.688s] INFO:colcon.colcon_core.shell:Creating package descriptor '/home/pk/dev_ws/install/my_package/share/my_package/package.dsv'
[0.688s] INFO:colcon.colcon_core.shell:Creating package script '/home/pk/dev_ws/install/my_package/share/my_package/package.sh'
[0.689s] INFO:colcon.colcon_core.shell:Creating package script '/home/pk/dev_ws/install/my_package/share/my_package/package.bash'
[0.690s] INFO:colcon.colcon_core.shell:Creating package script '/home/pk/dev_ws/install/my_package/share/my_package/package.zsh'
[0.691s] Level 1:colcon.colcon_core.environment:create_file_with_runtime_dependencies(/home/pk/dev_ws/install/my_package/share/colcon-core/packages/my_package)
[0.693s] Level 1:colcon.colcon_core.environment:create_environment_scripts_only(articubot_one)
[0.695s] Level 1:colcon.colcon_core.environment:checking '/home/pk/dev_ws/install/articubot_one' for CMake module files
[0.696s] DEBUG:colcon.colcon_core.event_handler.log_command:Invoked command in '/home/pk/dev_ws/build/articubot_one' returned '0': CMAKE_PREFIX_PATH=${CMAKE_PREFIX_PATH}:/home/pk/dev_ws/install/py_pubsub:/opt/ros/foxy /usr/bin/cmake --install /home/pk/dev_ws/build/articubot_one
[0.696s] Level 1:colcon.colcon_core.environment:checking '/home/pk/dev_ws/install/articubot_one' for CMake config files
[0.696s] Level 1:colcon.colcon_core.shell:create_environment_hook('articubot_one', 'cmake_prefix_path')
[0.697s] INFO:colcon.colcon_core.shell:Creating environment hook '/home/pk/dev_ws/install/articubot_one/share/articubot_one/hook/cmake_prefix_path.ps1'
[0.698s] INFO:colcon.colcon_core.shell:Creating environment descriptor '/home/pk/dev_ws/install/articubot_one/share/articubot_one/hook/cmake_prefix_path.dsv'
[0.698s] INFO:colcon.colcon_core.shell:Creating environment hook '/home/pk/dev_ws/install/articubot_one/share/articubot_one/hook/cmake_prefix_path.sh'
[0.699s] Level 1:colcon.colcon_core.environment:checking '/home/pk/dev_ws/install/articubot_one/bin'
[0.699s] Level 1:colcon.colcon_core.environment:checking '/home/pk/dev_ws/install/articubot_one/lib/pkgconfig/articubot_one.pc'
[0.699s] Level 1:colcon.colcon_core.environment:checking '/home/pk/dev_ws/install/articubot_one/lib/python3.8/site-packages'
[0.699s] Level 1:colcon.colcon_core.environment:checking '/home/pk/dev_ws/install/articubot_one/bin'
[0.700s] INFO:colcon.colcon_core.shell:Creating package script '/home/pk/dev_ws/install/articubot_one/share/articubot_one/package.ps1'
[0.701s] INFO:colcon.colcon_core.shell:Creating package descriptor '/home/pk/dev_ws/install/articubot_one/share/articubot_one/package.dsv'
[0.701s] INFO:colcon.colcon_core.shell:Creating package script '/home/pk/dev_ws/install/articubot_one/share/articubot_one/package.sh'
[0.702s] INFO:colcon.colcon_core.shell:Creating package script '/home/pk/dev_ws/install/articubot_one/share/articubot_one/package.bash'
[0.702s] INFO:colcon.colcon_core.shell:Creating package script '/home/pk/dev_ws/install/articubot_one/share/articubot_one/package.zsh'
[0.703s] Level 1:colcon.colcon_core.environment:create_file_with_runtime_dependencies(/home/pk/dev_ws/install/articubot_one/share/colcon-core/packages/articubot_one)
[0.716s] Level 1:colcon.colcon_core.environment:create_environment_scripts_only(my_package)
[0.717s] Level 1:colcon.colcon_core.environment:checking '/home/pk/dev_ws/install/my_package' for CMake module files
[0.718s] Level 1:colcon.colcon_core.environment:checking '/home/pk/dev_ws/install/my_package' for CMake config files
[0.718s] Level 1:colcon.colcon_core.shell:create_environment_hook('my_package', 'cmake_prefix_path')
[0.718s] INFO:colcon.colcon_core.shell:Creating environment hook '/home/pk/dev_ws/install/my_package/share/my_package/hook/cmake_prefix_path.ps1'
[0.719s] INFO:colcon.colcon_core.shell:Creating environment descriptor '/home/pk/dev_ws/install/my_package/share/my_package/hook/cmake_prefix_path.dsv'
[0.719s] INFO:colcon.colcon_core.shell:Creating environment hook '/home/pk/dev_ws/install/my_package/share/my_package/hook/cmake_prefix_path.sh'
[0.720s] Level 1:colcon.colcon_core.environment:checking '/home/pk/dev_ws/install/my_package/bin'
[0.720s] Level 1:colcon.colcon_core.environment:checking '/home/pk/dev_ws/install/my_package/lib/pkgconfig/my_package.pc'
[0.721s] Level 1:colcon.colcon_core.environment:checking '/home/pk/dev_ws/install/my_package/lib/python3.8/site-packages'
[0.721s] Level 1:colcon.colcon_core.environment:checking '/home/pk/dev_ws/install/my_package/bin'
[0.721s] INFO:colcon.colcon_core.shell:Creating package script '/home/pk/dev_ws/install/my_package/share/my_package/package.ps1'
[0.722s] INFO:colcon.colcon_core.shell:Creating package descriptor '/home/pk/dev_ws/install/my_package/share/my_package/package.dsv'
[0.723s] INFO:colcon.colcon_core.shell:Creating package script '/home/pk/dev_ws/install/my_package/share/my_package/package.sh'
[0.723s] INFO:colcon.colcon_core.shell:Creating package script '/home/pk/dev_ws/install/my_package/share/my_package/package.bash'
[0.723s] INFO:colcon.colcon_core.shell:Creating package script '/home/pk/dev_ws/install/my_package/share/my_package/package.zsh'
[0.724s] Level 1:colcon.colcon_core.environment:create_file_with_runtime_dependencies(/home/pk/dev_ws/install/my_package/share/colcon-core/packages/my_package)
[0.728s] Level 1:colcon.colcon_core.environment:create_environment_scripts_only(articubot_one)
[0.730s] Level 1:colcon.colcon_core.environment:checking '/home/pk/dev_ws/install/articubot_one' for CMake module files
[0.731s] Level 1:colcon.colcon_core.environment:checking '/home/pk/dev_ws/install/articubot_one' for CMake config files
[0.731s] Level 1:colcon.colcon_core.shell:create_environment_hook('articubot_one', 'cmake_prefix_path')
[0.732s] INFO:colcon.colcon_core.shell:Creating environment hook '/home/pk/dev_ws/install/articubot_one/share/articubot_one/hook/cmake_prefix_path.ps1'
[0.733s] INFO:colcon.colcon_core.shell:Creating environment descriptor '/home/pk/dev_ws/install/articubot_one/share/articubot_one/hook/cmake_prefix_path.dsv'
[0.733s] INFO:colcon.colcon_core.shell:Creating environment hook '/home/pk/dev_ws/install/articubot_one/share/articubot_one/hook/cmake_prefix_path.sh'
[0.734s] Level 1:colcon.colcon_core.environment:checking '/home/pk/dev_ws/install/articubot_one/bin'
[0.734s] Level 1:colcon.colcon_core.environment:checking '/home/pk/dev_ws/install/articubot_one/lib/pkgconfig/articubot_one.pc'
[0.734s] Level 1:colcon.colcon_core.environment:checking '/home/pk/dev_ws/install/articubot_one/lib/python3.8/site-packages'
[0.735s] Level 1:colcon.colcon_core.environment:checking '/home/pk/dev_ws/install/articubot_one/bin'
[0.736s] INFO:colcon.colcon_core.shell:Creating package script '/home/pk/dev_ws/install/articubot_one/share/articubot_one/package.ps1'
[0.736s] INFO:colcon.colcon_core.shell:Creating package descriptor '/home/pk/dev_ws/install/articubot_one/share/articubot_one/package.dsv'
[0.737s] INFO:colcon.colcon_core.shell:Creating package script '/home/pk/dev_ws/install/articubot_one/share/articubot_one/package.sh'
[0.738s] INFO:colcon.colcon_core.shell:Creating package script '/home/pk/dev_ws/install/articubot_one/share/articubot_one/package.bash'
[0.738s] INFO:colcon.colcon_core.shell:Creating package script '/home/pk/dev_ws/install/articubot_one/share/articubot_one/package.zsh'
[0.739s] Level 1:colcon.colcon_core.environment:create_file_with_runtime_dependencies(/home/pk/dev_ws/install/articubot_one/share/colcon-core/packages/articubot_one)
[1.050s] DEBUG:colcon.colcon_core.event_handler.log_command:Invoking command in '/home/pk/dev_ws/build/py_pubsub': PYTHONPATH=/home/pk/dev_ws/install/py_pubsub/lib/python3.8/site-packages:${PYTHONPATH} /usr/bin/python3 setup.py develop --prefix /home/pk/dev_ws/install/py_pubsub --editable --build-directory /home/pk/dev_ws/build/py_pubsub/build --no-deps install_data --install-dir /home/pk/dev_ws/install/py_pubsub
[1.534s] Level 1:colcon.colcon_core.shell:create_environment_hook('py_pubsub', 'pythonpath_develop')
[1.535s] INFO:colcon.colcon_core.shell:Creating environment hook '/home/pk/dev_ws/build/py_pubsub/share/py_pubsub/hook/pythonpath_develop.ps1'
[1.536s] DEBUG:colcon.colcon_core.event_handler.log_command:Invoked command in '/home/pk/dev_ws/build/py_pubsub' returned '0': PYTHONPATH=/home/pk/dev_ws/install/py_pubsub/lib/python3.8/site-packages:${PYTHONPATH} /usr/bin/python3 setup.py develop --prefix /home/pk/dev_ws/install/py_pubsub --editable --build-directory /home/pk/dev_ws/build/py_pubsub/build --no-deps install_data --install-dir /home/pk/dev_ws/install/py_pubsub
[1.536s] INFO:colcon.colcon_core.shell:Creating environment descriptor '/home/pk/dev_ws/build/py_pubsub/share/py_pubsub/hook/pythonpath_develop.dsv'
[1.537s] INFO:colcon.colcon_core.shell:Creating environment hook '/home/pk/dev_ws/build/py_pubsub/share/py_pubsub/hook/pythonpath_develop.sh'
[1.538s] Level 1:colcon.colcon_core.environment:checking '/home/pk/dev_ws/install/py_pubsub' for CMake module files
[1.539s] Level 1:colcon.colcon_core.environment:checking '/home/pk/dev_ws/install/py_pubsub' for CMake config files
[1.539s] Level 1:colcon.colcon_core.environment:checking '/home/pk/dev_ws/install/py_pubsub/lib'
[1.540s] Level 1:colcon.colcon_core.environment:checking '/home/pk/dev_ws/install/py_pubsub/bin'
[1.540s] Level 1:colcon.colcon_core.environment:checking '/home/pk/dev_ws/install/py_pubsub/lib/pkgconfig/py_pubsub.pc'
[1.540s] Level 1:colcon.colcon_core.environment:checking '/home/pk/dev_ws/install/py_pubsub/lib/python3.8/site-packages'
[1.540s] Level 1:colcon.colcon_core.shell:create_environment_hook('py_pubsub', 'pythonpath')
[1.541s] INFO:colcon.colcon_core.shell:Creating environment hook '/home/pk/dev_ws/install/py_pubsub/share/py_pubsub/hook/pythonpath.ps1'
[1.541s] INFO:colcon.colcon_core.shell:Creating environment descriptor '/home/pk/dev_ws/install/py_pubsub/share/py_pubsub/hook/pythonpath.dsv'
[1.541s] INFO:colcon.colcon_core.shell:Creating environment hook '/home/pk/dev_ws/install/py_pubsub/share/py_pubsub/hook/pythonpath.sh'
[1.542s] Level 1:colcon.colcon_core.environment:checking '/home/pk/dev_ws/install/py_pubsub/bin'
[1.542s] Level 1:colcon.colcon_core.environment:create_environment_scripts_only(py_pubsub)
[1.543s] INFO:colcon.colcon_core.shell:Creating package script '/home/pk/dev_ws/install/py_pubsub/share/py_pubsub/package.ps1'
[1.544s] INFO:colcon.colcon_core.shell:Creating package descriptor '/home/pk/dev_ws/install/py_pubsub/share/py_pubsub/package.dsv'
[1.544s] INFO:colcon.colcon_core.shell:Creating package script '/home/pk/dev_ws/install/py_pubsub/share/py_pubsub/package.sh'
[1.545s] INFO:colcon.colcon_core.shell:Creating package script '/home/pk/dev_ws/install/py_pubsub/share/py_pubsub/package.bash'
[1.545s] INFO:colcon.colcon_core.shell:Creating package script '/home/pk/dev_ws/install/py_pubsub/share/py_pubsub/package.zsh'
[1.546s] Level 1:colcon.colcon_core.environment:create_file_with_runtime_dependencies(/home/pk/dev_ws/install/py_pubsub/share/colcon-core/packages/py_pubsub)
[1.546s] DEBUG:colcon.colcon_parallel_executor.executor.parallel:closing loop
[1.546s] DEBUG:colcon.colcon_parallel_executor.executor.parallel:loop closed
[1.546s] DEBUG:colcon.colcon_parallel_executor.executor.parallel:run_until_complete finished with '0'
[1.546s] DEBUG:colcon.colcon_core.event_reactor:joining thread
[1.553s] INFO:colcon.colcon_core.plugin_system:Skipping extension 'colcon_notification.desktop_notification.terminal_notifier': Not used on non-Darwin systems
[1.553s] INFO:colcon.colcon_core.plugin_system:Skipping extension 'colcon_notification.desktop_notification.win32': Not used on non-Windows systems
[1.553s] INFO:colcon.colcon_notification.desktop_notification:Sending desktop notification using 'notify2'
[1.570s] DEBUG:colcon.colcon_core.event_reactor:joined thread
[1.571s] INFO:colcon.colcon_core.shell:Creating prefix script '/home/pk/dev_ws/install/local_setup.ps1'
[1.572s] INFO:colcon.colcon_core.shell:Creating prefix util module '/home/pk/dev_ws/install/_local_setup_util_ps1.py'
[1.573s] INFO:colcon.colcon_core.shell:Creating prefix chain script '/home/pk/dev_ws/install/setup.ps1'
[1.575s] INFO:colcon.colcon_core.shell:Creating prefix script '/home/pk/dev_ws/install/local_setup.sh'
[1.576s] INFO:colcon.colcon_core.shell:Creating prefix util module '/home/pk/dev_ws/install/_local_setup_util_sh.py'
[1.576s] INFO:colcon.colcon_core.shell:Creating prefix chain script '/home/pk/dev_ws/install/setup.sh'
[1.578s] INFO:colcon.colcon_core.shell:Creating prefix script '/home/pk/dev_ws/install/local_setup.bash'
[1.578s] INFO:colcon.colcon_core.shell:Creating prefix chain script '/home/pk/dev_ws/install/setup.bash'
[1.580s] INFO:colcon.colcon_core.shell:Creating prefix script '/home/pk/dev_ws/install/local_setup.zsh'
[1.580s] INFO:colcon.colcon_core.shell:Creating prefix chain script '/home/pk/dev_ws/install/setup.zsh'
