[0.013s] Invoking command in '/home/pk/dev_ws/src/articubot_one/build/articubot_one': CMAKE_PREFIX_PATH=/opt/ros/foxy /usr/bin/cmake /home/pk/dev_ws/src/articubot_one -DAMENT_CMAKE_SYMLINK_INSTALL=1 -DCMAKE_INSTALL_PREFIX=/home/pk/dev_ws/src/articubot_one/install/articubot_one
[0.078s] -- The C compiler identification is GNU 9.4.0
[0.147s] -- The CXX compiler identification is GNU 9.4.0
[0.151s] -- Check for working C compiler: /usr/bin/cc
[0.228s] -- Check for working C compiler: /usr/bin/cc -- works
[0.229s] -- Detecting C compiler ABI info
[0.305s] -- Detecting C compiler ABI info - done
[0.328s] -- Detecting C compile features
[0.329s] -- Detecting C compile features - done
[0.334s] -- Check for working CXX compiler: /usr/bin/c++
[0.441s] -- Check for working CXX compiler: /usr/bin/c++ -- works
[0.442s] -- Detecting CXX compiler ABI info
[0.545s] -- Detecting CXX compiler ABI info - done
[0.559s] -- Detecting CXX compile features
[0.559s] -- Detecting CXX compile features - done
[0.562s] -- Found ament_cmake: 0.9.9 (/opt/ros/foxy/share/ament_cmake/cmake)
[0.588s] -- Found PythonInterp: /usr/bin/python3 (found suitable version "3.8.10", minimum required is "3") 
[0.588s] -- Using PYTHON_EXECUTABLE: /usr/bin/python3
[0.802s] -- Override CMake install command with custom implementation using symlinks instead of copying resources
[0.829s] -- Found ament_lint_auto: 0.9.6 (/opt/ros/foxy/share/ament_lint_auto/cmake)
[0.928s] -- Added test 'copyright' to check source files copyright and LICENSE
[0.941s] -- Added test 'cppcheck' to perform static code analysis on C / C++ code
[0.941s] -- Configured cppcheck include dirs: 
[0.941s] -- Configured cppcheck exclude dirs and/or files: 
[0.952s] -- Added test 'cpplint' to check C / C++ code against the Google style
[0.952s] -- Configured cpplint exclude dirs and/or files: 
[0.954s] -- Added test 'flake8' to check Python code syntax and style conventions
[0.957s] -- Added test 'lint_cmake' to check CMake code style
[0.959s] -- Added test 'pep257' to check Python code against some of the style conventions in PEP 257
[0.970s] -- Added test 'uncrustify' to check C / C++ code style
[0.971s] -- Configured uncrustify additional arguments: 
[0.973s] -- Added test 'xmllint' to check XML markup files
[0.976s] -- Configuring done
[0.978s] -- Generating done
[0.979s] -- Build files have been written to: /home/pk/dev_ws/src/articubot_one/build/articubot_one
[0.984s] Invoked command in '/home/pk/dev_ws/src/articubot_one/build/articubot_one' returned '0': CMAKE_PREFIX_PATH=/opt/ros/foxy /usr/bin/cmake /home/pk/dev_ws/src/articubot_one -DAMENT_CMAKE_SYMLINK_INSTALL=1 -DCMAKE_INSTALL_PREFIX=/home/pk/dev_ws/src/articubot_one/install/articubot_one
[0.988s] Invoking command in '/home/pk/dev_ws/src/articubot_one/build/articubot_one': CMAKE_PREFIX_PATH=/opt/ros/foxy /usr/bin/cmake --build /home/pk/dev_ws/src/articubot_one/build/articubot_one -- -j8 -l8
[1.051s] Invoked command in '/home/pk/dev_ws/src/articubot_one/build/articubot_one' returned '0': CMAKE_PREFIX_PATH=/opt/ros/foxy /usr/bin/cmake --build /home/pk/dev_ws/src/articubot_one/build/articubot_one -- -j8 -l8
[1.090s] Invoking command in '/home/pk/dev_ws/src/articubot_one/build/articubot_one': CMAKE_PREFIX_PATH=/opt/ros/foxy /usr/bin/cmake --install /home/pk/dev_ws/src/articubot_one/build/articubot_one
[1.099s] -- Install configuration: ""
[1.100s] -- Execute custom install script
[1.101s] -- Symlinking: /home/pk/dev_ws/src/articubot_one/install/articubot_one/share/articubot_one/config/drive_bot.rviz
[1.114s] -- Symlinking: /home/pk/dev_ws/src/articubot_one/install/articubot_one/share/articubot_one/config/empty.yaml
[1.127s] -- Symlinking: /home/pk/dev_ws/src/articubot_one/install/articubot_one/share/articubot_one/config/view_bot.rviz
[1.139s] -- Symlinking: /home/pk/dev_ws/src/articubot_one/install/articubot_one/share/articubot_one/description/gazebo_control.xacro
[1.150s] -- Symlinking: /home/pk/dev_ws/src/articubot_one/install/articubot_one/share/articubot_one/description/inertial_macros.xacro
[1.160s] -- Symlinking: /home/pk/dev_ws/src/articubot_one/install/articubot_one/share/articubot_one/description/robot.urdf.xacro
[1.171s] -- Symlinking: /home/pk/dev_ws/src/articubot_one/install/articubot_one/share/articubot_one/description/robot_core.xacro
[1.181s] -- Symlinking: /home/pk/dev_ws/src/articubot_one/install/articubot_one/share/articubot_one/launch/launch_sim.launch.py
[1.192s] -- Symlinking: /home/pk/dev_ws/src/articubot_one/install/articubot_one/share/articubot_one/launch/rsp.launch.py
[1.203s] -- Symlinking: /home/pk/dev_ws/src/articubot_one/install/articubot_one/share/articubot_one/worlds/empty.world
[1.215s] -- Symlinking: /home/pk/dev_ws/src/articubot_one/install/articubot_one/share/articubot_one/worlds/obstacles.world
[1.226s] -- Symlinking: /home/pk/dev_ws/src/articubot_one/install/articubot_one/share/ament_index/resource_index/package_run_dependencies/articubot_one
[1.237s] -- Symlinking: /home/pk/dev_ws/src/articubot_one/install/articubot_one/share/ament_index/resource_index/parent_prefix_path/articubot_one
[1.247s] -- Symlinking: /home/pk/dev_ws/src/articubot_one/install/articubot_one/share/articubot_one/environment/ament_prefix_path.sh
[1.257s] -- Symlinking: /home/pk/dev_ws/src/articubot_one/install/articubot_one/share/articubot_one/environment/ament_prefix_path.dsv
[1.268s] -- Symlinking: /home/pk/dev_ws/src/articubot_one/install/articubot_one/share/articubot_one/environment/path.sh
[1.278s] -- Symlinking: /home/pk/dev_ws/src/articubot_one/install/articubot_one/share/articubot_one/environment/path.dsv
[1.288s] -- Symlinking: /home/pk/dev_ws/src/articubot_one/install/articubot_one/share/articubot_one/local_setup.bash
[1.299s] -- Symlinking: /home/pk/dev_ws/src/articubot_one/install/articubot_one/share/articubot_one/local_setup.sh
[1.311s] -- Symlinking: /home/pk/dev_ws/src/articubot_one/install/articubot_one/share/articubot_one/local_setup.zsh
[1.324s] -- Symlinking: /home/pk/dev_ws/src/articubot_one/install/articubot_one/share/articubot_one/local_setup.dsv
[1.335s] -- Symlinking: /home/pk/dev_ws/src/articubot_one/install/articubot_one/share/articubot_one/package.dsv
[1.345s] -- Symlinking: /home/pk/dev_ws/src/articubot_one/install/articubot_one/share/ament_index/resource_index/packages/articubot_one
[1.356s] -- Symlinking: /home/pk/dev_ws/src/articubot_one/install/articubot_one/share/articubot_one/cmake/articubot_oneConfig.cmake
[1.366s] -- Symlinking: /home/pk/dev_ws/src/articubot_one/install/articubot_one/share/articubot_one/cmake/articubot_oneConfig-version.cmake
[1.376s] -- Symlinking: /home/pk/dev_ws/src/articubot_one/install/articubot_one/share/articubot_one/package.xml
[1.388s] Invoked command in '/home/pk/dev_ws/src/articubot_one/build/articubot_one' returned '0': CMAKE_PREFIX_PATH=/opt/ros/foxy /usr/bin/cmake --install /home/pk/dev_ws/src/articubot_one/build/articubot_one
