[0.831s] Invoking command in '/home/pk/dev_ws/src/py_pubsub': PYTHONPATH=/home/pk/dev_ws/install/py_pubsub/lib/python3.8/site-packages:${PYTHONPATH} /usr/bin/python3 setup.py egg_info --egg-base ../../build/py_pubsub build --build-base /home/pk/dev_ws/build/py_pubsub/build install --prefix /home/pk/dev_ws/install/py_pubsub --record /home/pk/dev_ws/build/py_pubsub/install.log --single-version-externally-managed
[1.107s] running egg_info
[1.107s] writing ../../build/py_pubsub/py_pubsub.egg-info/PKG-INFO
[1.108s] writing dependency_links to ../../build/py_pubsub/py_pubsub.egg-info/dependency_links.txt
[1.108s] writing entry points to ../../build/py_pubsub/py_pubsub.egg-info/entry_points.txt
[1.108s] writing requirements to ../../build/py_pubsub/py_pubsub.egg-info/requires.txt
[1.108s] writing top-level names to ../../build/py_pubsub/py_pubsub.egg-info/top_level.txt
[1.154s] reading manifest file '../../build/py_pubsub/py_pubsub.egg-info/SOURCES.txt'
[1.156s] writing manifest file '../../build/py_pubsub/py_pubsub.egg-info/SOURCES.txt'
[1.156s] running build
[1.156s] running build_py
[1.156s] copying py_pubsub/subscriber_member_function.py -> /home/pk/dev_ws/build/py_pubsub/build/lib/py_pubsub
[1.157s] running install
[1.159s] running install_lib
[1.160s] copying /home/pk/dev_ws/build/py_pubsub/build/lib/py_pubsub/subscriber_member_function.py -> /home/pk/dev_ws/install/py_pubsub/lib/python3.8/site-packages/py_pubsub
[1.161s] byte-compiling /home/pk/dev_ws/install/py_pubsub/lib/python3.8/site-packages/py_pubsub/subscriber_member_function.py to subscriber_member_function.cpython-38.pyc
[1.163s] running install_data
[1.163s] running install_egg_info
[1.165s] removing '/home/pk/dev_ws/install/py_pubsub/lib/python3.8/site-packages/py_pubsub-0.0.0-py3.8.egg-info' (and everything under it)
[1.165s] Copying ../../build/py_pubsub/py_pubsub.egg-info to /home/pk/dev_ws/install/py_pubsub/lib/python3.8/site-packages/py_pubsub-0.0.0-py3.8.egg-info
[1.166s] running install_scripts
[1.194s] Installing listener script to /home/pk/dev_ws/install/py_pubsub/lib/py_pubsub
[1.194s] Installing talker script to /home/pk/dev_ws/install/py_pubsub/lib/py_pubsub
[1.195s] writing list of installed files to '/home/pk/dev_ws/build/py_pubsub/install.log'
[1.239s] Invoked command in '/home/pk/dev_ws/src/py_pubsub' returned '0': PYTHONPATH=/home/pk/dev_ws/install/py_pubsub/lib/python3.8/site-packages:${PYTHONPATH} /usr/bin/python3 setup.py egg_info --egg-base ../../build/py_pubsub build --build-base /home/pk/dev_ws/build/py_pubsub/build install --prefix /home/pk/dev_ws/install/py_pubsub --record /home/pk/dev_ws/build/py_pubsub/install.log --single-version-externally-managed
