[0.022s] Invoking command in '/home/pk/dev_ws/build/my_package': CMAKE_PREFIX_PATH=/opt/ros/foxy /usr/bin/cmake /home/pk/dev_ws/src/my_package -DAMENT_CMAKE_SYMLINK_INSTALL=1 -DCMAKE_INSTALL_PREFIX=/home/pk/dev_ws/install/my_package
[0.078s] -- The C compiler identification is GNU 9.4.0
[0.140s] -- The CXX compiler identification is GNU 9.4.0
[0.145s] -- Check for working C compiler: /usr/bin/cc
[0.232s] -- Check for working C compiler: /usr/bin/cc -- works
[0.233s] -- Detecting C compiler ABI info
[0.310s] -- Detecting C compiler ABI info - done
[0.323s] -- Detecting C compile features
[0.323s] -- Detecting C compile features - done
[0.326s] -- Check for working CXX compiler: /usr/bin/c++
[0.411s] -- Check for working CXX compiler: /usr/bin/c++ -- works
[0.413s] -- Detecting CXX compiler ABI info
[0.505s] -- Detecting CXX compiler ABI info - done
[0.519s] -- Detecting CXX compile features
[0.520s] -- Detecting CXX compile features - done
[0.523s] -- Found ament_cmake: 0.9.9 (/opt/ros/foxy/share/ament_cmake/cmake)
[0.561s] -- Found PythonInterp: /usr/bin/python3 (found suitable version "3.8.10", minimum required is "3") 
[0.562s] -- Using PYTHON_EXECUTABLE: /usr/bin/python3
[0.761s] -- Override CMake install command with custom implementation using symlinks instead of copying resources
[0.793s] -- Found ament_lint_auto: 0.9.6 (/opt/ros/foxy/share/ament_lint_auto/cmake)
[0.888s] -- Added test 'copyright' to check source files copyright and LICENSE
[0.891s] -- Added test 'lint_cmake' to check CMake code style
[0.894s] -- Added test 'xmllint' to check XML markup files
[0.898s] -- Configuring done
[0.902s] -- Generating done
[0.903s] -- Build files have been written to: /home/pk/dev_ws/build/my_package
[0.908s] Invoked command in '/home/pk/dev_ws/build/my_package' returned '0': CMAKE_PREFIX_PATH=/opt/ros/foxy /usr/bin/cmake /home/pk/dev_ws/src/my_package -DAMENT_CMAKE_SYMLINK_INSTALL=1 -DCMAKE_INSTALL_PREFIX=/home/pk/dev_ws/install/my_package
[0.910s] Invoking command in '/home/pk/dev_ws/build/my_package': CMAKE_PREFIX_PATH=/opt/ros/foxy /usr/bin/cmake --build /home/pk/dev_ws/build/my_package -- -j8 -l8
[0.959s] Invoked command in '/home/pk/dev_ws/build/my_package' returned '0': CMAKE_PREFIX_PATH=/opt/ros/foxy /usr/bin/cmake --build /home/pk/dev_ws/build/my_package -- -j8 -l8
[0.997s] Invoking command in '/home/pk/dev_ws/build/my_package': CMAKE_PREFIX_PATH=/opt/ros/foxy /usr/bin/cmake --install /home/pk/dev_ws/build/my_package
[1.009s] -- Install configuration: ""
[1.009s] -- Execute custom install script
[1.010s] -- Symlinking: /home/pk/dev_ws/install/my_package/share/ament_index/resource_index/package_run_dependencies/my_package
[1.021s] -- Symlinking: /home/pk/dev_ws/install/my_package/share/ament_index/resource_index/parent_prefix_path/my_package
[1.035s] -- Symlinking: /home/pk/dev_ws/install/my_package/share/my_package/environment/ament_prefix_path.sh
[1.046s] -- Symlinking: /home/pk/dev_ws/install/my_package/share/my_package/environment/ament_prefix_path.dsv
[1.057s] -- Symlinking: /home/pk/dev_ws/install/my_package/share/my_package/environment/path.sh
[1.067s] -- Symlinking: /home/pk/dev_ws/install/my_package/share/my_package/environment/path.dsv
[1.077s] -- Symlinking: /home/pk/dev_ws/install/my_package/share/my_package/local_setup.bash
[1.088s] -- Symlinking: /home/pk/dev_ws/install/my_package/share/my_package/local_setup.sh
[1.101s] -- Symlinking: /home/pk/dev_ws/install/my_package/share/my_package/local_setup.zsh
[1.112s] -- Symlinking: /home/pk/dev_ws/install/my_package/share/my_package/local_setup.dsv
[1.123s] -- Symlinking: /home/pk/dev_ws/install/my_package/share/my_package/package.dsv
[1.134s] -- Symlinking: /home/pk/dev_ws/install/my_package/share/ament_index/resource_index/packages/my_package
[1.145s] -- Symlinking: /home/pk/dev_ws/install/my_package/share/my_package/cmake/my_packageConfig.cmake
[1.156s] -- Symlinking: /home/pk/dev_ws/install/my_package/share/my_package/cmake/my_packageConfig-version.cmake
[1.167s] -- Symlinking: /home/pk/dev_ws/install/my_package/share/my_package/package.xml
[1.180s] Invoked command in '/home/pk/dev_ws/build/my_package' returned '0': CMAKE_PREFIX_PATH=/opt/ros/foxy /usr/bin/cmake --install /home/pk/dev_ws/build/my_package
