[0.219s] DEBUG:colcon:Command line arguments: ['/usr/bin/colcon', 'build', '--symlink-install']
[0.219s] DEBUG:colcon:Parsed command line arguments: Namespace(allow_overriding=[], ament_cmake_args=None, base_paths=['.'], build_base='build', catkin_cmake_args=None, catkin_skip_building_tests=False, cmake_args=None, cmake_clean_cache=False, cmake_clean_first=False, cmake_force_configure=False, cmake_target=None, cmake_target_skip_unavailable=False, continue_on_error=False, event_handlers=None, executor='parallel', ignore_user_meta=False, install_base='install', log_base=None, log_level=None, main=<bound method BuildVerb.main of <colcon_core.verb.build.BuildVerb object at 0x7f20875f6700>>, merge_install=False, metas=['./colcon.meta'], packages_above=None, packages_above_and_dependencies=None, packages_above_depth=None, packages_end=None, packages_ignore=None, packages_ignore_regex=None, packages_select=None, packages_select_build_failed=False, packages_select_by_dep=None, packages_select_regex=None, packages_select_test_failures=False, packages_skip=None, packages_skip_build_finished=False, packages_skip_by_dep=None, packages_skip_regex=None, packages_skip_test_passed=False, packages_skip_up_to=None, packages_start=None, packages_up_to=None, packages_up_to_regex=None, parallel_workers=8, paths=None, symlink_install=True, test_result_base=None, verb_extension=<colcon_core.verb.build.BuildVerb object at 0x7f20875f6700>, verb_name='build', verb_parser=<colcon_defaults.argument_parser.defaults.DefaultArgumentsDecorator object at 0x7f20875f6c40>)
[0.260s] Level 1:colcon.colcon_core.package_discovery:discover_packages(colcon_meta) check parameters
[0.261s] Level 1:colcon.colcon_core.package_discovery:discover_packages(recursive) check parameters
[0.261s] Level 1:colcon.colcon_core.package_discovery:discover_packages(ignore) check parameters
[0.261s] Level 1:colcon.colcon_core.package_discovery:discover_packages(path) check parameters
[0.261s] Level 1:colcon.colcon_core.package_discovery:discover_packages(colcon_meta) discover
[0.261s] Level 1:colcon.colcon_core.package_discovery:discover_packages(recursive) discover
[0.261s] INFO:colcon.colcon_core.package_discovery:Crawling recursively for packages in '/home/pk/dev_ws'
[0.261s] Level 1:colcon.colcon_core.package_identification:_identify(.) by extensions ['ignore', 'ignore_ament_install']
[0.261s] Level 1:colcon.colcon_core.package_identification:_identify(.) by extension 'ignore'
[0.261s] Level 1:colcon.colcon_core.package_identification:_identify(.) by extension 'ignore_ament_install'
[0.261s] Level 1:colcon.colcon_core.package_identification:_identify(.) by extensions ['colcon_pkg']
[0.261s] Level 1:colcon.colcon_core.package_identification:_identify(.) by extension 'colcon_pkg'
[0.261s] Level 1:colcon.colcon_core.package_identification:_identify(.) by extensions ['colcon_meta']
[0.261s] Level 1:colcon.colcon_core.package_identification:_identify(.) by extension 'colcon_meta'
[0.262s] Level 1:colcon.colcon_core.package_identification:_identify(.) by extensions ['ros']
[0.262s] Level 1:colcon.colcon_core.package_identification:_identify(.) by extension 'ros'
[0.277s] Level 1:colcon.colcon_core.package_identification:_identify(.) by extensions ['cmake', 'python']
[0.277s] Level 1:colcon.colcon_core.package_identification:_identify(.) by extension 'cmake'
[0.277s] Level 1:colcon.colcon_core.package_identification:_identify(.) by extension 'python'
[0.277s] Level 1:colcon.colcon_core.package_identification:_identify(.) by extensions ['python_setup_py']
[0.277s] Level 1:colcon.colcon_core.package_identification:_identify(.) by extension 'python_setup_py'
[0.277s] Level 1:colcon.colcon_core.package_identification:_identify(build) by extensions ['ignore', 'ignore_ament_install']
[0.277s] Level 1:colcon.colcon_core.package_identification:_identify(build) by extension 'ignore'
[0.277s] Level 1:colcon.colcon_core.package_identification:_identify(build) ignored
[0.278s] Level 1:colcon.colcon_core.package_identification:_identify(install) by extensions ['ignore', 'ignore_ament_install']
[0.278s] Level 1:colcon.colcon_core.package_identification:_identify(install) by extension 'ignore'
[0.278s] Level 1:colcon.colcon_core.package_identification:_identify(install) ignored
[0.278s] Level 1:colcon.colcon_core.package_identification:_identify(log) by extensions ['ignore', 'ignore_ament_install']
[0.278s] Level 1:colcon.colcon_core.package_identification:_identify(log) by extension 'ignore'
[0.278s] Level 1:colcon.colcon_core.package_identification:_identify(log) ignored
[0.278s] Level 1:colcon.colcon_core.package_identification:_identify(src) by extensions ['ignore', 'ignore_ament_install']
[0.278s] Level 1:colcon.colcon_core.package_identification:_identify(src) by extension 'ignore'
[0.279s] Level 1:colcon.colcon_core.package_identification:_identify(src) by extension 'ignore_ament_install'
[0.279s] Level 1:colcon.colcon_core.package_identification:_identify(src) by extensions ['colcon_pkg']
[0.279s] Level 1:colcon.colcon_core.package_identification:_identify(src) by extension 'colcon_pkg'
[0.279s] Level 1:colcon.colcon_core.package_identification:_identify(src) by extensions ['colcon_meta']
[0.279s] Level 1:colcon.colcon_core.package_identification:_identify(src) by extension 'colcon_meta'
[0.279s] Level 1:colcon.colcon_core.package_identification:_identify(src) by extensions ['ros']
[0.279s] Level 1:colcon.colcon_core.package_identification:_identify(src) by extension 'ros'
[0.279s] Level 1:colcon.colcon_core.package_identification:_identify(src) by extensions ['cmake', 'python']
[0.279s] Level 1:colcon.colcon_core.package_identification:_identify(src) by extension 'cmake'
[0.279s] Level 1:colcon.colcon_core.package_identification:_identify(src) by extension 'python'
[0.279s] Level 1:colcon.colcon_core.package_identification:_identify(src) by extensions ['python_setup_py']
[0.279s] Level 1:colcon.colcon_core.package_identification:_identify(src) by extension 'python_setup_py'
[0.279s] Level 1:colcon.colcon_core.package_identification:_identify(src/articubot_one) by extensions ['ignore', 'ignore_ament_install']
[0.279s] Level 1:colcon.colcon_core.package_identification:_identify(src/articubot_one) by extension 'ignore'
[0.279s] Level 1:colcon.colcon_core.package_identification:_identify(src/articubot_one) by extension 'ignore_ament_install'
[0.280s] Level 1:colcon.colcon_core.package_identification:_identify(src/articubot_one) by extensions ['colcon_pkg']
[0.280s] Level 1:colcon.colcon_core.package_identification:_identify(src/articubot_one) by extension 'colcon_pkg'
[0.280s] Level 1:colcon.colcon_core.package_identification:_identify(src/articubot_one) by extensions ['colcon_meta']
[0.280s] Level 1:colcon.colcon_core.package_identification:_identify(src/articubot_one) by extension 'colcon_meta'
[0.280s] Level 1:colcon.colcon_core.package_identification:_identify(src/articubot_one) by extensions ['ros']
[0.280s] Level 1:colcon.colcon_core.package_identification:_identify(src/articubot_one) by extension 'ros'
[0.285s] DEBUG:colcon.colcon_core.package_identification:Package 'src/articubot_one' with type 'ros.ament_cmake' and name 'articubot_one'
[0.285s] Level 1:colcon.colcon_core.package_identification:_identify(src/my_package) by extensions ['ignore', 'ignore_ament_install']
[0.285s] Level 1:colcon.colcon_core.package_identification:_identify(src/my_package) by extension 'ignore'
[0.285s] Level 1:colcon.colcon_core.package_identification:_identify(src/my_package) by extension 'ignore_ament_install'
[0.285s] Level 1:colcon.colcon_core.package_identification:_identify(src/my_package) by extensions ['colcon_pkg']
[0.286s] Level 1:colcon.colcon_core.package_identification:_identify(src/my_package) by extension 'colcon_pkg'
[0.286s] Level 1:colcon.colcon_core.package_identification:_identify(src/my_package) by extensions ['colcon_meta']
[0.286s] Level 1:colcon.colcon_core.package_identification:_identify(src/my_package) by extension 'colcon_meta'
[0.286s] Level 1:colcon.colcon_core.package_identification:_identify(src/my_package) by extensions ['ros']
[0.286s] Level 1:colcon.colcon_core.package_identification:_identify(src/my_package) by extension 'ros'
[0.286s] DEBUG:colcon.colcon_core.package_identification:Package 'src/my_package' with type 'ros.ament_cmake' and name 'my_package'
[0.286s] Level 1:colcon.colcon_core.package_identification:_identify(src/py_pubsub) by extensions ['ignore', 'ignore_ament_install']
[0.287s] Level 1:colcon.colcon_core.package_identification:_identify(src/py_pubsub) by extension 'ignore'
[0.287s] Level 1:colcon.colcon_core.package_identification:_identify(src/py_pubsub) by extension 'ignore_ament_install'
[0.287s] Level 1:colcon.colcon_core.package_identification:_identify(src/py_pubsub) by extensions ['colcon_pkg']
[0.287s] Level 1:colcon.colcon_core.package_identification:_identify(src/py_pubsub) by extension 'colcon_pkg'
[0.287s] Level 1:colcon.colcon_core.package_identification:_identify(src/py_pubsub) by extensions ['colcon_meta']
[0.287s] Level 1:colcon.colcon_core.package_identification:_identify(src/py_pubsub) by extension 'colcon_meta'
[0.287s] Level 1:colcon.colcon_core.package_identification:_identify(src/py_pubsub) by extensions ['ros']
[0.287s] Level 1:colcon.colcon_core.package_identification:_identify(src/py_pubsub) by extension 'ros'
[0.288s] DEBUG:colcon.colcon_core.package_identification:Package 'src/py_pubsub' with type 'ros.ament_python' and name 'py_pubsub'
[0.288s] Level 1:colcon.colcon_core.package_discovery:discover_packages(recursive) using defaults
[0.288s] Level 1:colcon.colcon_core.package_discovery:discover_packages(ignore) discover
[0.288s] Level 1:colcon.colcon_core.package_discovery:discover_packages(ignore) using defaults
[0.288s] Level 1:colcon.colcon_core.package_discovery:discover_packages(path) discover
[0.288s] Level 1:colcon.colcon_core.package_discovery:discover_packages(path) using defaults
[0.311s] Level 1:colcon.colcon_core.package_discovery:discover_packages(prefix_path) check parameters
[0.311s] Level 1:colcon.colcon_core.package_discovery:discover_packages(prefix_path) discover
[0.315s] DEBUG:colcon.colcon_installed_package_information.package_discovery:Found 3 installed packages in /home/pk/dev_ws/install
[0.317s] DEBUG:colcon.colcon_installed_package_information.package_discovery:Found 266 installed packages in /opt/ros/foxy
[0.319s] Level 1:colcon.colcon_core.package_discovery:discover_packages(prefix_path) using defaults
[0.418s] Level 5:colcon.colcon_core.verb:set package 'articubot_one' build argument 'cmake_args' from command line to 'None'
[0.418s] Level 5:colcon.colcon_core.verb:set package 'articubot_one' build argument 'cmake_target' from command line to 'None'
[0.418s] Level 5:colcon.colcon_core.verb:set package 'articubot_one' build argument 'cmake_target_skip_unavailable' from command line to 'False'
[0.418s] Level 5:colcon.colcon_core.verb:set package 'articubot_one' build argument 'cmake_clean_cache' from command line to 'False'
[0.418s] Level 5:colcon.colcon_core.verb:set package 'articubot_one' build argument 'cmake_clean_first' from command line to 'False'
[0.418s] Level 5:colcon.colcon_core.verb:set package 'articubot_one' build argument 'cmake_force_configure' from command line to 'False'
[0.418s] Level 5:colcon.colcon_core.verb:set package 'articubot_one' build argument 'ament_cmake_args' from command line to 'None'
[0.418s] Level 5:colcon.colcon_core.verb:set package 'articubot_one' build argument 'catkin_cmake_args' from command line to 'None'
[0.418s] Level 5:colcon.colcon_core.verb:set package 'articubot_one' build argument 'catkin_skip_building_tests' from command line to 'False'
[0.418s] DEBUG:colcon.colcon_core.verb:Building package 'articubot_one' with the following arguments: {'ament_cmake_args': None, 'build_base': '/home/pk/dev_ws/build/articubot_one', 'catkin_cmake_args': None, 'catkin_skip_building_tests': False, 'cmake_args': None, 'cmake_clean_cache': False, 'cmake_clean_first': False, 'cmake_force_configure': False, 'cmake_target': None, 'cmake_target_skip_unavailable': False, 'install_base': '/home/pk/dev_ws/install/articubot_one', 'merge_install': False, 'path': '/home/pk/dev_ws/src/articubot_one', 'symlink_install': True, 'test_result_base': None}
[0.419s] Level 5:colcon.colcon_core.verb:set package 'my_package' build argument 'cmake_args' from command line to 'None'
[0.419s] Level 5:colcon.colcon_core.verb:set package 'my_package' build argument 'cmake_target' from command line to 'None'
[0.419s] Level 5:colcon.colcon_core.verb:set package 'my_package' build argument 'cmake_target_skip_unavailable' from command line to 'False'
[0.419s] Level 5:colcon.colcon_core.verb:set package 'my_package' build argument 'cmake_clean_cache' from command line to 'False'
[0.419s] Level 5:colcon.colcon_core.verb:set package 'my_package' build argument 'cmake_clean_first' from command line to 'False'
[0.419s] Level 5:colcon.colcon_core.verb:set package 'my_package' build argument 'cmake_force_configure' from command line to 'False'
[0.419s] Level 5:colcon.colcon_core.verb:set package 'my_package' build argument 'ament_cmake_args' from command line to 'None'
[0.419s] Level 5:colcon.colcon_core.verb:set package 'my_package' build argument 'catkin_cmake_args' from command line to 'None'
[0.419s] Level 5:colcon.colcon_core.verb:set package 'my_package' build argument 'catkin_skip_building_tests' from command line to 'False'
[0.419s] DEBUG:colcon.colcon_core.verb:Building package 'my_package' with the following arguments: {'ament_cmake_args': None, 'build_base': '/home/pk/dev_ws/build/my_package', 'catkin_cmake_args': None, 'catkin_skip_building_tests': False, 'cmake_args': None, 'cmake_clean_cache': False, 'cmake_clean_first': False, 'cmake_force_configure': False, 'cmake_target': None, 'cmake_target_skip_unavailable': False, 'install_base': '/home/pk/dev_ws/install/my_package', 'merge_install': False, 'path': '/home/pk/dev_ws/src/my_package', 'symlink_install': True, 'test_result_base': None}
[0.420s] Level 5:colcon.colcon_core.verb:set package 'py_pubsub' build argument 'cmake_args' from command line to 'None'
[0.420s] Level 5:colcon.colcon_core.verb:set package 'py_pubsub' build argument 'cmake_target' from command line to 'None'
[0.420s] Level 5:colcon.colcon_core.verb:set package 'py_pubsub' build argument 'cmake_target_skip_unavailable' from command line to 'False'
[0.420s] Level 5:colcon.colcon_core.verb:set package 'py_pubsub' build argument 'cmake_clean_cache' from command line to 'False'
[0.420s] Level 5:colcon.colcon_core.verb:set package 'py_pubsub' build argument 'cmake_clean_first' from command line to 'False'
[0.420s] Level 5:colcon.colcon_core.verb:set package 'py_pubsub' build argument 'cmake_force_configure' from command line to 'False'
[0.420s] Level 5:colcon.colcon_core.verb:set package 'py_pubsub' build argument 'ament_cmake_args' from command line to 'None'
[0.420s] Level 5:colcon.colcon_core.verb:set package 'py_pubsub' build argument 'catkin_cmake_args' from command line to 'None'
[0.420s] Level 5:colcon.colcon_core.verb:set package 'py_pubsub' build argument 'catkin_skip_building_tests' from command line to 'False'
[0.420s] DEBUG:colcon.colcon_core.verb:Building package 'py_pubsub' with the following arguments: {'ament_cmake_args': None, 'build_base': '/home/pk/dev_ws/build/py_pubsub', 'catkin_cmake_args': None, 'catkin_skip_building_tests': False, 'cmake_args': None, 'cmake_clean_cache': False, 'cmake_clean_first': False, 'cmake_force_configure': False, 'cmake_target': None, 'cmake_target_skip_unavailable': False, 'install_base': '/home/pk/dev_ws/install/py_pubsub', 'merge_install': False, 'path': '/home/pk/dev_ws/src/py_pubsub', 'symlink_install': True, 'test_result_base': None}
[0.420s] INFO:colcon.colcon_core.executor:Executing jobs using 'parallel' executor
[0.422s] DEBUG:colcon.colcon_parallel_executor.executor.parallel:run_until_complete
[0.423s] INFO:colcon.colcon_ros.task.ament_cmake.build:Building ROS package in '/home/pk/dev_ws/src/articubot_one' with build type 'ament_cmake'
[0.423s] INFO:colcon.colcon_cmake.task.cmake.build:Building CMake package in '/home/pk/dev_ws/src/articubot_one'
[0.431s] INFO:colcon.colcon_core.plugin_system:Skipping extension 'colcon_core.shell.bat': Not used on non-Windows systems
[0.431s] INFO:colcon.colcon_core.shell:Skip shell extension 'powershell' for command environment: Not usable outside of PowerShell
[0.431s] DEBUG:colcon.colcon_core.shell:Skip shell extension 'dsv' for command environment
[0.436s] INFO:colcon.colcon_ros.task.ament_cmake.build:Building ROS package in '/home/pk/dev_ws/src/my_package' with build type 'ament_cmake'
[0.437s] INFO:colcon.colcon_cmake.task.cmake.build:Building CMake package in '/home/pk/dev_ws/src/my_package'
[0.438s] INFO:colcon.colcon_core.shell:Skip shell extension 'powershell' for command environment: Not usable outside of PowerShell
[0.438s] DEBUG:colcon.colcon_core.shell:Skip shell extension 'dsv' for command environment
[0.443s] INFO:colcon.colcon_ros.task.ament_python.build:Building ROS package in '/home/pk/dev_ws/src/py_pubsub' with build type 'ament_python'
[0.443s] Level 1:colcon.colcon_core.shell:create_environment_hook('py_pubsub', 'ament_prefix_path')
[0.444s] INFO:colcon.colcon_core.shell:Creating environment hook '/home/pk/dev_ws/install/py_pubsub/share/py_pubsub/hook/ament_prefix_path.ps1'
[0.445s] INFO:colcon.colcon_core.shell:Creating environment descriptor '/home/pk/dev_ws/install/py_pubsub/share/py_pubsub/hook/ament_prefix_path.dsv'
[0.446s] INFO:colcon.colcon_core.shell:Creating environment hook '/home/pk/dev_ws/install/py_pubsub/share/py_pubsub/hook/ament_prefix_path.sh'
[0.448s] INFO:colcon.colcon_core.shell:Skip shell extension 'powershell' for command environment: Not usable outside of PowerShell
[0.448s] DEBUG:colcon.colcon_core.shell:Skip shell extension 'dsv' for command environment
[0.459s] DEBUG:colcon.colcon_core.event_handler.log_command:Invoking command in '/home/pk/dev_ws/build/articubot_one': CMAKE_PREFIX_PATH=${CMAKE_PREFIX_PATH}:/home/pk/dev_ws/install/py_pubsub:/opt/ros/foxy /usr/bin/cmake /home/pk/dev_ws/src/articubot_one -DAMENT_CMAKE_SYMLINK_INSTALL=1 -DCMAKE_INSTALL_PREFIX=/home/pk/dev_ws/install/articubot_one
[0.473s] DEBUG:colcon.colcon_core.event_handler.log_command:Invoking command in '/home/pk/dev_ws/build/my_package': CMAKE_PREFIX_PATH=${CMAKE_PREFIX_PATH}:/home/pk/dev_ws/install/py_pubsub:/opt/ros/foxy /usr/bin/cmake /home/pk/dev_ws/src/my_package -DAMENT_CMAKE_SYMLINK_INSTALL=1 -DCMAKE_INSTALL_PREFIX=/home/pk/dev_ws/install/my_package
[0.715s] INFO:colcon.colcon_core.task.python.build:Building Python package in '/home/pk/dev_ws/src/py_pubsub'
[0.716s] INFO:colcon.colcon_core.shell:Skip shell extension 'powershell' for command environment: Not usable outside of PowerShell
[0.716s] DEBUG:colcon.colcon_core.shell:Skip shell extension 'dsv' for command environment
[0.897s] DEBUG:colcon.colcon_core.event_handler.log_command:Invoked command in '/home/pk/dev_ws/build/my_package' returned '0': CMAKE_PREFIX_PATH=${CMAKE_PREFIX_PATH}:/home/pk/dev_ws/install/py_pubsub:/opt/ros/foxy /usr/bin/cmake /home/pk/dev_ws/src/my_package -DAMENT_CMAKE_SYMLINK_INSTALL=1 -DCMAKE_INSTALL_PREFIX=/home/pk/dev_ws/install/my_package
[0.901s] DEBUG:colcon.colcon_core.event_handler.log_command:Invoking command in '/home/pk/dev_ws/build/my_package': CMAKE_PREFIX_PATH=${CMAKE_PREFIX_PATH}:/home/pk/dev_ws/install/py_pubsub:/opt/ros/foxy /usr/bin/cmake --build /home/pk/dev_ws/build/my_package -- -j8 -l8
[0.930s] DEBUG:colcon.colcon_core.event_handler.log_command:Invoked command in '/home/pk/dev_ws/build/articubot_one' returned '0': CMAKE_PREFIX_PATH=${CMAKE_PREFIX_PATH}:/home/pk/dev_ws/install/py_pubsub:/opt/ros/foxy /usr/bin/cmake /home/pk/dev_ws/src/articubot_one -DAMENT_CMAKE_SYMLINK_INSTALL=1 -DCMAKE_INSTALL_PREFIX=/home/pk/dev_ws/install/articubot_one
[0.934s] DEBUG:colcon.colcon_core.event_handler.log_command:Invoking command in '/home/pk/dev_ws/build/articubot_one': CMAKE_PREFIX_PATH=${CMAKE_PREFIX_PATH}:/home/pk/dev_ws/install/py_pubsub:/opt/ros/foxy /usr/bin/cmake --build /home/pk/dev_ws/build/articubot_one -- -j8 -l8
[0.955s] DEBUG:colcon.colcon_core.event_handler.log_command:Invoked command in '/home/pk/dev_ws/build/my_package' returned '0': CMAKE_PREFIX_PATH=${CMAKE_PREFIX_PATH}:/home/pk/dev_ws/install/py_pubsub:/opt/ros/foxy /usr/bin/cmake --build /home/pk/dev_ws/build/my_package -- -j8 -l8
[0.992s] DEBUG:colcon.colcon_core.event_handler.log_command:Invoking command in '/home/pk/dev_ws/build/my_package': CMAKE_PREFIX_PATH=${CMAKE_PREFIX_PATH}:/home/pk/dev_ws/install/py_pubsub:/opt/ros/foxy /usr/bin/cmake --install /home/pk/dev_ws/build/my_package
[0.994s] DEBUG:colcon.colcon_core.event_handler.log_command:Invoked command in '/home/pk/dev_ws/build/articubot_one' returned '0': CMAKE_PREFIX_PATH=${CMAKE_PREFIX_PATH}:/home/pk/dev_ws/install/py_pubsub:/opt/ros/foxy /usr/bin/cmake --build /home/pk/dev_ws/build/articubot_one -- -j8 -l8
[1.020s] DEBUG:colcon.colcon_core.event_handler.log_command:Invoking command in '/home/pk/dev_ws/build/articubot_one': CMAKE_PREFIX_PATH=${CMAKE_PREFIX_PATH}:/home/pk/dev_ws/install/py_pubsub:/opt/ros/foxy /usr/bin/cmake --install /home/pk/dev_ws/build/articubot_one
[1.025s] Level 1:colcon.colcon_core.environment:create_environment_scripts_only(my_package)
[1.026s] DEBUG:colcon.colcon_core.event_handler.log_command:Invoked command in '/home/pk/dev_ws/build/my_package' returned '0': CMAKE_PREFIX_PATH=${CMAKE_PREFIX_PATH}:/home/pk/dev_ws/install/py_pubsub:/opt/ros/foxy /usr/bin/cmake --install /home/pk/dev_ws/build/my_package
[1.039s] Level 1:colcon.colcon_core.environment:checking '/home/pk/dev_ws/install/my_package' for CMake module files
[1.041s] Level 1:colcon.colcon_core.environment:checking '/home/pk/dev_ws/install/my_package' for CMake config files
[1.041s] Level 1:colcon.colcon_core.shell:create_environment_hook('my_package', 'cmake_prefix_path')
[1.042s] INFO:colcon.colcon_core.shell:Creating environment hook '/home/pk/dev_ws/install/my_package/share/my_package/hook/cmake_prefix_path.ps1'
[1.043s] INFO:colcon.colcon_core.shell:Creating environment descriptor '/home/pk/dev_ws/install/my_package/share/my_package/hook/cmake_prefix_path.dsv'
[1.043s] INFO:colcon.colcon_core.shell:Creating environment hook '/home/pk/dev_ws/install/my_package/share/my_package/hook/cmake_prefix_path.sh'
[1.044s] Level 1:colcon.colcon_core.environment:checking '/home/pk/dev_ws/install/my_package/bin'
[1.044s] Level 1:colcon.colcon_core.environment:checking '/home/pk/dev_ws/install/my_package/lib/pkgconfig/my_package.pc'
[1.044s] Level 1:colcon.colcon_core.environment:checking '/home/pk/dev_ws/install/my_package/lib/python3.8/site-packages'
[1.045s] Level 1:colcon.colcon_core.environment:checking '/home/pk/dev_ws/install/my_package/bin'
[1.045s] INFO:colcon.colcon_core.shell:Creating package script '/home/pk/dev_ws/install/my_package/share/my_package/package.ps1'
[1.047s] INFO:colcon.colcon_core.shell:Creating package descriptor '/home/pk/dev_ws/install/my_package/share/my_package/package.dsv'
[1.048s] INFO:colcon.colcon_core.shell:Creating package script '/home/pk/dev_ws/install/my_package/share/my_package/package.sh'
[1.050s] INFO:colcon.colcon_core.shell:Creating package script '/home/pk/dev_ws/install/my_package/share/my_package/package.bash'
[1.052s] INFO:colcon.colcon_core.shell:Creating package script '/home/pk/dev_ws/install/my_package/share/my_package/package.zsh'
[1.054s] Level 1:colcon.colcon_core.environment:create_file_with_runtime_dependencies(/home/pk/dev_ws/install/my_package/share/colcon-core/packages/my_package)
[1.059s] Level 1:colcon.colcon_core.environment:create_environment_scripts_only(articubot_one)
[1.061s] Level 1:colcon.colcon_core.environment:checking '/home/pk/dev_ws/install/articubot_one' for CMake module files
[1.062s] DEBUG:colcon.colcon_core.event_handler.log_command:Invoked command in '/home/pk/dev_ws/build/articubot_one' returned '0': CMAKE_PREFIX_PATH=${CMAKE_PREFIX_PATH}:/home/pk/dev_ws/install/py_pubsub:/opt/ros/foxy /usr/bin/cmake --install /home/pk/dev_ws/build/articubot_one
[1.063s] Level 1:colcon.colcon_core.environment:checking '/home/pk/dev_ws/install/articubot_one' for CMake config files
[1.064s] Level 1:colcon.colcon_core.shell:create_environment_hook('articubot_one', 'cmake_prefix_path')
[1.065s] INFO:colcon.colcon_core.shell:Creating environment hook '/home/pk/dev_ws/install/articubot_one/share/articubot_one/hook/cmake_prefix_path.ps1'
[1.065s] INFO:colcon.colcon_core.shell:Creating environment descriptor '/home/pk/dev_ws/install/articubot_one/share/articubot_one/hook/cmake_prefix_path.dsv'
[1.066s] INFO:colcon.colcon_core.shell:Creating environment hook '/home/pk/dev_ws/install/articubot_one/share/articubot_one/hook/cmake_prefix_path.sh'
[1.067s] Level 1:colcon.colcon_core.environment:checking '/home/pk/dev_ws/install/articubot_one/bin'
[1.067s] Level 1:colcon.colcon_core.environment:checking '/home/pk/dev_ws/install/articubot_one/lib/pkgconfig/articubot_one.pc'
[1.068s] Level 1:colcon.colcon_core.environment:checking '/home/pk/dev_ws/install/articubot_one/lib/python3.8/site-packages'
[1.068s] Level 1:colcon.colcon_core.environment:checking '/home/pk/dev_ws/install/articubot_one/bin'
[1.069s] INFO:colcon.colcon_core.shell:Creating package script '/home/pk/dev_ws/install/articubot_one/share/articubot_one/package.ps1'
[1.070s] INFO:colcon.colcon_core.shell:Creating package descriptor '/home/pk/dev_ws/install/articubot_one/share/articubot_one/package.dsv'
[1.070s] INFO:colcon.colcon_core.shell:Creating package script '/home/pk/dev_ws/install/articubot_one/share/articubot_one/package.sh'
[1.071s] INFO:colcon.colcon_core.shell:Creating package script '/home/pk/dev_ws/install/articubot_one/share/articubot_one/package.bash'
[1.072s] INFO:colcon.colcon_core.shell:Creating package script '/home/pk/dev_ws/install/articubot_one/share/articubot_one/package.zsh'
[1.072s] Level 1:colcon.colcon_core.environment:create_file_with_runtime_dependencies(/home/pk/dev_ws/install/articubot_one/share/colcon-core/packages/articubot_one)
[1.078s] Level 1:colcon.colcon_core.environment:create_environment_scripts_only(my_package)
[1.079s] Level 1:colcon.colcon_core.environment:checking '/home/pk/dev_ws/install/my_package' for CMake module files
[1.080s] Level 1:colcon.colcon_core.environment:checking '/home/pk/dev_ws/install/my_package' for CMake config files
[1.080s] Level 1:colcon.colcon_core.shell:create_environment_hook('my_package', 'cmake_prefix_path')
[1.080s] INFO:colcon.colcon_core.shell:Creating environment hook '/home/pk/dev_ws/install/my_package/share/my_package/hook/cmake_prefix_path.ps1'
[1.081s] INFO:colcon.colcon_core.shell:Creating environment descriptor '/home/pk/dev_ws/install/my_package/share/my_package/hook/cmake_prefix_path.dsv'
[1.082s] INFO:colcon.colcon_core.shell:Creating environment hook '/home/pk/dev_ws/install/my_package/share/my_package/hook/cmake_prefix_path.sh'
[1.082s] Level 1:colcon.colcon_core.environment:checking '/home/pk/dev_ws/install/my_package/bin'
[1.082s] Level 1:colcon.colcon_core.environment:checking '/home/pk/dev_ws/install/my_package/lib/pkgconfig/my_package.pc'
[1.083s] Level 1:colcon.colcon_core.environment:checking '/home/pk/dev_ws/install/my_package/lib/python3.8/site-packages'
[1.083s] Level 1:colcon.colcon_core.environment:checking '/home/pk/dev_ws/install/my_package/bin'
[1.084s] INFO:colcon.colcon_core.shell:Creating package script '/home/pk/dev_ws/install/my_package/share/my_package/package.ps1'
[1.084s] INFO:colcon.colcon_core.shell:Creating package descriptor '/home/pk/dev_ws/install/my_package/share/my_package/package.dsv'
[1.085s] INFO:colcon.colcon_core.shell:Creating package script '/home/pk/dev_ws/install/my_package/share/my_package/package.sh'
[1.086s] INFO:colcon.colcon_core.shell:Creating package script '/home/pk/dev_ws/install/my_package/share/my_package/package.bash'
[1.086s] INFO:colcon.colcon_core.shell:Creating package script '/home/pk/dev_ws/install/my_package/share/my_package/package.zsh'
[1.087s] Level 1:colcon.colcon_core.environment:create_file_with_runtime_dependencies(/home/pk/dev_ws/install/my_package/share/colcon-core/packages/my_package)
[1.099s] Level 1:colcon.colcon_core.environment:create_environment_scripts_only(articubot_one)
[1.100s] Level 1:colcon.colcon_core.environment:checking '/home/pk/dev_ws/install/articubot_one' for CMake module files
[1.101s] Level 1:colcon.colcon_core.environment:checking '/home/pk/dev_ws/install/articubot_one' for CMake config files
[1.101s] Level 1:colcon.colcon_core.shell:create_environment_hook('articubot_one', 'cmake_prefix_path')
[1.101s] INFO:colcon.colcon_core.shell:Creating environment hook '/home/pk/dev_ws/install/articubot_one/share/articubot_one/hook/cmake_prefix_path.ps1'
[1.102s] INFO:colcon.colcon_core.shell:Creating environment descriptor '/home/pk/dev_ws/install/articubot_one/share/articubot_one/hook/cmake_prefix_path.dsv'
[1.102s] INFO:colcon.colcon_core.shell:Creating environment hook '/home/pk/dev_ws/install/articubot_one/share/articubot_one/hook/cmake_prefix_path.sh'
[1.103s] Level 1:colcon.colcon_core.environment:checking '/home/pk/dev_ws/install/articubot_one/bin'
[1.103s] Level 1:colcon.colcon_core.environment:checking '/home/pk/dev_ws/install/articubot_one/lib/pkgconfig/articubot_one.pc'
[1.103s] Level 1:colcon.colcon_core.environment:checking '/home/pk/dev_ws/install/articubot_one/lib/python3.8/site-packages'
[1.103s] Level 1:colcon.colcon_core.environment:checking '/home/pk/dev_ws/install/articubot_one/bin'
[1.104s] INFO:colcon.colcon_core.shell:Creating package script '/home/pk/dev_ws/install/articubot_one/share/articubot_one/package.ps1'
[1.104s] INFO:colcon.colcon_core.shell:Creating package descriptor '/home/pk/dev_ws/install/articubot_one/share/articubot_one/package.dsv'
[1.105s] INFO:colcon.colcon_core.shell:Creating package script '/home/pk/dev_ws/install/articubot_one/share/articubot_one/package.sh'
[1.105s] INFO:colcon.colcon_core.shell:Creating package script '/home/pk/dev_ws/install/articubot_one/share/articubot_one/package.bash'
[1.106s] INFO:colcon.colcon_core.shell:Creating package script '/home/pk/dev_ws/install/articubot_one/share/articubot_one/package.zsh'
[1.106s] Level 1:colcon.colcon_core.environment:create_file_with_runtime_dependencies(/home/pk/dev_ws/install/articubot_one/share/colcon-core/packages/articubot_one)
[1.270s] DEBUG:colcon.colcon_core.task.python.build:While undoing a previous installation files outside the Python library path are being ignored: /home/pk/dev_ws/install/py_pubsub/share/ament_index/resource_index/packages/py_pubsub
[1.270s] DEBUG:colcon.colcon_core.task.python.build:While undoing a previous installation files outside the Python library path are being ignored: /home/pk/dev_ws/install/py_pubsub/share/py_pubsub/package.xml
[1.270s] DEBUG:colcon.colcon_core.task.python.build:While undoing a previous installation files outside the Python library path are being ignored: /home/pk/dev_ws/install/py_pubsub/lib/py_pubsub/col_av
[1.270s] DEBUG:colcon.colcon_core.task.python.build:While undoing a previous installation files outside the Python library path are being ignored: /home/pk/dev_ws/install/py_pubsub/lib/py_pubsub/listener
[1.270s] DEBUG:colcon.colcon_core.task.python.build:While undoing a previous installation files outside the Python library path are being ignored: /home/pk/dev_ws/install/py_pubsub/lib/py_pubsub/talker
[1.274s] DEBUG:colcon.colcon_core.event_handler.log_command:Invoking command in '/home/pk/dev_ws/build/py_pubsub': PYTHONPATH=/home/pk/dev_ws/install/py_pubsub/lib/python3.8/site-packages:${PYTHONPATH} /usr/bin/python3 setup.py develop --prefix /home/pk/dev_ws/install/py_pubsub --editable --build-directory /home/pk/dev_ws/build/py_pubsub/build --no-deps install_data --install-dir /home/pk/dev_ws/install/py_pubsub
[1.795s] Level 1:colcon.colcon_core.shell:create_environment_hook('py_pubsub', 'pythonpath_develop')
[1.796s] INFO:colcon.colcon_core.shell:Creating environment hook '/home/pk/dev_ws/build/py_pubsub/share/py_pubsub/hook/pythonpath_develop.ps1'
[1.797s] DEBUG:colcon.colcon_core.event_handler.log_command:Invoked command in '/home/pk/dev_ws/build/py_pubsub' returned '0': PYTHONPATH=/home/pk/dev_ws/install/py_pubsub/lib/python3.8/site-packages:${PYTHONPATH} /usr/bin/python3 setup.py develop --prefix /home/pk/dev_ws/install/py_pubsub --editable --build-directory /home/pk/dev_ws/build/py_pubsub/build --no-deps install_data --install-dir /home/pk/dev_ws/install/py_pubsub
[1.798s] INFO:colcon.colcon_core.shell:Creating environment descriptor '/home/pk/dev_ws/build/py_pubsub/share/py_pubsub/hook/pythonpath_develop.dsv'
[1.798s] INFO:colcon.colcon_core.shell:Creating environment hook '/home/pk/dev_ws/build/py_pubsub/share/py_pubsub/hook/pythonpath_develop.sh'
[1.800s] Level 1:colcon.colcon_core.environment:checking '/home/pk/dev_ws/install/py_pubsub' for CMake module files
[1.800s] Level 1:colcon.colcon_core.environment:checking '/home/pk/dev_ws/install/py_pubsub' for CMake config files
[1.801s] Level 1:colcon.colcon_core.environment:checking '/home/pk/dev_ws/install/py_pubsub/lib'
[1.801s] Level 1:colcon.colcon_core.environment:checking '/home/pk/dev_ws/install/py_pubsub/bin'
[1.801s] Level 1:colcon.colcon_core.environment:checking '/home/pk/dev_ws/install/py_pubsub/lib/pkgconfig/py_pubsub.pc'
[1.802s] Level 1:colcon.colcon_core.environment:checking '/home/pk/dev_ws/install/py_pubsub/lib/python3.8/site-packages'
[1.802s] Level 1:colcon.colcon_core.shell:create_environment_hook('py_pubsub', 'pythonpath')
[1.802s] INFO:colcon.colcon_core.shell:Creating environment hook '/home/pk/dev_ws/install/py_pubsub/share/py_pubsub/hook/pythonpath.ps1'
[1.803s] INFO:colcon.colcon_core.shell:Creating environment descriptor '/home/pk/dev_ws/install/py_pubsub/share/py_pubsub/hook/pythonpath.dsv'
[1.803s] INFO:colcon.colcon_core.shell:Creating environment hook '/home/pk/dev_ws/install/py_pubsub/share/py_pubsub/hook/pythonpath.sh'
[1.804s] Level 1:colcon.colcon_core.environment:checking '/home/pk/dev_ws/install/py_pubsub/bin'
[1.804s] Level 1:colcon.colcon_core.environment:create_environment_scripts_only(py_pubsub)
[1.805s] INFO:colcon.colcon_core.shell:Creating package script '/home/pk/dev_ws/install/py_pubsub/share/py_pubsub/package.ps1'
[1.806s] INFO:colcon.colcon_core.shell:Creating package descriptor '/home/pk/dev_ws/install/py_pubsub/share/py_pubsub/package.dsv'
[1.806s] INFO:colcon.colcon_core.shell:Creating package script '/home/pk/dev_ws/install/py_pubsub/share/py_pubsub/package.sh'
[1.807s] INFO:colcon.colcon_core.shell:Creating package script '/home/pk/dev_ws/install/py_pubsub/share/py_pubsub/package.bash'
[1.807s] INFO:colcon.colcon_core.shell:Creating package script '/home/pk/dev_ws/install/py_pubsub/share/py_pubsub/package.zsh'
[1.808s] Level 1:colcon.colcon_core.environment:create_file_with_runtime_dependencies(/home/pk/dev_ws/install/py_pubsub/share/colcon-core/packages/py_pubsub)
[1.808s] DEBUG:colcon.colcon_parallel_executor.executor.parallel:closing loop
[1.809s] DEBUG:colcon.colcon_parallel_executor.executor.parallel:loop closed
[1.809s] DEBUG:colcon.colcon_parallel_executor.executor.parallel:run_until_complete finished with '0'
[1.809s] DEBUG:colcon.colcon_core.event_reactor:joining thread
[1.819s] INFO:colcon.colcon_core.plugin_system:Skipping extension 'colcon_notification.desktop_notification.terminal_notifier': Not used on non-Darwin systems
[1.819s] INFO:colcon.colcon_core.plugin_system:Skipping extension 'colcon_notification.desktop_notification.win32': Not used on non-Windows systems
[1.820s] INFO:colcon.colcon_notification.desktop_notification:Sending desktop notification using 'notify2'
[1.841s] DEBUG:colcon.colcon_core.event_reactor:joined thread
[1.842s] INFO:colcon.colcon_core.shell:Creating prefix script '/home/pk/dev_ws/install/local_setup.ps1'
[1.843s] INFO:colcon.colcon_core.shell:Creating prefix util module '/home/pk/dev_ws/install/_local_setup_util_ps1.py'
[1.845s] INFO:colcon.colcon_core.shell:Creating prefix chain script '/home/pk/dev_ws/install/setup.ps1'
[1.847s] INFO:colcon.colcon_core.shell:Creating prefix script '/home/pk/dev_ws/install/local_setup.sh'
[1.848s] INFO:colcon.colcon_core.shell:Creating prefix util module '/home/pk/dev_ws/install/_local_setup_util_sh.py'
[1.849s] INFO:colcon.colcon_core.shell:Creating prefix chain script '/home/pk/dev_ws/install/setup.sh'
[1.850s] INFO:colcon.colcon_core.shell:Creating prefix script '/home/pk/dev_ws/install/local_setup.bash'
[1.851s] INFO:colcon.colcon_core.shell:Creating prefix chain script '/home/pk/dev_ws/install/setup.bash'
[1.853s] INFO:colcon.colcon_core.shell:Creating prefix script '/home/pk/dev_ws/install/local_setup.zsh'
[1.854s] INFO:colcon.colcon_core.shell:Creating prefix chain script '/home/pk/dev_ws/install/setup.zsh'
