[0.036s] Invoking command in '/home/pk/dev_ws/build/articubot_one': CMAKE_PREFIX_PATH=${CMAKE_PREFIX_PATH}:/home/pk/dev_ws/install/py_pubsub:/opt/ros/foxy /usr/bin/cmake --build /home/pk/dev_ws/build/articubot_one -- -j8 -l8
[0.297s] Invoked command in '/home/pk/dev_ws/build/articubot_one' returned '0': CMAKE_PREFIX_PATH=${CMAKE_PREFIX_PATH}:/home/pk/dev_ws/install/py_pubsub:/opt/ros/foxy /usr/bin/cmake --build /home/pk/dev_ws/build/articubot_one -- -j8 -l8
[0.333s] Invoking command in '/home/pk/dev_ws/build/articubot_one': CMAKE_PREFIX_PATH=${CMAKE_PREFIX_PATH}:/home/pk/dev_ws/install/py_pubsub:/opt/ros/foxy /usr/bin/cmake --install /home/pk/dev_ws/build/articubot_one
[0.345s] -- Install configuration: ""
[0.345s] -- Execute custom install script
[0.347s] -- Up-to-date symlink: /home/pk/dev_ws/install/articubot_one/share/articubot_one/config/drive_bot.rviz
[0.347s] -- Up-to-date symlink: /home/pk/dev_ws/install/articubot_one/share/articubot_one/config/empty.yaml
[0.347s] -- Up-to-date symlink: /home/pk/dev_ws/install/articubot_one/share/articubot_one/config/view_bot.rviz
[0.348s] -- Up-to-date symlink: /home/pk/dev_ws/install/articubot_one/share/articubot_one/description/gazebo_control.xacro
[0.348s] -- Up-to-date symlink: /home/pk/dev_ws/install/articubot_one/share/articubot_one/description/inertial_macros.xacro
[0.348s] -- Up-to-date symlink: /home/pk/dev_ws/install/articubot_one/share/articubot_one/description/robot.urdf.xacro
[0.348s] -- Up-to-date symlink: /home/pk/dev_ws/install/articubot_one/share/articubot_one/description/robot_core.xacro
[0.349s] -- Up-to-date symlink: /home/pk/dev_ws/install/articubot_one/share/articubot_one/launch/launch_sim.launch.py
[0.349s] -- Up-to-date symlink: /home/pk/dev_ws/install/articubot_one/share/articubot_one/launch/rsp.launch.py
[0.349s] -- Up-to-date symlink: /home/pk/dev_ws/install/articubot_one/share/articubot_one/worlds/empty.world
[0.350s] -- Up-to-date symlink: /home/pk/dev_ws/install/articubot_one/share/articubot_one/worlds/obstacles.world
[0.350s] -- Up-to-date symlink: /home/pk/dev_ws/install/articubot_one/share/ament_index/resource_index/package_run_dependencies/articubot_one
[0.350s] -- Up-to-date symlink: /home/pk/dev_ws/install/articubot_one/share/ament_index/resource_index/parent_prefix_path/articubot_one
[0.351s] -- Up-to-date symlink: /home/pk/dev_ws/install/articubot_one/share/articubot_one/environment/ament_prefix_path.sh
[0.351s] -- Up-to-date symlink: /home/pk/dev_ws/install/articubot_one/share/articubot_one/environment/ament_prefix_path.dsv
[0.351s] -- Up-to-date symlink: /home/pk/dev_ws/install/articubot_one/share/articubot_one/environment/path.sh
[0.352s] -- Up-to-date symlink: /home/pk/dev_ws/install/articubot_one/share/articubot_one/environment/path.dsv
[0.352s] -- Up-to-date symlink: /home/pk/dev_ws/install/articubot_one/share/articubot_one/local_setup.bash
[0.352s] -- Up-to-date symlink: /home/pk/dev_ws/install/articubot_one/share/articubot_one/local_setup.sh
[0.352s] -- Up-to-date symlink: /home/pk/dev_ws/install/articubot_one/share/articubot_one/local_setup.zsh
[0.353s] -- Up-to-date symlink: /home/pk/dev_ws/install/articubot_one/share/articubot_one/local_setup.dsv
[0.353s] -- Symlinking: /home/pk/dev_ws/install/articubot_one/share/articubot_one/package.dsv
[0.363s] -- Up-to-date symlink: /home/pk/dev_ws/install/articubot_one/share/ament_index/resource_index/packages/articubot_one
[0.363s] -- Up-to-date symlink: /home/pk/dev_ws/install/articubot_one/share/articubot_one/cmake/articubot_oneConfig.cmake
[0.364s] -- Up-to-date symlink: /home/pk/dev_ws/install/articubot_one/share/articubot_one/cmake/articubot_oneConfig-version.cmake
[0.364s] -- Up-to-date symlink: /home/pk/dev_ws/install/articubot_one/share/articubot_one/package.xml
[0.366s] Invoked command in '/home/pk/dev_ws/build/articubot_one' returned '0': CMAKE_PREFIX_PATH=${CMAKE_PREFIX_PATH}:/home/pk/dev_ws/install/py_pubsub:/opt/ros/foxy /usr/bin/cmake --install /home/pk/dev_ws/build/articubot_one
