[0.141s] DEBUG:colcon:Command line arguments: ['/usr/bin/colcon', 'build']
[0.141s] DEBUG:colcon:Parsed command line arguments: Namespace(allow_overriding=[], ament_cmake_args=None, base_paths=['.'], build_base='build', catkin_cmake_args=None, catkin_skip_building_tests=False, cmake_args=None, cmake_clean_cache=False, cmake_clean_first=False, cmake_force_configure=False, cmake_target=None, cmake_target_skip_unavailable=False, continue_on_error=False, event_handlers=None, executor='parallel', ignore_user_meta=False, install_base='install', log_base=None, log_level=None, main=<bound method BuildVerb.main of <colcon_core.verb.build.BuildVerb object at 0x7f007d37c100>>, merge_install=False, metas=['./colcon.meta'], packages_above=None, packages_above_and_dependencies=None, packages_above_depth=None, packages_end=None, packages_ignore=None, packages_ignore_regex=None, packages_select=None, packages_select_build_failed=False, packages_select_by_dep=None, packages_select_regex=None, packages_select_test_failures=False, packages_skip=None, packages_skip_build_finished=False, packages_skip_by_dep=None, packages_skip_regex=None, packages_skip_test_passed=False, packages_skip_up_to=None, packages_start=None, packages_up_to=None, packages_up_to_regex=None, parallel_workers=8, paths=None, symlink_install=False, test_result_base=None, verb_extension=<colcon_core.verb.build.BuildVerb object at 0x7f007d37c100>, verb_name='build', verb_parser=<colcon_defaults.argument_parser.defaults.DefaultArgumentsDecorator object at 0x7f007d37c580>)
[0.165s] Level 1:colcon.colcon_core.package_discovery:discover_packages(colcon_meta) check parameters
[0.165s] Level 1:colcon.colcon_core.package_discovery:discover_packages(recursive) check parameters
[0.165s] Level 1:colcon.colcon_core.package_discovery:discover_packages(ignore) check parameters
[0.165s] Level 1:colcon.colcon_core.package_discovery:discover_packages(path) check parameters
[0.165s] Level 1:colcon.colcon_core.package_discovery:discover_packages(colcon_meta) discover
[0.165s] Level 1:colcon.colcon_core.package_discovery:discover_packages(recursive) discover
[0.166s] INFO:colcon.colcon_core.package_discovery:Crawling recursively for packages in '/home/pk/dev_ws'
[0.166s] Level 1:colcon.colcon_core.package_identification:_identify(.) by extensions ['ignore', 'ignore_ament_install']
[0.166s] Level 1:colcon.colcon_core.package_identification:_identify(.) by extension 'ignore'
[0.166s] Level 1:colcon.colcon_core.package_identification:_identify(.) by extension 'ignore_ament_install'
[0.166s] Level 1:colcon.colcon_core.package_identification:_identify(.) by extensions ['colcon_pkg']
[0.166s] Level 1:colcon.colcon_core.package_identification:_identify(.) by extension 'colcon_pkg'
[0.166s] Level 1:colcon.colcon_core.package_identification:_identify(.) by extensions ['colcon_meta']
[0.166s] Level 1:colcon.colcon_core.package_identification:_identify(.) by extension 'colcon_meta'
[0.166s] Level 1:colcon.colcon_core.package_identification:_identify(.) by extensions ['ros']
[0.166s] Level 1:colcon.colcon_core.package_identification:_identify(.) by extension 'ros'
[0.178s] Level 1:colcon.colcon_core.package_identification:_identify(.) by extensions ['cmake', 'python']
[0.178s] Level 1:colcon.colcon_core.package_identification:_identify(.) by extension 'cmake'
[0.178s] Level 1:colcon.colcon_core.package_identification:_identify(.) by extension 'python'
[0.178s] Level 1:colcon.colcon_core.package_identification:_identify(.) by extensions ['python_setup_py']
[0.178s] Level 1:colcon.colcon_core.package_identification:_identify(.) by extension 'python_setup_py'
[0.178s] Level 1:colcon.colcon_core.package_identification:_identify(build) by extensions ['ignore', 'ignore_ament_install']
[0.179s] Level 1:colcon.colcon_core.package_identification:_identify(build) by extension 'ignore'
[0.179s] Level 1:colcon.colcon_core.package_identification:_identify(build) ignored
[0.179s] Level 1:colcon.colcon_core.package_identification:_identify(install) by extensions ['ignore', 'ignore_ament_install']
[0.179s] Level 1:colcon.colcon_core.package_identification:_identify(install) by extension 'ignore'
[0.179s] Level 1:colcon.colcon_core.package_identification:_identify(install) ignored
[0.179s] Level 1:colcon.colcon_core.package_identification:_identify(log) by extensions ['ignore', 'ignore_ament_install']
[0.179s] Level 1:colcon.colcon_core.package_identification:_identify(log) by extension 'ignore'
[0.179s] Level 1:colcon.colcon_core.package_identification:_identify(log) ignored
[0.179s] Level 1:colcon.colcon_core.package_identification:_identify(src) by extensions ['ignore', 'ignore_ament_install']
[0.179s] Level 1:colcon.colcon_core.package_identification:_identify(src) by extension 'ignore'
[0.180s] Level 1:colcon.colcon_core.package_identification:_identify(src) by extension 'ignore_ament_install'
[0.180s] Level 1:colcon.colcon_core.package_identification:_identify(src) by extensions ['colcon_pkg']
[0.180s] Level 1:colcon.colcon_core.package_identification:_identify(src) by extension 'colcon_pkg'
[0.180s] Level 1:colcon.colcon_core.package_identification:_identify(src) by extensions ['colcon_meta']
[0.180s] Level 1:colcon.colcon_core.package_identification:_identify(src) by extension 'colcon_meta'
[0.180s] Level 1:colcon.colcon_core.package_identification:_identify(src) by extensions ['ros']
[0.180s] Level 1:colcon.colcon_core.package_identification:_identify(src) by extension 'ros'
[0.180s] Level 1:colcon.colcon_core.package_identification:_identify(src) by extensions ['cmake', 'python']
[0.180s] Level 1:colcon.colcon_core.package_identification:_identify(src) by extension 'cmake'
[0.180s] Level 1:colcon.colcon_core.package_identification:_identify(src) by extension 'python'
[0.181s] Level 1:colcon.colcon_core.package_identification:_identify(src) by extensions ['python_setup_py']
[0.181s] Level 1:colcon.colcon_core.package_identification:_identify(src) by extension 'python_setup_py'
[0.181s] Level 1:colcon.colcon_core.package_identification:_identify(src/articubot_one) by extensions ['ignore', 'ignore_ament_install']
[0.181s] Level 1:colcon.colcon_core.package_identification:_identify(src/articubot_one) by extension 'ignore'
[0.181s] Level 1:colcon.colcon_core.package_identification:_identify(src/articubot_one) by extension 'ignore_ament_install'
[0.182s] Level 1:colcon.colcon_core.package_identification:_identify(src/articubot_one) by extensions ['colcon_pkg']
[0.182s] Level 1:colcon.colcon_core.package_identification:_identify(src/articubot_one) by extension 'colcon_pkg'
[0.182s] Level 1:colcon.colcon_core.package_identification:_identify(src/articubot_one) by extensions ['colcon_meta']
[0.182s] Level 1:colcon.colcon_core.package_identification:_identify(src/articubot_one) by extension 'colcon_meta'
[0.182s] Level 1:colcon.colcon_core.package_identification:_identify(src/articubot_one) by extensions ['ros']
[0.182s] Level 1:colcon.colcon_core.package_identification:_identify(src/articubot_one) by extension 'ros'
[0.187s] DEBUG:colcon.colcon_core.package_identification:Package 'src/articubot_one' with type 'ros.ament_cmake' and name 'articubot_one'
[0.188s] Level 1:colcon.colcon_core.package_identification:_identify(src/my_package) by extensions ['ignore', 'ignore_ament_install']
[0.188s] Level 1:colcon.colcon_core.package_identification:_identify(src/my_package) by extension 'ignore'
[0.188s] Level 1:colcon.colcon_core.package_identification:_identify(src/my_package) by extension 'ignore_ament_install'
[0.188s] Level 1:colcon.colcon_core.package_identification:_identify(src/my_package) by extensions ['colcon_pkg']
[0.188s] Level 1:colcon.colcon_core.package_identification:_identify(src/my_package) by extension 'colcon_pkg'
[0.188s] Level 1:colcon.colcon_core.package_identification:_identify(src/my_package) by extensions ['colcon_meta']
[0.188s] Level 1:colcon.colcon_core.package_identification:_identify(src/my_package) by extension 'colcon_meta'
[0.188s] Level 1:colcon.colcon_core.package_identification:_identify(src/my_package) by extensions ['ros']
[0.188s] Level 1:colcon.colcon_core.package_identification:_identify(src/my_package) by extension 'ros'
[0.189s] DEBUG:colcon.colcon_core.package_identification:Package 'src/my_package' with type 'ros.ament_cmake' and name 'my_package'
[0.189s] Level 1:colcon.colcon_core.package_discovery:discover_packages(recursive) using defaults
[0.189s] Level 1:colcon.colcon_core.package_discovery:discover_packages(ignore) discover
[0.189s] Level 1:colcon.colcon_core.package_discovery:discover_packages(ignore) using defaults
[0.189s] Level 1:colcon.colcon_core.package_discovery:discover_packages(path) discover
[0.189s] Level 1:colcon.colcon_core.package_discovery:discover_packages(path) using defaults
[0.207s] Level 1:colcon.colcon_core.package_discovery:discover_packages(prefix_path) check parameters
[0.207s] Level 1:colcon.colcon_core.package_discovery:discover_packages(prefix_path) discover
[0.209s] DEBUG:colcon.colcon_installed_package_information.package_discovery:Found 2 installed packages in /home/pk/dev_ws/install
[0.211s] DEBUG:colcon.colcon_installed_package_information.package_discovery:Found 266 installed packages in /opt/ros/foxy
[0.213s] Level 1:colcon.colcon_core.package_discovery:discover_packages(prefix_path) using defaults
[0.303s] Level 5:colcon.colcon_core.verb:set package 'articubot_one' build argument 'cmake_args' from command line to 'None'
[0.303s] Level 5:colcon.colcon_core.verb:set package 'articubot_one' build argument 'cmake_target' from command line to 'None'
[0.303s] Level 5:colcon.colcon_core.verb:set package 'articubot_one' build argument 'cmake_target_skip_unavailable' from command line to 'False'
[0.303s] Level 5:colcon.colcon_core.verb:set package 'articubot_one' build argument 'cmake_clean_cache' from command line to 'False'
[0.303s] Level 5:colcon.colcon_core.verb:set package 'articubot_one' build argument 'cmake_clean_first' from command line to 'False'
[0.303s] Level 5:colcon.colcon_core.verb:set package 'articubot_one' build argument 'cmake_force_configure' from command line to 'False'
[0.303s] Level 5:colcon.colcon_core.verb:set package 'articubot_one' build argument 'ament_cmake_args' from command line to 'None'
[0.303s] Level 5:colcon.colcon_core.verb:set package 'articubot_one' build argument 'catkin_cmake_args' from command line to 'None'
[0.303s] Level 5:colcon.colcon_core.verb:set package 'articubot_one' build argument 'catkin_skip_building_tests' from command line to 'False'
[0.303s] DEBUG:colcon.colcon_core.verb:Building package 'articubot_one' with the following arguments: {'ament_cmake_args': None, 'build_base': '/home/pk/dev_ws/build/articubot_one', 'catkin_cmake_args': None, 'catkin_skip_building_tests': False, 'cmake_args': None, 'cmake_clean_cache': False, 'cmake_clean_first': False, 'cmake_force_configure': False, 'cmake_target': None, 'cmake_target_skip_unavailable': False, 'install_base': '/home/pk/dev_ws/install/articubot_one', 'merge_install': False, 'path': '/home/pk/dev_ws/src/articubot_one', 'symlink_install': False, 'test_result_base': None}
[0.304s] Level 5:colcon.colcon_core.verb:set package 'my_package' build argument 'cmake_args' from command line to 'None'
[0.304s] Level 5:colcon.colcon_core.verb:set package 'my_package' build argument 'cmake_target' from command line to 'None'
[0.304s] Level 5:colcon.colcon_core.verb:set package 'my_package' build argument 'cmake_target_skip_unavailable' from command line to 'False'
[0.304s] Level 5:colcon.colcon_core.verb:set package 'my_package' build argument 'cmake_clean_cache' from command line to 'False'
[0.304s] Level 5:colcon.colcon_core.verb:set package 'my_package' build argument 'cmake_clean_first' from command line to 'False'
[0.304s] Level 5:colcon.colcon_core.verb:set package 'my_package' build argument 'cmake_force_configure' from command line to 'False'
[0.304s] Level 5:colcon.colcon_core.verb:set package 'my_package' build argument 'ament_cmake_args' from command line to 'None'
[0.304s] Level 5:colcon.colcon_core.verb:set package 'my_package' build argument 'catkin_cmake_args' from command line to 'None'
[0.304s] Level 5:colcon.colcon_core.verb:set package 'my_package' build argument 'catkin_skip_building_tests' from command line to 'False'
[0.304s] DEBUG:colcon.colcon_core.verb:Building package 'my_package' with the following arguments: {'ament_cmake_args': None, 'build_base': '/home/pk/dev_ws/build/my_package', 'catkin_cmake_args': None, 'catkin_skip_building_tests': False, 'cmake_args': None, 'cmake_clean_cache': False, 'cmake_clean_first': False, 'cmake_force_configure': False, 'cmake_target': None, 'cmake_target_skip_unavailable': False, 'install_base': '/home/pk/dev_ws/install/my_package', 'merge_install': False, 'path': '/home/pk/dev_ws/src/my_package', 'symlink_install': False, 'test_result_base': None}
[0.305s] INFO:colcon.colcon_core.executor:Executing jobs using 'parallel' executor
[0.307s] DEBUG:colcon.colcon_parallel_executor.executor.parallel:run_until_complete
[0.307s] INFO:colcon.colcon_ros.task.ament_cmake.build:Building ROS package in '/home/pk/dev_ws/src/articubot_one' with build type 'ament_cmake'
[0.307s] INFO:colcon.colcon_cmake.task.cmake.build:Building CMake package in '/home/pk/dev_ws/src/articubot_one'
[0.312s] INFO:colcon.colcon_core.plugin_system:Skipping extension 'colcon_core.shell.bat': Not used on non-Windows systems
[0.312s] INFO:colcon.colcon_core.shell:Skip shell extension 'powershell' for command environment: Not usable outside of PowerShell
[0.312s] DEBUG:colcon.colcon_core.shell:Skip shell extension 'dsv' for command environment
[0.320s] INFO:colcon.colcon_ros.task.ament_cmake.build:Building ROS package in '/home/pk/dev_ws/src/my_package' with build type 'ament_cmake'
[0.320s] INFO:colcon.colcon_cmake.task.cmake.build:Building CMake package in '/home/pk/dev_ws/src/my_package'
[0.321s] INFO:colcon.colcon_core.shell:Skip shell extension 'powershell' for command environment: Not usable outside of PowerShell
[0.322s] DEBUG:colcon.colcon_core.shell:Skip shell extension 'dsv' for command environment
[0.342s] DEBUG:colcon.colcon_core.event_handler.log_command:Invoking command in '/home/pk/dev_ws/build/articubot_one': CMAKE_PREFIX_PATH=${CMAKE_PREFIX_PATH}:/opt/ros/foxy /usr/bin/cmake --build /home/pk/dev_ws/build/articubot_one -- -j8 -l8
[0.368s] DEBUG:colcon.colcon_core.event_handler.log_command:Invoking command in '/home/pk/dev_ws/build/my_package': CMAKE_PREFIX_PATH=${CMAKE_PREFIX_PATH}:/opt/ros/foxy /usr/bin/cmake --build /home/pk/dev_ws/build/my_package -- -j8 -l8
[0.412s] DEBUG:colcon.colcon_core.event_handler.log_command:Invoked command in '/home/pk/dev_ws/build/articubot_one' returned '0': CMAKE_PREFIX_PATH=${CMAKE_PREFIX_PATH}:/opt/ros/foxy /usr/bin/cmake --build /home/pk/dev_ws/build/articubot_one -- -j8 -l8
[0.427s] DEBUG:colcon.colcon_core.event_handler.log_command:Invoked command in '/home/pk/dev_ws/build/my_package' returned '0': CMAKE_PREFIX_PATH=${CMAKE_PREFIX_PATH}:/opt/ros/foxy /usr/bin/cmake --build /home/pk/dev_ws/build/my_package -- -j8 -l8
[0.459s] DEBUG:colcon.colcon_core.event_handler.log_command:Invoking command in '/home/pk/dev_ws/build/articubot_one': CMAKE_PREFIX_PATH=${CMAKE_PREFIX_PATH}:/opt/ros/foxy /usr/bin/cmake --install /home/pk/dev_ws/build/articubot_one
[0.463s] DEBUG:colcon.colcon_core.event_handler.log_command:Invoking command in '/home/pk/dev_ws/build/my_package': CMAKE_PREFIX_PATH=${CMAKE_PREFIX_PATH}:/opt/ros/foxy /usr/bin/cmake --install /home/pk/dev_ws/build/my_package
[0.490s] Level 1:colcon.colcon_core.environment:create_environment_scripts_only(articubot_one)
[0.491s] DEBUG:colcon.colcon_core.event_handler.log_command:Invoked command in '/home/pk/dev_ws/build/articubot_one' returned '0': CMAKE_PREFIX_PATH=${CMAKE_PREFIX_PATH}:/opt/ros/foxy /usr/bin/cmake --install /home/pk/dev_ws/build/articubot_one
[0.495s] Level 1:colcon.colcon_core.environment:checking '/home/pk/dev_ws/install/articubot_one' for CMake module files
[0.495s] Level 1:colcon.colcon_core.environment:checking '/home/pk/dev_ws/install/articubot_one' for CMake config files
[0.496s] Level 1:colcon.colcon_core.shell:create_environment_hook('articubot_one', 'cmake_prefix_path')
[0.496s] INFO:colcon.colcon_core.shell:Creating environment hook '/home/pk/dev_ws/install/articubot_one/share/articubot_one/hook/cmake_prefix_path.ps1'
[0.497s] INFO:colcon.colcon_core.shell:Creating environment descriptor '/home/pk/dev_ws/install/articubot_one/share/articubot_one/hook/cmake_prefix_path.dsv'
[0.498s] INFO:colcon.colcon_core.shell:Creating environment hook '/home/pk/dev_ws/install/articubot_one/share/articubot_one/hook/cmake_prefix_path.sh'
[0.499s] Level 1:colcon.colcon_core.environment:checking '/home/pk/dev_ws/install/articubot_one/bin'
[0.499s] Level 1:colcon.colcon_core.environment:checking '/home/pk/dev_ws/install/articubot_one/lib/pkgconfig/articubot_one.pc'
[0.500s] Level 1:colcon.colcon_core.environment:checking '/home/pk/dev_ws/install/articubot_one/lib/python3.8/site-packages'
[0.500s] Level 1:colcon.colcon_core.environment:checking '/home/pk/dev_ws/install/articubot_one/bin'
[0.500s] INFO:colcon.colcon_core.shell:Creating package script '/home/pk/dev_ws/install/articubot_one/share/articubot_one/package.ps1'
[0.501s] INFO:colcon.colcon_core.shell:Creating package descriptor '/home/pk/dev_ws/install/articubot_one/share/articubot_one/package.dsv'
[0.502s] INFO:colcon.colcon_core.shell:Creating package script '/home/pk/dev_ws/install/articubot_one/share/articubot_one/package.sh'
[0.503s] INFO:colcon.colcon_core.shell:Creating package script '/home/pk/dev_ws/install/articubot_one/share/articubot_one/package.bash'
[0.504s] INFO:colcon.colcon_core.shell:Creating package script '/home/pk/dev_ws/install/articubot_one/share/articubot_one/package.zsh'
[0.505s] Level 1:colcon.colcon_core.environment:create_file_with_runtime_dependencies(/home/pk/dev_ws/install/articubot_one/share/colcon-core/packages/articubot_one)
[0.508s] Level 1:colcon.colcon_core.environment:create_environment_scripts_only(my_package)
[0.509s] Level 1:colcon.colcon_core.environment:checking '/home/pk/dev_ws/install/my_package' for CMake module files
[0.510s] DEBUG:colcon.colcon_core.event_handler.log_command:Invoked command in '/home/pk/dev_ws/build/my_package' returned '0': CMAKE_PREFIX_PATH=${CMAKE_PREFIX_PATH}:/opt/ros/foxy /usr/bin/cmake --install /home/pk/dev_ws/build/my_package
[0.511s] Level 1:colcon.colcon_core.environment:checking '/home/pk/dev_ws/install/my_package' for CMake config files
[0.511s] Level 1:colcon.colcon_core.shell:create_environment_hook('my_package', 'cmake_prefix_path')
[0.512s] INFO:colcon.colcon_core.shell:Creating environment hook '/home/pk/dev_ws/install/my_package/share/my_package/hook/cmake_prefix_path.ps1'
[0.513s] INFO:colcon.colcon_core.shell:Creating environment descriptor '/home/pk/dev_ws/install/my_package/share/my_package/hook/cmake_prefix_path.dsv'
[0.514s] INFO:colcon.colcon_core.shell:Creating environment hook '/home/pk/dev_ws/install/my_package/share/my_package/hook/cmake_prefix_path.sh'
[0.515s] Level 1:colcon.colcon_core.environment:checking '/home/pk/dev_ws/install/my_package/bin'
[0.516s] Level 1:colcon.colcon_core.environment:checking '/home/pk/dev_ws/install/my_package/lib/pkgconfig/my_package.pc'
[0.516s] Level 1:colcon.colcon_core.environment:checking '/home/pk/dev_ws/install/my_package/lib/python3.8/site-packages'
[0.516s] Level 1:colcon.colcon_core.environment:checking '/home/pk/dev_ws/install/my_package/bin'
[0.517s] INFO:colcon.colcon_core.shell:Creating package script '/home/pk/dev_ws/install/my_package/share/my_package/package.ps1'
[0.519s] INFO:colcon.colcon_core.shell:Creating package descriptor '/home/pk/dev_ws/install/my_package/share/my_package/package.dsv'
[0.520s] INFO:colcon.colcon_core.shell:Creating package script '/home/pk/dev_ws/install/my_package/share/my_package/package.sh'
[0.521s] INFO:colcon.colcon_core.shell:Creating package script '/home/pk/dev_ws/install/my_package/share/my_package/package.bash'
[0.522s] INFO:colcon.colcon_core.shell:Creating package script '/home/pk/dev_ws/install/my_package/share/my_package/package.zsh'
[0.523s] Level 1:colcon.colcon_core.environment:create_file_with_runtime_dependencies(/home/pk/dev_ws/install/my_package/share/colcon-core/packages/my_package)
[0.536s] Level 1:colcon.colcon_core.environment:create_environment_scripts_only(articubot_one)
[0.538s] Level 1:colcon.colcon_core.environment:checking '/home/pk/dev_ws/install/articubot_one' for CMake module files
[0.538s] Level 1:colcon.colcon_core.environment:checking '/home/pk/dev_ws/install/articubot_one' for CMake config files
[0.539s] Level 1:colcon.colcon_core.shell:create_environment_hook('articubot_one', 'cmake_prefix_path')
[0.539s] INFO:colcon.colcon_core.shell:Creating environment hook '/home/pk/dev_ws/install/articubot_one/share/articubot_one/hook/cmake_prefix_path.ps1'
[0.540s] INFO:colcon.colcon_core.shell:Creating environment descriptor '/home/pk/dev_ws/install/articubot_one/share/articubot_one/hook/cmake_prefix_path.dsv'
[0.540s] INFO:colcon.colcon_core.shell:Creating environment hook '/home/pk/dev_ws/install/articubot_one/share/articubot_one/hook/cmake_prefix_path.sh'
[0.541s] Level 1:colcon.colcon_core.environment:checking '/home/pk/dev_ws/install/articubot_one/bin'
[0.541s] Level 1:colcon.colcon_core.environment:checking '/home/pk/dev_ws/install/articubot_one/lib/pkgconfig/articubot_one.pc'
[0.541s] Level 1:colcon.colcon_core.environment:checking '/home/pk/dev_ws/install/articubot_one/lib/python3.8/site-packages'
[0.541s] Level 1:colcon.colcon_core.environment:checking '/home/pk/dev_ws/install/articubot_one/bin'
[0.542s] INFO:colcon.colcon_core.shell:Creating package script '/home/pk/dev_ws/install/articubot_one/share/articubot_one/package.ps1'
[0.543s] INFO:colcon.colcon_core.shell:Creating package descriptor '/home/pk/dev_ws/install/articubot_one/share/articubot_one/package.dsv'
[0.543s] INFO:colcon.colcon_core.shell:Creating package script '/home/pk/dev_ws/install/articubot_one/share/articubot_one/package.sh'
[0.544s] INFO:colcon.colcon_core.shell:Creating package script '/home/pk/dev_ws/install/articubot_one/share/articubot_one/package.bash'
[0.544s] INFO:colcon.colcon_core.shell:Creating package script '/home/pk/dev_ws/install/articubot_one/share/articubot_one/package.zsh'
[0.545s] Level 1:colcon.colcon_core.environment:create_file_with_runtime_dependencies(/home/pk/dev_ws/install/articubot_one/share/colcon-core/packages/articubot_one)
[0.550s] Level 1:colcon.colcon_core.environment:create_environment_scripts_only(my_package)
[0.551s] Level 1:colcon.colcon_core.environment:checking '/home/pk/dev_ws/install/my_package' for CMake module files
[0.552s] Level 1:colcon.colcon_core.environment:checking '/home/pk/dev_ws/install/my_package' for CMake config files
[0.552s] Level 1:colcon.colcon_core.shell:create_environment_hook('my_package', 'cmake_prefix_path')
[0.553s] INFO:colcon.colcon_core.shell:Creating environment hook '/home/pk/dev_ws/install/my_package/share/my_package/hook/cmake_prefix_path.ps1'
[0.553s] INFO:colcon.colcon_core.shell:Creating environment descriptor '/home/pk/dev_ws/install/my_package/share/my_package/hook/cmake_prefix_path.dsv'
[0.554s] INFO:colcon.colcon_core.shell:Creating environment hook '/home/pk/dev_ws/install/my_package/share/my_package/hook/cmake_prefix_path.sh'
[0.555s] Level 1:colcon.colcon_core.environment:checking '/home/pk/dev_ws/install/my_package/bin'
[0.555s] Level 1:colcon.colcon_core.environment:checking '/home/pk/dev_ws/install/my_package/lib/pkgconfig/my_package.pc'
[0.555s] Level 1:colcon.colcon_core.environment:checking '/home/pk/dev_ws/install/my_package/lib/python3.8/site-packages'
[0.556s] Level 1:colcon.colcon_core.environment:checking '/home/pk/dev_ws/install/my_package/bin'
[0.558s] INFO:colcon.colcon_core.shell:Creating package script '/home/pk/dev_ws/install/my_package/share/my_package/package.ps1'
[0.559s] INFO:colcon.colcon_core.shell:Creating package descriptor '/home/pk/dev_ws/install/my_package/share/my_package/package.dsv'
[0.560s] INFO:colcon.colcon_core.shell:Creating package script '/home/pk/dev_ws/install/my_package/share/my_package/package.sh'
[0.561s] INFO:colcon.colcon_core.shell:Creating package script '/home/pk/dev_ws/install/my_package/share/my_package/package.bash'
[0.562s] INFO:colcon.colcon_core.shell:Creating package script '/home/pk/dev_ws/install/my_package/share/my_package/package.zsh'
[0.563s] Level 1:colcon.colcon_core.environment:create_file_with_runtime_dependencies(/home/pk/dev_ws/install/my_package/share/colcon-core/packages/my_package)
[0.564s] DEBUG:colcon.colcon_parallel_executor.executor.parallel:closing loop
[0.566s] DEBUG:colcon.colcon_parallel_executor.executor.parallel:loop closed
[0.567s] DEBUG:colcon.colcon_parallel_executor.executor.parallel:run_until_complete finished with '0'
[0.567s] DEBUG:colcon.colcon_core.event_reactor:joining thread
[0.584s] INFO:colcon.colcon_core.plugin_system:Skipping extension 'colcon_notification.desktop_notification.terminal_notifier': Not used on non-Darwin systems
[0.585s] INFO:colcon.colcon_core.plugin_system:Skipping extension 'colcon_notification.desktop_notification.win32': Not used on non-Windows systems
[0.585s] INFO:colcon.colcon_notification.desktop_notification:Sending desktop notification using 'notify2'
[0.619s] DEBUG:colcon.colcon_core.event_reactor:joined thread
[0.621s] INFO:colcon.colcon_core.shell:Creating prefix script '/home/pk/dev_ws/install/local_setup.ps1'
[0.624s] INFO:colcon.colcon_core.shell:Creating prefix util module '/home/pk/dev_ws/install/_local_setup_util_ps1.py'
[0.626s] INFO:colcon.colcon_core.shell:Creating prefix chain script '/home/pk/dev_ws/install/setup.ps1'
[0.628s] INFO:colcon.colcon_core.shell:Creating prefix script '/home/pk/dev_ws/install/local_setup.sh'
[0.629s] INFO:colcon.colcon_core.shell:Creating prefix util module '/home/pk/dev_ws/install/_local_setup_util_sh.py'
[0.629s] INFO:colcon.colcon_core.shell:Creating prefix chain script '/home/pk/dev_ws/install/setup.sh'
[0.631s] INFO:colcon.colcon_core.shell:Creating prefix script '/home/pk/dev_ws/install/local_setup.bash'
[0.632s] INFO:colcon.colcon_core.shell:Creating prefix chain script '/home/pk/dev_ws/install/setup.bash'
[0.634s] INFO:colcon.colcon_core.shell:Creating prefix script '/home/pk/dev_ws/install/local_setup.zsh'
[0.635s] INFO:colcon.colcon_core.shell:Creating prefix chain script '/home/pk/dev_ws/install/setup.zsh'
