[0.156s] DEBUG:colcon:Command line arguments: ['/usr/bin/colcon', 'build', '--packages-select', 'py_pubsub']
[0.156s] DEBUG:colcon:Parsed command line arguments: Namespace(allow_overriding=[], ament_cmake_args=None, base_paths=['.'], build_base='build', catkin_cmake_args=None, catkin_skip_building_tests=False, cmake_args=None, cmake_clean_cache=False, cmake_clean_first=False, cmake_force_configure=False, cmake_target=None, cmake_target_skip_unavailable=False, continue_on_error=False, event_handlers=None, executor='parallel', ignore_user_meta=False, install_base='install', log_base=None, log_level=None, main=<bound method BuildVerb.main of <colcon_core.verb.build.BuildVerb object at 0x7f15d6f80370>>, merge_install=False, metas=['./colcon.meta'], packages_above=None, packages_above_and_dependencies=None, packages_above_depth=None, packages_end=None, packages_ignore=None, packages_ignore_regex=None, packages_select=['py_pubsub'], packages_select_build_failed=False, packages_select_by_dep=None, packages_select_regex=None, packages_select_test_failures=False, packages_skip=None, packages_skip_build_finished=False, packages_skip_by_dep=None, packages_skip_regex=None, packages_skip_test_passed=False, packages_skip_up_to=None, packages_start=None, packages_up_to=None, packages_up_to_regex=None, parallel_workers=8, paths=None, symlink_install=False, test_result_base=None, verb_extension=<colcon_core.verb.build.BuildVerb object at 0x7f15d6f80370>, verb_name='build', verb_parser=<colcon_defaults.argument_parser.defaults.DefaultArgumentsDecorator object at 0x7f15d6f808b0>)
[0.187s] Level 1:colcon.colcon_core.package_discovery:discover_packages(colcon_meta) check parameters
[0.187s] Level 1:colcon.colcon_core.package_discovery:discover_packages(recursive) check parameters
[0.187s] Level 1:colcon.colcon_core.package_discovery:discover_packages(ignore) check parameters
[0.187s] Level 1:colcon.colcon_core.package_discovery:discover_packages(path) check parameters
[0.187s] Level 1:colcon.colcon_core.package_discovery:discover_packages(colcon_meta) discover
[0.187s] Level 1:colcon.colcon_core.package_discovery:discover_packages(recursive) discover
[0.187s] INFO:colcon.colcon_core.package_discovery:Crawling recursively for packages in '/home/pk/dev_ws'
[0.187s] Level 1:colcon.colcon_core.package_identification:_identify(.) by extensions ['ignore', 'ignore_ament_install']
[0.187s] Level 1:colcon.colcon_core.package_identification:_identify(.) by extension 'ignore'
[0.188s] Level 1:colcon.colcon_core.package_identification:_identify(.) by extension 'ignore_ament_install'
[0.188s] Level 1:colcon.colcon_core.package_identification:_identify(.) by extensions ['colcon_pkg']
[0.188s] Level 1:colcon.colcon_core.package_identification:_identify(.) by extension 'colcon_pkg'
[0.188s] Level 1:colcon.colcon_core.package_identification:_identify(.) by extensions ['colcon_meta']
[0.188s] Level 1:colcon.colcon_core.package_identification:_identify(.) by extension 'colcon_meta'
[0.188s] Level 1:colcon.colcon_core.package_identification:_identify(.) by extensions ['ros']
[0.188s] Level 1:colcon.colcon_core.package_identification:_identify(.) by extension 'ros'
[0.200s] Level 1:colcon.colcon_core.package_identification:_identify(.) by extensions ['cmake', 'python']
[0.200s] Level 1:colcon.colcon_core.package_identification:_identify(.) by extension 'cmake'
[0.200s] Level 1:colcon.colcon_core.package_identification:_identify(.) by extension 'python'
[0.200s] Level 1:colcon.colcon_core.package_identification:_identify(.) by extensions ['python_setup_py']
[0.201s] Level 1:colcon.colcon_core.package_identification:_identify(.) by extension 'python_setup_py'
[0.201s] Level 1:colcon.colcon_core.package_identification:_identify(build) by extensions ['ignore', 'ignore_ament_install']
[0.201s] Level 1:colcon.colcon_core.package_identification:_identify(build) by extension 'ignore'
[0.201s] Level 1:colcon.colcon_core.package_identification:_identify(build) ignored
[0.201s] Level 1:colcon.colcon_core.package_identification:_identify(install) by extensions ['ignore', 'ignore_ament_install']
[0.201s] Level 1:colcon.colcon_core.package_identification:_identify(install) by extension 'ignore'
[0.201s] Level 1:colcon.colcon_core.package_identification:_identify(install) ignored
[0.201s] Level 1:colcon.colcon_core.package_identification:_identify(log) by extensions ['ignore', 'ignore_ament_install']
[0.201s] Level 1:colcon.colcon_core.package_identification:_identify(log) by extension 'ignore'
[0.201s] Level 1:colcon.colcon_core.package_identification:_identify(log) ignored
[0.202s] Level 1:colcon.colcon_core.package_identification:_identify(src) by extensions ['ignore', 'ignore_ament_install']
[0.202s] Level 1:colcon.colcon_core.package_identification:_identify(src) by extension 'ignore'
[0.202s] Level 1:colcon.colcon_core.package_identification:_identify(src) by extension 'ignore_ament_install'
[0.202s] Level 1:colcon.colcon_core.package_identification:_identify(src) by extensions ['colcon_pkg']
[0.202s] Level 1:colcon.colcon_core.package_identification:_identify(src) by extension 'colcon_pkg'
[0.202s] Level 1:colcon.colcon_core.package_identification:_identify(src) by extensions ['colcon_meta']
[0.202s] Level 1:colcon.colcon_core.package_identification:_identify(src) by extension 'colcon_meta'
[0.202s] Level 1:colcon.colcon_core.package_identification:_identify(src) by extensions ['ros']
[0.202s] Level 1:colcon.colcon_core.package_identification:_identify(src) by extension 'ros'
[0.202s] Level 1:colcon.colcon_core.package_identification:_identify(src) by extensions ['cmake', 'python']
[0.202s] Level 1:colcon.colcon_core.package_identification:_identify(src) by extension 'cmake'
[0.202s] Level 1:colcon.colcon_core.package_identification:_identify(src) by extension 'python'
[0.202s] Level 1:colcon.colcon_core.package_identification:_identify(src) by extensions ['python_setup_py']
[0.202s] Level 1:colcon.colcon_core.package_identification:_identify(src) by extension 'python_setup_py'
[0.202s] Level 1:colcon.colcon_core.package_identification:_identify(src/articubot_one) by extensions ['ignore', 'ignore_ament_install']
[0.203s] Level 1:colcon.colcon_core.package_identification:_identify(src/articubot_one) by extension 'ignore'
[0.203s] Level 1:colcon.colcon_core.package_identification:_identify(src/articubot_one) by extension 'ignore_ament_install'
[0.203s] Level 1:colcon.colcon_core.package_identification:_identify(src/articubot_one) by extensions ['colcon_pkg']
[0.203s] Level 1:colcon.colcon_core.package_identification:_identify(src/articubot_one) by extension 'colcon_pkg'
[0.203s] Level 1:colcon.colcon_core.package_identification:_identify(src/articubot_one) by extensions ['colcon_meta']
[0.203s] Level 1:colcon.colcon_core.package_identification:_identify(src/articubot_one) by extension 'colcon_meta'
[0.203s] Level 1:colcon.colcon_core.package_identification:_identify(src/articubot_one) by extensions ['ros']
[0.203s] Level 1:colcon.colcon_core.package_identification:_identify(src/articubot_one) by extension 'ros'
[0.210s] DEBUG:colcon.colcon_core.package_identification:Package 'src/articubot_one' with type 'ros.ament_cmake' and name 'articubot_one'
[0.210s] Level 1:colcon.colcon_core.package_identification:_identify(src/my_package) by extensions ['ignore', 'ignore_ament_install']
[0.210s] Level 1:colcon.colcon_core.package_identification:_identify(src/my_package) by extension 'ignore'
[0.210s] Level 1:colcon.colcon_core.package_identification:_identify(src/my_package) by extension 'ignore_ament_install'
[0.210s] Level 1:colcon.colcon_core.package_identification:_identify(src/my_package) by extensions ['colcon_pkg']
[0.210s] Level 1:colcon.colcon_core.package_identification:_identify(src/my_package) by extension 'colcon_pkg'
[0.210s] Level 1:colcon.colcon_core.package_identification:_identify(src/my_package) by extensions ['colcon_meta']
[0.210s] Level 1:colcon.colcon_core.package_identification:_identify(src/my_package) by extension 'colcon_meta'
[0.210s] Level 1:colcon.colcon_core.package_identification:_identify(src/my_package) by extensions ['ros']
[0.211s] Level 1:colcon.colcon_core.package_identification:_identify(src/my_package) by extension 'ros'
[0.211s] DEBUG:colcon.colcon_core.package_identification:Package 'src/my_package' with type 'ros.ament_cmake' and name 'my_package'
[0.211s] Level 1:colcon.colcon_core.package_identification:_identify(src/py_pubsub) by extensions ['ignore', 'ignore_ament_install']
[0.211s] Level 1:colcon.colcon_core.package_identification:_identify(src/py_pubsub) by extension 'ignore'
[0.212s] Level 1:colcon.colcon_core.package_identification:_identify(src/py_pubsub) by extension 'ignore_ament_install'
[0.212s] Level 1:colcon.colcon_core.package_identification:_identify(src/py_pubsub) by extensions ['colcon_pkg']
[0.212s] Level 1:colcon.colcon_core.package_identification:_identify(src/py_pubsub) by extension 'colcon_pkg'
[0.212s] Level 1:colcon.colcon_core.package_identification:_identify(src/py_pubsub) by extensions ['colcon_meta']
[0.212s] Level 1:colcon.colcon_core.package_identification:_identify(src/py_pubsub) by extension 'colcon_meta'
[0.212s] Level 1:colcon.colcon_core.package_identification:_identify(src/py_pubsub) by extensions ['ros']
[0.212s] Level 1:colcon.colcon_core.package_identification:_identify(src/py_pubsub) by extension 'ros'
[0.212s] DEBUG:colcon.colcon_core.package_identification:Package 'src/py_pubsub' with type 'ros.ament_python' and name 'py_pubsub'
[0.213s] Level 1:colcon.colcon_core.package_discovery:discover_packages(recursive) using defaults
[0.213s] Level 1:colcon.colcon_core.package_discovery:discover_packages(ignore) discover
[0.213s] Level 1:colcon.colcon_core.package_discovery:discover_packages(ignore) using defaults
[0.213s] Level 1:colcon.colcon_core.package_discovery:discover_packages(path) discover
[0.213s] Level 1:colcon.colcon_core.package_discovery:discover_packages(path) using defaults
[0.232s] INFO:colcon.colcon_core.package_selection:Skipping not selected package 'articubot_one' in 'src/articubot_one'
[0.232s] INFO:colcon.colcon_core.package_selection:Skipping not selected package 'my_package' in 'src/my_package'
[0.233s] Level 1:colcon.colcon_core.package_discovery:discover_packages(prefix_path) check parameters
[0.233s] Level 1:colcon.colcon_core.package_discovery:discover_packages(prefix_path) discover
[0.235s] DEBUG:colcon.colcon_installed_package_information.package_discovery:Found 3 installed packages in /home/pk/dev_ws/install
[0.237s] DEBUG:colcon.colcon_installed_package_information.package_discovery:Found 266 installed packages in /opt/ros/foxy
[0.239s] Level 1:colcon.colcon_core.package_discovery:discover_packages(prefix_path) using defaults
[0.338s] Level 5:colcon.colcon_core.verb:set package 'py_pubsub' build argument 'cmake_args' from command line to 'None'
[0.338s] Level 5:colcon.colcon_core.verb:set package 'py_pubsub' build argument 'cmake_target' from command line to 'None'
[0.338s] Level 5:colcon.colcon_core.verb:set package 'py_pubsub' build argument 'cmake_target_skip_unavailable' from command line to 'False'
[0.338s] Level 5:colcon.colcon_core.verb:set package 'py_pubsub' build argument 'cmake_clean_cache' from command line to 'False'
[0.338s] Level 5:colcon.colcon_core.verb:set package 'py_pubsub' build argument 'cmake_clean_first' from command line to 'False'
[0.338s] Level 5:colcon.colcon_core.verb:set package 'py_pubsub' build argument 'cmake_force_configure' from command line to 'False'
[0.338s] Level 5:colcon.colcon_core.verb:set package 'py_pubsub' build argument 'ament_cmake_args' from command line to 'None'
[0.338s] Level 5:colcon.colcon_core.verb:set package 'py_pubsub' build argument 'catkin_cmake_args' from command line to 'None'
[0.338s] Level 5:colcon.colcon_core.verb:set package 'py_pubsub' build argument 'catkin_skip_building_tests' from command line to 'False'
[0.338s] DEBUG:colcon.colcon_core.verb:Building package 'py_pubsub' with the following arguments: {'ament_cmake_args': None, 'build_base': '/home/pk/dev_ws/build/py_pubsub', 'catkin_cmake_args': None, 'catkin_skip_building_tests': False, 'cmake_args': None, 'cmake_clean_cache': False, 'cmake_clean_first': False, 'cmake_force_configure': False, 'cmake_target': None, 'cmake_target_skip_unavailable': False, 'install_base': '/home/pk/dev_ws/install/py_pubsub', 'merge_install': False, 'path': '/home/pk/dev_ws/src/py_pubsub', 'symlink_install': False, 'test_result_base': None}
[0.338s] INFO:colcon.colcon_core.executor:Executing jobs using 'parallel' executor
[0.341s] DEBUG:colcon.colcon_parallel_executor.executor.parallel:run_until_complete
[0.341s] INFO:colcon.colcon_ros.task.ament_python.build:Building ROS package in '/home/pk/dev_ws/src/py_pubsub' with build type 'ament_python'
[0.341s] Level 1:colcon.colcon_core.shell:create_environment_hook('py_pubsub', 'ament_prefix_path')
[0.346s] INFO:colcon.colcon_core.plugin_system:Skipping extension 'colcon_core.shell.bat': Not used on non-Windows systems
[0.346s] INFO:colcon.colcon_core.shell:Creating environment hook '/home/pk/dev_ws/install/py_pubsub/share/py_pubsub/hook/ament_prefix_path.ps1'
[0.347s] INFO:colcon.colcon_core.shell:Creating environment descriptor '/home/pk/dev_ws/install/py_pubsub/share/py_pubsub/hook/ament_prefix_path.dsv'
[0.347s] INFO:colcon.colcon_core.shell:Creating environment hook '/home/pk/dev_ws/install/py_pubsub/share/py_pubsub/hook/ament_prefix_path.sh'
[0.349s] INFO:colcon.colcon_core.shell:Skip shell extension 'powershell' for command environment: Not usable outside of PowerShell
[0.349s] DEBUG:colcon.colcon_core.shell:Skip shell extension 'dsv' for command environment
[0.624s] INFO:colcon.colcon_core.task.python.build:Building Python package in '/home/pk/dev_ws/src/py_pubsub'
[0.625s] INFO:colcon.colcon_core.shell:Skip shell extension 'powershell' for command environment: Not usable outside of PowerShell
[0.625s] DEBUG:colcon.colcon_core.shell:Skip shell extension 'dsv' for command environment
[1.100s] DEBUG:colcon.colcon_core.event_handler.log_command:Invoking command in '/home/pk/dev_ws/src/py_pubsub': PYTHONPATH=/home/pk/dev_ws/install/py_pubsub/lib/python3.8/site-packages:${PYTHONPATH} /usr/bin/python3 setup.py egg_info --egg-base ../../build/py_pubsub build --build-base /home/pk/dev_ws/build/py_pubsub/build install --prefix /home/pk/dev_ws/install/py_pubsub --record /home/pk/dev_ws/build/py_pubsub/install.log --single-version-externally-managed
[1.459s] DEBUG:colcon.colcon_core.event_handler.log_command:Invoked command in '/home/pk/dev_ws/src/py_pubsub' returned '0': PYTHONPATH=/home/pk/dev_ws/install/py_pubsub/lib/python3.8/site-packages:${PYTHONPATH} /usr/bin/python3 setup.py egg_info --egg-base ../../build/py_pubsub build --build-base /home/pk/dev_ws/build/py_pubsub/build install --prefix /home/pk/dev_ws/install/py_pubsub --record /home/pk/dev_ws/build/py_pubsub/install.log --single-version-externally-managed
[1.464s] Level 1:colcon.colcon_core.environment:checking '/home/pk/dev_ws/install/py_pubsub' for CMake module files
[1.464s] Level 1:colcon.colcon_core.environment:checking '/home/pk/dev_ws/install/py_pubsub' for CMake config files
[1.465s] Level 1:colcon.colcon_core.environment:checking '/home/pk/dev_ws/install/py_pubsub/lib'
[1.465s] Level 1:colcon.colcon_core.environment:checking '/home/pk/dev_ws/install/py_pubsub/bin'
[1.465s] Level 1:colcon.colcon_core.environment:checking '/home/pk/dev_ws/install/py_pubsub/lib/pkgconfig/py_pubsub.pc'
[1.466s] Level 1:colcon.colcon_core.environment:checking '/home/pk/dev_ws/install/py_pubsub/lib/python3.8/site-packages'
[1.466s] Level 1:colcon.colcon_core.shell:create_environment_hook('py_pubsub', 'pythonpath')
[1.466s] INFO:colcon.colcon_core.shell:Creating environment hook '/home/pk/dev_ws/install/py_pubsub/share/py_pubsub/hook/pythonpath.ps1'
[1.467s] INFO:colcon.colcon_core.shell:Creating environment descriptor '/home/pk/dev_ws/install/py_pubsub/share/py_pubsub/hook/pythonpath.dsv'
[1.467s] INFO:colcon.colcon_core.shell:Creating environment hook '/home/pk/dev_ws/install/py_pubsub/share/py_pubsub/hook/pythonpath.sh'
[1.468s] Level 1:colcon.colcon_core.environment:checking '/home/pk/dev_ws/install/py_pubsub/bin'
[1.468s] Level 1:colcon.colcon_core.environment:create_environment_scripts_only(py_pubsub)
[1.468s] INFO:colcon.colcon_core.shell:Creating package script '/home/pk/dev_ws/install/py_pubsub/share/py_pubsub/package.ps1'
[1.469s] INFO:colcon.colcon_core.shell:Creating package descriptor '/home/pk/dev_ws/install/py_pubsub/share/py_pubsub/package.dsv'
[1.470s] INFO:colcon.colcon_core.shell:Creating package script '/home/pk/dev_ws/install/py_pubsub/share/py_pubsub/package.sh'
[1.470s] INFO:colcon.colcon_core.shell:Creating package script '/home/pk/dev_ws/install/py_pubsub/share/py_pubsub/package.bash'
[1.471s] INFO:colcon.colcon_core.shell:Creating package script '/home/pk/dev_ws/install/py_pubsub/share/py_pubsub/package.zsh'
[1.472s] Level 1:colcon.colcon_core.environment:create_file_with_runtime_dependencies(/home/pk/dev_ws/install/py_pubsub/share/colcon-core/packages/py_pubsub)
[1.472s] DEBUG:colcon.colcon_parallel_executor.executor.parallel:closing loop
[1.473s] DEBUG:colcon.colcon_parallel_executor.executor.parallel:loop closed
[1.473s] DEBUG:colcon.colcon_parallel_executor.executor.parallel:run_until_complete finished with '0'
[1.473s] DEBUG:colcon.colcon_core.event_reactor:joining thread
[1.479s] INFO:colcon.colcon_core.plugin_system:Skipping extension 'colcon_notification.desktop_notification.terminal_notifier': Not used on non-Darwin systems
[1.480s] INFO:colcon.colcon_core.plugin_system:Skipping extension 'colcon_notification.desktop_notification.win32': Not used on non-Windows systems
[1.480s] INFO:colcon.colcon_notification.desktop_notification:Sending desktop notification using 'notify2'
[1.502s] DEBUG:colcon.colcon_core.event_reactor:joined thread
[1.503s] INFO:colcon.colcon_core.shell:Creating prefix script '/home/pk/dev_ws/install/local_setup.ps1'
[1.504s] INFO:colcon.colcon_core.shell:Creating prefix util module '/home/pk/dev_ws/install/_local_setup_util_ps1.py'
[1.506s] INFO:colcon.colcon_core.shell:Creating prefix chain script '/home/pk/dev_ws/install/setup.ps1'
[1.508s] INFO:colcon.colcon_core.shell:Creating prefix script '/home/pk/dev_ws/install/local_setup.sh'
[1.508s] INFO:colcon.colcon_core.shell:Creating prefix util module '/home/pk/dev_ws/install/_local_setup_util_sh.py'
[1.509s] INFO:colcon.colcon_core.shell:Creating prefix chain script '/home/pk/dev_ws/install/setup.sh'
[1.510s] INFO:colcon.colcon_core.shell:Creating prefix script '/home/pk/dev_ws/install/local_setup.bash'
[1.510s] INFO:colcon.colcon_core.shell:Creating prefix chain script '/home/pk/dev_ws/install/setup.bash'
[1.512s] INFO:colcon.colcon_core.shell:Creating prefix script '/home/pk/dev_ws/install/local_setup.zsh'
[1.512s] INFO:colcon.colcon_core.shell:Creating prefix chain script '/home/pk/dev_ws/install/setup.zsh'
