[0.675s] Invoking command in '/home/pk/dev_ws/src/py_pubsub': PYTHONPATH=/home/pk/dev_ws/install/py_pubsub/lib/python3.8/site-packages:${PYTHONPATH} /usr/bin/python3 setup.py egg_info --egg-base ../../build/py_pubsub build --build-base /home/pk/dev_ws/build/py_pubsub/build install --prefix /home/pk/dev_ws/install/py_pubsub --record /home/pk/dev_ws/build/py_pubsub/install.log --single-version-externally-managed
[0.898s] running egg_info
[0.899s] creating ../../build/py_pubsub/py_pubsub.egg-info
[0.899s] writing ../../build/py_pubsub/py_pubsub.egg-info/PKG-INFO
[0.899s] writing dependency_links to ../../build/py_pubsub/py_pubsub.egg-info/dependency_links.txt
[0.899s] writing entry points to ../../build/py_pubsub/py_pubsub.egg-info/entry_points.txt
[0.899s] writing requirements to ../../build/py_pubsub/py_pubsub.egg-info/requires.txt
[0.900s] writing top-level names to ../../build/py_pubsub/py_pubsub.egg-info/top_level.txt
[0.901s] writing manifest file '../../build/py_pubsub/py_pubsub.egg-info/SOURCES.txt'
[0.949s] reading manifest file '../../build/py_pubsub/py_pubsub.egg-info/SOURCES.txt'
[0.950s] writing manifest file '../../build/py_pubsub/py_pubsub.egg-info/SOURCES.txt'
[0.951s] running build
[0.951s] running build_py
[0.951s] creating /home/pk/dev_ws/build/py_pubsub/build
[0.951s] creating /home/pk/dev_ws/build/py_pubsub/build/lib
[0.951s] creating /home/pk/dev_ws/build/py_pubsub/build/lib/py_pubsub
[0.952s] copying py_pubsub/__init__.py -> /home/pk/dev_ws/build/py_pubsub/build/lib/py_pubsub
[0.952s] copying py_pubsub/subscriber_member_function.py -> /home/pk/dev_ws/build/py_pubsub/build/lib/py_pubsub
[0.952s] copying py_pubsub/publisher_member_function.py -> /home/pk/dev_ws/build/py_pubsub/build/lib/py_pubsub
[0.952s] running install
[0.953s] running install_lib
[0.955s] creating /home/pk/dev_ws/install/py_pubsub/lib/python3.8/site-packages/py_pubsub
[0.956s] copying /home/pk/dev_ws/build/py_pubsub/build/lib/py_pubsub/__init__.py -> /home/pk/dev_ws/install/py_pubsub/lib/python3.8/site-packages/py_pubsub
[0.956s] copying /home/pk/dev_ws/build/py_pubsub/build/lib/py_pubsub/subscriber_member_function.py -> /home/pk/dev_ws/install/py_pubsub/lib/python3.8/site-packages/py_pubsub
[0.956s] copying /home/pk/dev_ws/build/py_pubsub/build/lib/py_pubsub/publisher_member_function.py -> /home/pk/dev_ws/install/py_pubsub/lib/python3.8/site-packages/py_pubsub
[0.956s] byte-compiling /home/pk/dev_ws/install/py_pubsub/lib/python3.8/site-packages/py_pubsub/__init__.py to __init__.cpython-38.pyc
[0.958s] byte-compiling /home/pk/dev_ws/install/py_pubsub/lib/python3.8/site-packages/py_pubsub/subscriber_member_function.py to subscriber_member_function.cpython-38.pyc
[0.958s] byte-compiling /home/pk/dev_ws/install/py_pubsub/lib/python3.8/site-packages/py_pubsub/publisher_member_function.py to publisher_member_function.cpython-38.pyc
[0.959s] running install_data
[0.959s] creating /home/pk/dev_ws/install/py_pubsub/share/ament_index
[0.959s] creating /home/pk/dev_ws/install/py_pubsub/share/ament_index/resource_index
[0.960s] creating /home/pk/dev_ws/install/py_pubsub/share/ament_index/resource_index/packages
[0.960s] copying resource/py_pubsub -> /home/pk/dev_ws/install/py_pubsub/share/ament_index/resource_index/packages
[0.960s] copying package.xml -> /home/pk/dev_ws/install/py_pubsub/share/py_pubsub
[0.960s] running install_egg_info
[0.961s] Copying ../../build/py_pubsub/py_pubsub.egg-info to /home/pk/dev_ws/install/py_pubsub/lib/python3.8/site-packages/py_pubsub-0.0.0-py3.8.egg-info
[0.962s] running install_scripts
[0.982s] Installing listener script to /home/pk/dev_ws/install/py_pubsub/lib/py_pubsub
[0.982s] Installing talker script to /home/pk/dev_ws/install/py_pubsub/lib/py_pubsub
[0.983s] writing list of installed files to '/home/pk/dev_ws/build/py_pubsub/install.log'
[1.006s] Invoked command in '/home/pk/dev_ws/src/py_pubsub' returned '0': PYTHONPATH=/home/pk/dev_ws/install/py_pubsub/lib/python3.8/site-packages:${PYTHONPATH} /usr/bin/python3 setup.py egg_info --egg-base ../../build/py_pubsub build --build-base /home/pk/dev_ws/build/py_pubsub/build install --prefix /home/pk/dev_ws/install/py_pubsub --record /home/pk/dev_ws/build/py_pubsub/install.log --single-version-externally-managed
