[0.792s] Invoking command in '/home/pk/dev_ws/src/py_pubsub': PYTHONPATH=/home/pk/dev_ws/install/py_pubsub/lib/python3.8/site-packages:${PYTHONPATH} /usr/bin/python3 setup.py egg_info --egg-base ../../build/py_pubsub build --build-base /home/pk/dev_ws/build/py_pubsub/build install --prefix /home/pk/dev_ws/install/py_pubsub --record /home/pk/dev_ws/build/py_pubsub/install.log --single-version-externally-managed
[1.026s] running egg_info
[1.027s] writing ../../build/py_pubsub/py_pubsub.egg-info/PKG-INFO
[1.027s] writing dependency_links to ../../build/py_pubsub/py_pubsub.egg-info/dependency_links.txt
[1.027s] writing entry points to ../../build/py_pubsub/py_pubsub.egg-info/entry_points.txt
[1.028s] writing requirements to ../../build/py_pubsub/py_pubsub.egg-info/requires.txt
[1.028s] writing top-level names to ../../build/py_pubsub/py_pubsub.egg-info/top_level.txt
[1.071s] reading manifest file '../../build/py_pubsub/py_pubsub.egg-info/SOURCES.txt'
[1.072s] writing manifest file '../../build/py_pubsub/py_pubsub.egg-info/SOURCES.txt'
[1.072s] running build
[1.072s] running build_py
[1.072s] copying py_pubsub/collision_avoidance.py -> /home/pk/dev_ws/build/py_pubsub/build/lib/py_pubsub
[1.072s] running install
[1.073s] running install_lib
[1.074s] copying /home/pk/dev_ws/build/py_pubsub/build/lib/py_pubsub/collision_avoidance.py -> /home/pk/dev_ws/install/py_pubsub/lib/python3.8/site-packages/py_pubsub
[1.075s] byte-compiling /home/pk/dev_ws/install/py_pubsub/lib/python3.8/site-packages/py_pubsub/collision_avoidance.py to collision_avoidance.cpython-38.pyc
[1.076s] running install_data
[1.077s] running install_egg_info
[1.078s] removing '/home/pk/dev_ws/install/py_pubsub/lib/python3.8/site-packages/py_pubsub-0.0.0-py3.8.egg-info' (and everything under it)
[1.078s] Copying ../../build/py_pubsub/py_pubsub.egg-info to /home/pk/dev_ws/install/py_pubsub/lib/python3.8/site-packages/py_pubsub-0.0.0-py3.8.egg-info
[1.080s] running install_scripts
[1.097s] Installing listener script to /home/pk/dev_ws/install/py_pubsub/lib/py_pubsub
[1.097s] Installing talker script to /home/pk/dev_ws/install/py_pubsub/lib/py_pubsub
[1.097s] writing list of installed files to '/home/pk/dev_ws/build/py_pubsub/install.log'
[1.131s] Invoked command in '/home/pk/dev_ws/src/py_pubsub' returned '0': PYTHONPATH=/home/pk/dev_ws/install/py_pubsub/lib/python3.8/site-packages:${PYTHONPATH} /usr/bin/python3 setup.py egg_info --egg-base ../../build/py_pubsub build --build-base /home/pk/dev_ws/build/py_pubsub/build install --prefix /home/pk/dev_ws/install/py_pubsub --record /home/pk/dev_ws/build/py_pubsub/install.log --single-version-externally-managed
