[0.029s] Invoking command in '/home/pk/dev_ws/build/my_package': CMAKE_PREFIX_PATH=${CMAKE_PREFIX_PATH}:/opt/ros/foxy /usr/bin/cmake --build /home/pk/dev_ws/build/my_package -- -j8 -l8
[0.098s] Invoked command in '/home/pk/dev_ws/build/my_package' returned '0': CMAKE_PREFIX_PATH=${CMAKE_PREFIX_PATH}:/opt/ros/foxy /usr/bin/cmake --build /home/pk/dev_ws/build/my_package -- -j8 -l8
[0.144s] Invoking command in '/home/pk/dev_ws/build/my_package': CMAKE_PREFIX_PATH=${CMAKE_PREFIX_PATH}:/opt/ros/foxy /usr/bin/cmake --install /home/pk/dev_ws/build/my_package
[0.155s] -- Install configuration: ""
[0.155s] -- Execute custom install script
[0.156s] -- Up-to-date symlink: /home/pk/dev_ws/install/my_package/share/ament_index/resource_index/package_run_dependencies/my_package
[0.156s] -- Up-to-date symlink: /home/pk/dev_ws/install/my_package/share/ament_index/resource_index/parent_prefix_path/my_package
[0.156s] -- Up-to-date symlink: /home/pk/dev_ws/install/my_package/share/my_package/environment/ament_prefix_path.sh
[0.157s] -- Up-to-date symlink: /home/pk/dev_ws/install/my_package/share/my_package/environment/ament_prefix_path.dsv
[0.157s] -- Up-to-date symlink: /home/pk/dev_ws/install/my_package/share/my_package/environment/path.sh
[0.157s] -- Up-to-date symlink: /home/pk/dev_ws/install/my_package/share/my_package/environment/path.dsv
[0.157s] -- Up-to-date symlink: /home/pk/dev_ws/install/my_package/share/my_package/local_setup.bash
[0.158s] -- Up-to-date symlink: /home/pk/dev_ws/install/my_package/share/my_package/local_setup.sh
[0.158s] -- Up-to-date symlink: /home/pk/dev_ws/install/my_package/share/my_package/local_setup.zsh
[0.158s] -- Up-to-date symlink: /home/pk/dev_ws/install/my_package/share/my_package/local_setup.dsv
[0.158s] -- Symlinking: /home/pk/dev_ws/install/my_package/share/my_package/package.dsv
[0.168s] -- Up-to-date symlink: /home/pk/dev_ws/install/my_package/share/ament_index/resource_index/packages/my_package
[0.169s] -- Up-to-date symlink: /home/pk/dev_ws/install/my_package/share/my_package/cmake/my_packageConfig.cmake
[0.169s] -- Up-to-date symlink: /home/pk/dev_ws/install/my_package/share/my_package/cmake/my_packageConfig-version.cmake
[0.169s] -- Up-to-date symlink: /home/pk/dev_ws/install/my_package/share/my_package/package.xml
[0.172s] Invoked command in '/home/pk/dev_ws/build/my_package' returned '0': CMAKE_PREFIX_PATH=${CMAKE_PREFIX_PATH}:/opt/ros/foxy /usr/bin/cmake --install /home/pk/dev_ws/build/my_package
