[0.747s] Invoking command in '/home/pk/dev_ws/src/py_pubsub': PYTHONPATH=/home/pk/dev_ws/install/py_pubsub/lib/python3.8/site-packages:${PYTHONPATH} /usr/bin/python3 setup.py egg_info --egg-base ../../build/py_pubsub build --build-base /home/pk/dev_ws/build/py_pubsub/build install --prefix /home/pk/dev_ws/install/py_pubsub --record /home/pk/dev_ws/build/py_pubsub/install.log --single-version-externally-managed
[0.978s] running egg_info
[0.978s] writing ../../build/py_pubsub/py_pubsub.egg-info/PKG-INFO
[0.978s] writing dependency_links to ../../build/py_pubsub/py_pubsub.egg-info/dependency_links.txt
[0.979s] writing entry points to ../../build/py_pubsub/py_pubsub.egg-info/entry_points.txt
[0.979s] writing requirements to ../../build/py_pubsub/py_pubsub.egg-info/requires.txt
[0.979s] writing top-level names to ../../build/py_pubsub/py_pubsub.egg-info/top_level.txt
[1.016s] reading manifest file '../../build/py_pubsub/py_pubsub.egg-info/SOURCES.txt'
[1.017s] writing manifest file '../../build/py_pubsub/py_pubsub.egg-info/SOURCES.txt'
[1.018s] running build
[1.018s] running build_py
[1.018s] running install
[1.019s] running install_lib
[1.021s] running install_data
[1.022s] running install_egg_info
[1.024s] removing '/home/pk/dev_ws/install/py_pubsub/lib/python3.8/site-packages/py_pubsub-0.0.0-py3.8.egg-info' (and everything under it)
[1.024s] Copying ../../build/py_pubsub/py_pubsub.egg-info to /home/pk/dev_ws/install/py_pubsub/lib/python3.8/site-packages/py_pubsub-0.0.0-py3.8.egg-info
[1.025s] running install_scripts
[1.046s] Installing col_av script to /home/pk/dev_ws/install/py_pubsub/lib/py_pubsub
[1.046s] Installing listener script to /home/pk/dev_ws/install/py_pubsub/lib/py_pubsub
[1.046s] Installing talker script to /home/pk/dev_ws/install/py_pubsub/lib/py_pubsub
[1.047s] writing list of installed files to '/home/pk/dev_ws/build/py_pubsub/install.log'
[1.074s] Invoked command in '/home/pk/dev_ws/src/py_pubsub' returned '0': PYTHONPATH=/home/pk/dev_ws/install/py_pubsub/lib/python3.8/site-packages:${PYTHONPATH} /usr/bin/python3 setup.py egg_info --egg-base ../../build/py_pubsub build --build-base /home/pk/dev_ws/build/py_pubsub/build install --prefix /home/pk/dev_ws/install/py_pubsub --record /home/pk/dev_ws/build/py_pubsub/install.log --single-version-externally-managed
